<?xml version="1.0" encoding="UTF-8"?>
<coverage generated="1764240971482" clover="3.2.0">
  <project timestamp="1764240971482" name="All files">
    <metrics statements="2380" coveredstatements="1794" conditionals="2652" coveredconditionals="1436" methods="482" coveredmethods="377" elements="5514" coveredelements="3607" complexity="0" loc="2380" ncloc="2380" packages="9" files="27" classes="27"/>
    <package name="src">
      <metrics statements="2" coveredstatements="2" conditionals="0" coveredconditionals="0" methods="1" coveredmethods="1"/>
      <file name="App.jsx" path="C:\Users\lenov\OneDrive\Documents\Hour-Glass\Frontend\src\App.jsx">
        <metrics statements="2" coveredstatements="2" conditionals="0" coveredconditionals="0" methods="1" coveredmethods="1"/>
        <line num="16" count="1" type="stmt"/>
        <line num="17" count="4" type="stmt"/>
      </file>
    </package>
    <package name="src.components">
      <metrics statements="64" coveredstatements="64" conditionals="29" coveredconditionals="25" methods="13" coveredmethods="12"/>
      <file name="GoogleButton.jsx" path="C:\Users\lenov\OneDrive\Documents\Hour-Glass\Frontend\src\components\GoogleButton.jsx">
        <metrics statements="50" coveredstatements="50" conditionals="23" coveredconditionals="19" methods="5" coveredmethods="4"/>
        <line num="10" count="1" type="stmt"/>
        <line num="11" count="21" type="stmt"/>
        <line num="12" count="21" type="stmt"/>
        <line num="14" count="21" type="stmt"/>
        <line num="15" count="8" type="stmt"/>
        <line num="16" count="8" type="cond" truecount="1" falsecount="1"/>
        <line num="17" count="8" type="stmt"/>
        <line num="19" count="8" type="stmt"/>
        <line num="20" count="8" type="stmt"/>
        <line num="21" count="8" type="stmt"/>
        <line num="22" count="8" type="stmt"/>
        <line num="23" count="8" type="stmt"/>
        <line num="24" count="8" type="stmt"/>
        <line num="26" count="8" type="stmt"/>
        <line num="27" count="8" type="cond" truecount="2" falsecount="0"/>
        <line num="28" count="1" type="stmt"/>
        <line num="29" count="1" type="stmt"/>
        <line num="30" count="1" type="stmt"/>
        <line num="34" count="7" type="stmt"/>
        <line num="36" count="9" type="stmt"/>
        <line num="37" count="9" type="cond" truecount="2" falsecount="0"/>
        <line num="38" count="3" type="stmt"/>
        <line num="41" count="6" type="cond" truecount="4" falsecount="1"/>
        <line num="42" count="6" type="stmt"/>
        <line num="45" count="6" type="stmt"/>
        <line num="48" count="6" type="stmt"/>
        <line num="49" count="6" type="stmt"/>
        <line num="50" count="6" type="stmt"/>
        <line num="52" count="1" type="stmt"/>
        <line num="56" count="6" type="stmt"/>
        <line num="57" count="6" type="stmt"/>
        <line num="58" count="6" type="stmt"/>
        <line num="63" count="5" type="stmt"/>
        <line num="64" count="5" type="cond" truecount="5" falsecount="1"/>
        <line num="65" count="5" type="cond" truecount="2" falsecount="0"/>
        <line num="66" count="5" type="stmt"/>
        <line num="67" count="5" type="stmt"/>
        <line num="68" count="5" type="stmt"/>
        <line num="70" count="1" type="stmt"/>
        <line num="74" count="1" type="stmt"/>
        <line num="77" count="6" type="stmt"/>
        <line num="80" count="6" type="stmt"/>
        <line num="84" count="7" type="stmt"/>
        <line num="87" count="7" type="stmt"/>
        <line num="88" count="1" type="stmt"/>
        <line num="89" count="1" type="cond" truecount="1" falsecount="1"/>
        <line num="90" count="1" type="stmt"/>
        <line num="91" count="1" type="stmt"/>
        <line num="92" count="1" type="stmt"/>
        <line num="100" count="21" type="stmt"/>
      </file>
      <file name="Hero.jsx" path="C:\Users\lenov\OneDrive\Documents\Hour-Glass\Frontend\src\components\Hero.jsx">
        <metrics statements="2" coveredstatements="2" conditionals="0" coveredconditionals="0" methods="1" coveredmethods="1"/>
        <line num="4" count="1" type="stmt"/>
        <line num="5" count="1" type="stmt"/>
      </file>
      <file name="HowItWorks.jsx" path="C:\Users\lenov\OneDrive\Documents\Hour-Glass\Frontend\src\components\HowItWorks.jsx">
        <metrics statements="3" coveredstatements="3" conditionals="0" coveredconditionals="0" methods="2" coveredmethods="2"/>
        <line num="4" count="1" type="stmt"/>
        <line num="11" count="4" type="stmt"/>
        <line num="20" count="12" type="stmt"/>
      </file>
      <file name="Logo.jsx" path="C:\Users\lenov\OneDrive\Documents\Hour-Glass\Frontend\src\components\Logo.jsx">
        <metrics statements="2" coveredstatements="2" conditionals="0" coveredconditionals="0" methods="1" coveredmethods="1"/>
        <line num="4" count="2" type="stmt"/>
        <line num="5" count="6" type="stmt"/>
      </file>
      <file name="MainButton.jsx" path="C:\Users\lenov\OneDrive\Documents\Hour-Glass\Frontend\src\components\MainButton.jsx">
        <metrics statements="2" coveredstatements="2" conditionals="2" coveredconditionals="2" methods="1" coveredmethods="1"/>
        <line num="4" count="1" type="stmt"/>
        <line num="5" count="7" type="stmt"/>
      </file>
      <file name="NavLogo.jsx" path="C:\Users\lenov\OneDrive\Documents\Hour-Glass\Frontend\src\components\NavLogo.jsx">
        <metrics statements="2" coveredstatements="2" conditionals="0" coveredconditionals="0" methods="1" coveredmethods="1"/>
        <line num="4" count="1" type="stmt"/>
        <line num="5" count="1" type="stmt"/>
      </file>
      <file name="Navbar.jsx" path="C:\Users\lenov\OneDrive\Documents\Hour-Glass\Frontend\src\components\Navbar.jsx">
        <metrics statements="3" coveredstatements="3" conditionals="4" coveredconditionals="4" methods="2" coveredmethods="2"/>
        <line num="8" count="7" type="stmt"/>
        <line num="10" count="7" type="stmt"/>
        <line num="34" count="3" type="stmt"/>
      </file>
    </package>
    <package name="src.config">
      <metrics statements="7" coveredstatements="6" conditionals="12" coveredconditionals="11" methods="1" coveredmethods="1"/>
      <file name="api.js" path="C:\Users\lenov\OneDrive\Documents\Hour-Glass\Frontend\src\config\api.js">
        <metrics statements="1" coveredstatements="1" conditionals="4" coveredconditionals="3" methods="0" coveredmethods="0"/>
        <line num="3" count="2" type="cond" truecount="2" falsecount="0"/>
      </file>
      <file name="fetcher.js" path="C:\Users\lenov\OneDrive\Documents\Hour-Glass\Frontend\src\config\fetcher.js">
        <metrics statements="6" coveredstatements="5" conditionals="8" coveredconditionals="8" methods="1" coveredmethods="1"/>
        <line num="3" count="56" type="stmt"/>
        <line num="4" count="56" type="cond" truecount="5" falsecount="0"/>
        <line num="5" count="56" type="stmt"/>
        <line num="6" count="56" type="cond" truecount="2" falsecount="0"/>
        <line num="7" count="56" type="stmt"/>
        <line num="9" count="0" type="stmt"/>
      </file>
    </package>
    <package name="src.pages">
      <metrics statements="1400" coveredstatements="1057" conditionals="1595" coveredconditionals="829" methods="308" coveredmethods="237"/>
      <file name="ArchivePage.jsx" path="C:\Users\lenov\OneDrive\Documents\Hour-Glass\Frontend\src\pages\ArchivePage.jsx">
        <metrics statements="99" coveredstatements="77" conditionals="94" coveredconditionals="56" methods="27" coveredmethods="22"/>
        <line num="10" count="1" type="stmt"/>
        <line num="12" count="15" type="stmt"/>
        <line num="13" count="15" type="stmt"/>
        <line num="14" count="15" type="stmt"/>
        <line num="15" count="15" type="stmt"/>
        <line num="16" count="15" type="stmt"/>
        <line num="19" count="15" type="stmt"/>
        <line num="20" count="6" type="stmt"/>
        <line num="21" count="6" type="stmt"/>
        <line num="22" count="6" type="stmt"/>
        <line num="23" count="6" type="stmt"/>
        <line num="24" count="6" type="stmt"/>
        <line num="25" count="6" type="cond" truecount="1" falsecount="1"/>
        <line num="26" count="6" type="cond" truecount="5" falsecount="0"/>
        <line num="27" count="1" type="stmt"/>
        <line num="28" count="1" type="stmt"/>
        <line num="29" count="1" type="stmt"/>
        <line num="31" count="5" type="stmt"/>
        <line num="34" count="0" type="stmt"/>
        <line num="35" count="0" type="stmt"/>
        <line num="36" count="0" type="stmt"/>
        <line num="39" count="6" type="stmt"/>
        <line num="43" count="15" type="stmt"/>
        <line num="44" count="6" type="stmt"/>
        <line num="45" count="6" type="stmt"/>
        <line num="46" count="6" type="stmt"/>
        <line num="47" count="6" type="cond" truecount="1" falsecount="1"/>
        <line num="48" count="6" type="stmt"/>
        <line num="49" count="24" type="cond" truecount="1" falsecount="1"/>
        <line num="59" count="0" type="stmt"/>
        <line num="60" count="0" type="cond" truecount="0" falsecount="2"/>
        <line num="63" count="6" type="stmt"/>
        <line num="67" count="15" type="stmt"/>
        <line num="68" count="16" type="stmt"/>
        <line num="69" count="16" type="cond" truecount="1" falsecount="1"/>
        <line num="70" count="16" type="stmt"/>
        <line num="71" count="32" type="cond" truecount="4" falsecount="0"/>
        <line num="72" count="30" type="cond" truecount="2" falsecount="4"/>
        <line num="74" count="0" type="cond" truecount="0" falsecount="2"/>
        <line num="75" count="0" type="cond" truecount="0" falsecount="2"/>
        <line num="76" count="0" type="cond" truecount="0" falsecount="2"/>
        <line num="79" count="16" type="stmt"/>
        <line num="80" count="16" type="stmt"/>
        <line num="81" count="16" type="cond" truecount="2" falsecount="2"/>
        <line num="82" count="16" type="stmt"/>
        <line num="85" count="15" type="stmt"/>
        <line num="86" count="17" type="cond" truecount="4" falsecount="0"/>
        <line num="87" count="2" type="stmt"/>
        <line num="89" count="15" type="stmt"/>
        <line num="90" count="15" type="stmt"/>
        <line num="91" count="31" type="stmt"/>
        <line num="92" count="15" type="stmt"/>
        <line num="96" count="15" type="stmt"/>
        <line num="97" count="36" type="stmt"/>
        <line num="98" count="36" type="cond" truecount="2" falsecount="0"/>
        <line num="101" count="15" type="stmt"/>
        <line num="102" count="15" type="cond" truecount="2" falsecount="0"/>
        <line num="103" count="15" type="cond" truecount="2" falsecount="0"/>
        <line num="104" count="1" type="stmt"/>
        <line num="105" count="2" type="cond" truecount="1" falsecount="1"/>
        <line num="106" count="2" type="cond" truecount="1" falsecount="1"/>
        <line num="107" count="2" type="cond" truecount="4" falsecount="0"/>
        <line num="108" count="2" type="stmt"/>
        <line num="109" count="2" type="cond" truecount="1" falsecount="1"/>
        <line num="110" count="1" type="stmt"/>
        <line num="114" count="15" type="stmt"/>
        <line num="122" count="0" type="stmt"/>
        <line num="148" count="2" type="stmt"/>
        <line num="159" count="0" type="stmt"/>
        <line num="177" count="17" type="stmt"/>
        <line num="188" count="0" type="cond" truecount="0" falsecount="2"/>
        <line num="201" count="1" type="stmt"/>
        <line num="202" count="1" type="stmt"/>
        <line num="203" count="1" type="stmt"/>
        <line num="204" count="1" type="stmt"/>
        <line num="205" count="1" type="cond" truecount="1" falsecount="1"/>
        <line num="206" count="0" type="stmt"/>
        <line num="207" count="0" type="stmt"/>
        <line num="209" count="1" type="stmt"/>
        <line num="215" count="1" type="cond" truecount="1" falsecount="1"/>
        <line num="216" count="1" type="stmt"/>
        <line num="217" count="1" type="stmt"/>
        <line num="219" count="0" type="stmt"/>
        <line num="220" count="0" type="stmt"/>
        <line num="221" count="0" type="stmt"/>
        <line num="224" count="0" type="stmt"/>
        <line num="225" count="0" type="stmt"/>
        <line num="245" count="1" type="stmt"/>
        <line num="246" count="1" type="stmt"/>
        <line num="247" count="1" type="cond" truecount="1" falsecount="1"/>
        <line num="248" count="1" type="stmt"/>
        <line num="250" count="1" type="stmt"/>
        <line num="251" count="1" type="cond" truecount="1" falsecount="1"/>
        <line num="252" count="1" type="stmt"/>
        <line num="253" count="4" type="cond" truecount="1" falsecount="1"/>
        <line num="263" count="0" type="stmt"/>
        <line num="264" count="0" type="stmt"/>
        <line num="265" count="0" type="stmt"/>
        <line num="267" count="0" type="stmt"/>
      </file>
      <file name="BinPage.jsx" path="C:\Users\lenov\OneDrive\Documents\Hour-Glass\Frontend\src\pages\BinPage.jsx">
        <metrics statements="82" coveredstatements="69" conditionals="72" coveredconditionals="52" methods="23" coveredmethods="18"/>
        <line num="13" count="1" type="stmt"/>
        <line num="14" count="21" type="stmt"/>
        <line num="15" count="21" type="stmt"/>
        <line num="16" count="21" type="stmt"/>
        <line num="17" count="21" type="stmt"/>
        <line num="20" count="21" type="stmt"/>
        <line num="21" count="8" type="stmt"/>
        <line num="22" count="8" type="stmt"/>
        <line num="23" count="8" type="stmt"/>
        <line num="24" count="8" type="stmt"/>
        <line num="25" count="8" type="stmt"/>
        <line num="26" count="8" type="cond" truecount="1" falsecount="1"/>
        <line num="27" count="8" type="cond" truecount="5" falsecount="0"/>
        <line num="28" count="2" type="stmt"/>
        <line num="29" count="2" type="stmt"/>
        <line num="30" count="2" type="stmt"/>
        <line num="33" count="0" type="stmt"/>
        <line num="34" count="0" type="stmt"/>
        <line num="35" count="0" type="stmt"/>
        <line num="38" count="8" type="stmt"/>
        <line num="41" count="21" type="stmt"/>
        <line num="42" count="8" type="stmt"/>
        <line num="47" count="10" type="stmt"/>
        <line num="48" count="10" type="stmt"/>
        <line num="49" count="9" type="cond" truecount="1" falsecount="1"/>
        <line num="50" count="9" type="stmt"/>
        <line num="51" count="36" type="cond" truecount="1" falsecount="1"/>
        <line num="60" count="1" type="stmt"/>
        <line num="61" count="1" type="stmt"/>
        <line num="62" count="1" type="stmt"/>
        <line num="63" count="1" type="cond" truecount="1" falsecount="1"/>
        <line num="65" count="0" type="stmt"/>
        <line num="66" count="0" type="stmt"/>
        <line num="72" count="21" type="stmt"/>
        <line num="73" count="49" type="cond" truecount="7" falsecount="0"/>
        <line num="78" count="21" type="stmt"/>
        <line num="79" count="8" type="cond" truecount="3" falsecount="1"/>
        <line num="85" count="21" type="stmt"/>
        <line num="86" count="4" type="stmt"/>
        <line num="87" count="4" type="cond" truecount="1" falsecount="1"/>
        <line num="88" count="4" type="stmt"/>
        <line num="89" count="4" type="cond" truecount="3" falsecount="1"/>
        <line num="90" count="4" type="stmt"/>
        <line num="91" count="4" type="cond" truecount="1" falsecount="1"/>
        <line num="92" count="4" type="cond" truecount="1" falsecount="1"/>
        <line num="93" count="4" type="cond" truecount="1" falsecount="1"/>
        <line num="94" count="4" type="cond" truecount="1" falsecount="1"/>
        <line num="95" count="0" type="stmt"/>
        <line num="98" count="4" type="cond" truecount="1" falsecount="1"/>
        <line num="99" count="4" type="cond" truecount="1" falsecount="1"/>
        <line num="100" count="4" type="stmt"/>
        <line num="104" count="21" type="stmt"/>
        <line num="105" count="21" type="cond" truecount="2" falsecount="0"/>
        <line num="106" count="21" type="cond" truecount="2" falsecount="0"/>
        <line num="107" count="2" type="stmt"/>
        <line num="108" count="6" type="cond" truecount="1" falsecount="1"/>
        <line num="109" count="6" type="cond" truecount="1" falsecount="1"/>
        <line num="110" count="6" type="cond" truecount="4" falsecount="0"/>
        <line num="111" count="12" type="stmt"/>
        <line num="112" count="12" type="cond" truecount="1" falsecount="1"/>
        <line num="113" count="4" type="stmt"/>
        <line num="117" count="21" type="stmt"/>
        <line num="125" count="0" type="stmt"/>
        <line num="151" count="3" type="stmt"/>
        <line num="162" count="0" type="stmt"/>
        <line num="180" count="33" type="stmt"/>
        <line num="191" count="0" type="stmt"/>
        <line num="204" count="2" type="stmt"/>
        <line num="205" count="2" type="stmt"/>
        <line num="206" count="2" type="cond" truecount="2" falsecount="0"/>
        <line num="207" count="1" type="stmt"/>
        <line num="209" count="1" type="stmt"/>
        <line num="210" count="1" type="stmt"/>
        <line num="212" count="0" type="stmt"/>
        <line num="221" count="2" type="cond" truecount="2" falsecount="0"/>
        <line num="222" count="1" type="stmt"/>
        <line num="223" count="1" type="stmt"/>
        <line num="224" count="1" type="cond" truecount="1" falsecount="1"/>
        <line num="225" count="1" type="stmt"/>
        <line num="227" count="0" type="stmt"/>
        <line num="228" count="0" type="stmt"/>
        <line num="230" count="0" type="stmt"/>
      </file>
      <file name="EmployeeDashboard.jsx" path="C:\Users\lenov\OneDrive\Documents\Hour-Glass\Frontend\src\pages\EmployeeDashboard.jsx">
        <metrics statements="84" coveredstatements="83" conditionals="107" coveredconditionals="85" methods="16" coveredmethods="14"/>
        <line num="7" count="1" type="stmt"/>
        <line num="8" count="22" type="stmt"/>
        <line num="9" count="22" type="stmt"/>
        <line num="10" count="22" type="stmt"/>
        <line num="11" count="22" type="stmt"/>
        <line num="13" count="22" type="stmt"/>
        <line num="14" count="22" type="stmt"/>
        <line num="15" count="22" type="stmt"/>
        <line num="16" count="22" type="stmt"/>
        <line num="18" count="22" type="stmt"/>
        <line num="19" count="8" type="cond" truecount="2" falsecount="0"/>
        <line num="20" count="7" type="stmt"/>
        <line num="22" count="7" type="stmt"/>
        <line num="23" count="2" type="stmt"/>
        <line num="24" count="2" type="cond" truecount="1" falsecount="1"/>
        <line num="25" count="2" type="cond" truecount="1" falsecount="1"/>
        <line num="27" count="1" type="stmt"/>
        <line num="28" count="1" type="stmt"/>
        <line num="32" count="7" type="stmt"/>
        <line num="33" count="3" type="cond" truecount="3" falsecount="1"/>
        <line num="34" count="3" type="cond" truecount="2" falsecount="0"/>
        <line num="35" count="3" type="cond" truecount="2" falsecount="0"/>
        <line num="36" count="4" type="cond" truecount="2" falsecount="0"/>
        <line num="37" count="2" type="cond" truecount="3" falsecount="1"/>
        <line num="40" count="7" type="stmt"/>
        <line num="41" count="7" type="stmt"/>
        <line num="42" count="7" type="stmt"/>
        <line num="44" count="7" type="stmt"/>
        <line num="49" count="6" type="stmt"/>
        <line num="50" count="6" type="cond" truecount="6" falsecount="1"/>
        <line num="52" count="6" type="stmt"/>
        <line num="54" count="6" type="cond" truecount="2" falsecount="0"/>
        <line num="55" count="1" type="cond" truecount="1" falsecount="2"/>
        <line num="56" count="1" type="stmt"/>
        <line num="57" count="1" type="stmt"/>
        <line num="61" count="5" type="cond" truecount="2" falsecount="0"/>
        <line num="62" count="3" type="cond" truecount="3" falsecount="1"/>
        <line num="63" count="3" type="cond" truecount="1" falsecount="1"/>
        <line num="64" count="3" type="stmt"/>
        <line num="68" count="2" type="cond" truecount="1" falsecount="1"/>
        <line num="69" count="2" type="cond" truecount="1" falsecount="1"/>
        <line num="70" count="2" type="stmt"/>
        <line num="74" count="0" type="cond" truecount="0" falsecount="2"/>
        <line num="76" count="1" type="stmt"/>
        <line num="77" count="1" type="stmt"/>
        <line num="78" count="1" type="stmt"/>
        <line num="80" count="7" type="cond" truecount="1" falsecount="1"/>
        <line num="84" count="7" type="stmt"/>
        <line num="85" count="7" type="stmt"/>
        <line num="89" count="22" type="stmt"/>
        <line num="90" count="15" type="stmt"/>
        <line num="91" count="15" type="stmt"/>
        <line num="92" count="15" type="stmt"/>
        <line num="94" count="15" type="cond" truecount="1" falsecount="1"/>
        <line num="95" count="3" type="cond" truecount="4" falsecount="0"/>
        <line num="96" count="3" type="cond" truecount="1" falsecount="1"/>
        <line num="97" count="3" type="stmt"/>
        <line num="98" count="4" type="cond" truecount="2" falsecount="1"/>
        <line num="99" count="4" type="cond" truecount="1" falsecount="2"/>
        <line num="100" count="4" type="stmt"/>
        <line num="101" count="4" type="cond" truecount="3" falsecount="0"/>
        <line num="102" count="4" type="cond" truecount="1" falsecount="1"/>
        <line num="103" count="4" type="stmt"/>
        <line num="104" count="4" type="cond" truecount="1" falsecount="1"/>
        <line num="105" count="4" type="stmt"/>
        <line num="116" count="4" type="stmt"/>
        <line num="119" count="4" type="stmt"/>
        <line num="120" count="4" type="cond" truecount="4" falsecount="0"/>
        <line num="121" count="1" type="cond" truecount="2" falsecount="0"/>
        <line num="122" count="2" type="stmt"/>
        <line num="125" count="4" type="cond" truecount="1" falsecount="1"/>
        <line num="126" count="4" type="stmt"/>
        <line num="127" count="4" type="stmt"/>
        <line num="132" count="15" type="stmt"/>
        <line num="135" count="22" type="stmt"/>
        <line num="136" count="92" type="stmt"/>
        <line num="137" count="92" type="stmt"/>
        <line num="140" count="22" type="cond" truecount="2" falsecount="0"/>
        <line num="141" count="1" type="stmt"/>
        <line num="150" count="21" type="stmt"/>
        <line num="191" count="4" type="stmt"/>
        <line num="201" count="4" type="stmt"/>
        <line num="213" count="4" type="stmt"/>
        <line num="221" count="4" type="stmt"/>
      </file>
      <file name="ForgotPasswordPage.jsx" path="C:\Users\lenov\OneDrive\Documents\Hour-Glass\Frontend\src\pages\ForgotPasswordPage.jsx">
        <metrics statements="70" coveredstatements="66" conditionals="50" coveredconditionals="47" methods="12" coveredmethods="12"/>
        <line num="8" count="1" type="stmt"/>
        <line num="10" count="73" type="stmt"/>
        <line num="11" count="73" type="stmt"/>
        <line num="12" count="73" type="stmt"/>
        <line num="13" count="73" type="stmt"/>
        <line num="14" count="73" type="stmt"/>
        <line num="15" count="73" type="stmt"/>
        <line num="16" count="73" type="stmt"/>
        <line num="17" count="73" type="stmt"/>
        <line num="18" count="73" type="stmt"/>
        <line num="19" count="73" type="stmt"/>
        <line num="22" count="73" type="stmt"/>
        <line num="23" count="11" type="stmt"/>
        <line num="24" count="11" type="stmt"/>
        <line num="25" count="11" type="cond" truecount="2" falsecount="0"/>
        <line num="26" count="10" type="stmt"/>
        <line num="27" count="10" type="stmt"/>
        <line num="28" count="10" type="stmt"/>
        <line num="29" count="10" type="stmt"/>
        <line num="30" count="10" type="stmt"/>
        <line num="35" count="10" type="stmt"/>
        <line num="36" count="10" type="stmt"/>
        <line num="37" count="10" type="stmt"/>
        <line num="38" count="10" type="cond" truecount="2" falsecount="0"/>
        <line num="39" count="9" type="stmt"/>
        <line num="40" count="9" type="stmt"/>
        <line num="42" count="1" type="cond" truecount="1" falsecount="1"/>
        <line num="45" count="0" type="stmt"/>
        <line num="46" count="0" type="stmt"/>
        <line num="48" count="10" type="stmt"/>
        <line num="52" count="73" type="stmt"/>
        <line num="53" count="73" type="stmt"/>
        <line num="54" count="35" type="cond" truecount="1" falsecount="1"/>
        <line num="55" count="0" type="stmt"/>
        <line num="56" count="0" type="stmt"/>
        <line num="58" count="35" type="cond" truecount="2" falsecount="0"/>
        <line num="59" count="16" type="stmt"/>
        <line num="60" count="1" type="stmt"/>
        <line num="63" count="35" type="stmt"/>
        <line num="64" count="35" type="cond" truecount="2" falsecount="0"/>
        <line num="65" count="16" type="stmt"/>
        <line num="66" count="16" type="stmt"/>
        <line num="72" count="73" type="stmt"/>
        <line num="73" count="7" type="stmt"/>
        <line num="74" count="7" type="stmt"/>
        <line num="75" count="7" type="cond" truecount="2" falsecount="0"/>
        <line num="76" count="6" type="stmt"/>
        <line num="77" count="6" type="stmt"/>
        <line num="81" count="73" type="stmt"/>
        <line num="82" count="5" type="stmt"/>
        <line num="83" count="5" type="stmt"/>
        <line num="84" count="5" type="cond" truecount="4" falsecount="0"/>
        <line num="85" count="1" type="stmt"/>
        <line num="87" count="4" type="cond" truecount="2" falsecount="0"/>
        <line num="88" count="1" type="stmt"/>
        <line num="90" count="3" type="stmt"/>
        <line num="91" count="3" type="stmt"/>
        <line num="92" count="3" type="stmt"/>
        <line num="97" count="2" type="stmt"/>
        <line num="98" count="2" type="cond" truecount="2" falsecount="0"/>
        <line num="99" count="1" type="stmt"/>
        <line num="100" count="1" type="stmt"/>
        <line num="102" count="1" type="cond" truecount="1" falsecount="1"/>
        <line num="105" count="1" type="stmt"/>
        <line num="107" count="3" type="stmt"/>
        <line num="111" count="73" type="stmt"/>
        <line num="150" count="10" type="stmt"/>
        <line num="169" count="6" type="stmt"/>
        <line num="203" count="4" type="stmt"/>
        <line num="219" count="4" type="stmt"/>
      </file>
      <file name="HomePage.jsx" path="C:\Users\lenov\OneDrive\Documents\Hour-Glass\Frontend\src\pages\HomePage.jsx">
        <metrics statements="1" coveredstatements="1" conditionals="0" coveredconditionals="0" methods="1" coveredmethods="1"/>
        <line num="7" count="2" type="stmt"/>
      </file>
      <file name="LoginPage.jsx" path="C:\Users\lenov\OneDrive\Documents\Hour-Glass\Frontend\src\pages\LoginPage.jsx">
        <metrics statements="27" coveredstatements="27" conditionals="16" coveredconditionals="12" methods="5" coveredmethods="5"/>
        <line num="10" count="1" type="stmt"/>
        <line num="12" count="25" type="stmt"/>
        <line num="13" count="25" type="stmt"/>
        <line num="14" count="25" type="stmt"/>
        <line num="15" count="25" type="stmt"/>
        <line num="16" count="25" type="stmt"/>
        <line num="17" count="25" type="stmt"/>
        <line num="19" count="25" type="stmt"/>
        <line num="20" count="4" type="stmt"/>
        <line num="21" count="4" type="stmt"/>
        <line num="22" count="4" type="stmt"/>
        <line num="23" count="4" type="stmt"/>
        <line num="24" count="4" type="stmt"/>
        <line num="30" count="3" type="stmt"/>
        <line num="31" count="3" type="cond" truecount="2" falsecount="0"/>
        <line num="32" count="2" type="cond" truecount="2" falsecount="0"/>
        <line num="33" count="2" type="cond" truecount="1" falsecount="1"/>
        <line num="34" count="2" type="cond" truecount="1" falsecount="1"/>
        <line num="35" count="2" type="stmt"/>
        <line num="37" count="1" type="cond" truecount="1" falsecount="1"/>
        <line num="40" count="1" type="stmt"/>
        <line num="41" count="1" type="cond" truecount="1" falsecount="1"/>
        <line num="43" count="4" type="stmt"/>
        <line num="47" count="25" type="stmt"/>
        <line num="95" count="5" type="stmt"/>
        <line num="111" count="5" type="stmt"/>
        <line num="123" count="1" type="stmt"/>
      </file>
      <file name="ManagerDashboard.jsx" path="C:\Users\lenov\OneDrive\Documents\Hour-Glass\Frontend\src\pages\ManagerDashboard.jsx">
        <metrics statements="364" coveredstatements="256" conditionals="384" coveredconditionals="177" methods="102" coveredmethods="70"/>
        <line num="12" count="1" type="stmt"/>
        <line num="15" count="53" type="stmt"/>
        <line num="16" count="11" type="stmt"/>
        <line num="17" count="11" type="stmt"/>
        <line num="18" count="11" type="stmt"/>
        <line num="19" count="11" type="cond" truecount="2" falsecount="0"/>
        <line num="21" count="10" type="stmt"/>
        <line num="22" count="10" type="stmt"/>
        <line num="24" count="10" type="stmt"/>
        <line num="25" count="10" type="stmt"/>
        <line num="32" count="53" type="stmt"/>
        <line num="33" count="53" type="stmt"/>
        <line num="34" count="53" type="stmt"/>
        <line num="35" count="53" type="stmt"/>
        <line num="36" count="53" type="stmt"/>
        <line num="37" count="53" type="stmt"/>
        <line num="38" count="53" type="stmt"/>
        <line num="39" count="53" type="stmt"/>
        <line num="40" count="53" type="stmt"/>
        <line num="41" count="53" type="stmt"/>
        <line num="42" count="53" type="stmt"/>
        <line num="43" count="53" type="stmt"/>
        <line num="44" count="53" type="stmt"/>
        <line num="45" count="53" type="stmt"/>
        <line num="46" count="53" type="stmt"/>
        <line num="47" count="2" type="cond" truecount="2" falsecount="0"/>
        <line num="48" count="2" type="stmt"/>
        <line num="49" count="2" type="stmt"/>
        <line num="50" count="2" type="stmt"/>
        <line num="51" count="2" type="stmt"/>
        <line num="52" count="2" type="cond" truecount="3" falsecount="1"/>
        <line num="53" count="1" type="stmt"/>
        <line num="54" count="0" type="stmt"/>
        <line num="55" count="2" type="stmt"/>
        <line num="56" count="2" type="stmt"/>
        <line num="57" count="2" type="stmt"/>
        <line num="58" count="2" type="cond" truecount="2" falsecount="2"/>
        <line num="59" count="0" type="cond" truecount="0" falsecount="2"/>
        <line num="61" count="0" type="stmt"/>
        <line num="62" count="0" type="stmt"/>
        <line num="63" count="0" type="stmt"/>
        <line num="65" count="2" type="stmt"/>
        <line num="68" count="53" type="stmt"/>
        <line num="69" count="2" type="stmt"/>
        <line num="70" count="2" type="cond" truecount="0" falsecount="9"/>
        <line num="71" count="2" type="cond" truecount="1" falsecount="1"/>
        <line num="72" count="2" type="stmt"/>
        <line num="74" count="2" type="stmt"/>
        <line num="76" count="53" type="stmt"/>
        <line num="77" count="1" type="stmt"/>
        <line num="79" count="53" type="stmt"/>
        <line num="80" count="1" type="stmt"/>
        <line num="81" count="1" type="stmt"/>
        <line num="82" count="1" type="stmt"/>
        <line num="83" count="1" type="cond" truecount="1" falsecount="1"/>
        <line num="84" count="0" type="stmt"/>
        <line num="85" count="0" type="stmt"/>
        <line num="86" count="0" type="stmt"/>
        <line num="88" count="1" type="stmt"/>
        <line num="89" count="1" type="cond" truecount="1" falsecount="1"/>
        <line num="90" count="1" type="cond" truecount="1" falsecount="1"/>
        <line num="91" count="1" type="stmt"/>
        <line num="92" count="1" type="stmt"/>
        <line num="95" count="53" type="stmt"/>
        <line num="96" count="1" type="cond" truecount="1" falsecount="3"/>
        <line num="97" count="1" type="stmt"/>
        <line num="98" count="1" type="stmt"/>
        <line num="99" count="1" type="stmt"/>
        <line num="100" count="1" type="stmt"/>
        <line num="101" count="1" type="stmt"/>
        <line num="102" count="1" type="stmt"/>
        <line num="103" count="1" type="stmt"/>
        <line num="105" count="53" type="stmt"/>
        <line num="106" count="53" type="stmt"/>
        <line num="107" count="53" type="stmt"/>
        <line num="108" count="53" type="stmt"/>
        <line num="109" count="53" type="stmt"/>
        <line num="110" count="53" type="stmt"/>
        <line num="111" count="11" type="stmt"/>
        <line num="112" count="11" type="cond" truecount="1" falsecount="1"/>
        <line num="113" count="11" type="cond" truecount="1" falsecount="1"/>
        <line num="115" count="0" type="stmt"/>
        <line num="118" count="53" type="stmt"/>
        <line num="119" count="53" type="stmt"/>
        <line num="120" count="53" type="stmt"/>
        <line num="121" count="53" type="stmt"/>
        <line num="124" count="53" type="stmt"/>
        <line num="125" count="1" type="stmt"/>
        <line num="126" count="1" type="stmt"/>
        <line num="127" count="1" type="stmt"/>
        <line num="130" count="1" type="stmt"/>
        <line num="131" count="1" type="cond" truecount="1" falsecount="1"/>
        <line num="132" count="1" type="cond" truecount="2" falsecount="0"/>
        <line num="134" count="1" type="stmt"/>
        <line num="136" count="1" type="stmt"/>
        <line num="137" count="1" type="stmt"/>
        <line num="139" count="0" type="cond" truecount="0" falsecount="3"/>
        <line num="142" count="0" type="cond" truecount="0" falsecount="4"/>
        <line num="144" count="1" type="stmt"/>
        <line num="148" count="53" type="stmt"/>
        <line num="149" count="0" type="stmt"/>
        <line num="150" count="0" type="cond" truecount="0" falsecount="2"/>
        <line num="151" count="0" type="cond" truecount="0" falsecount="2"/>
        <line num="152" count="0" type="cond" truecount="0" falsecount="7"/>
        <line num="154" count="0" type="cond" truecount="0" falsecount="2"/>
        <line num="155" count="0" type="cond" truecount="0" falsecount="4"/>
        <line num="159" count="53" type="stmt"/>
        <line num="160" count="22" type="cond" truecount="4" falsecount="3"/>
        <line num="161" count="22" type="cond" truecount="1" falsecount="1"/>
        <line num="162" count="0" type="stmt"/>
        <line num="163" count="0" type="stmt"/>
        <line num="165" count="22" type="stmt"/>
        <line num="166" count="22" type="stmt"/>
        <line num="167" count="22" type="stmt"/>
        <line num="168" count="22" type="stmt"/>
        <line num="169" count="22" type="cond" truecount="1" falsecount="1"/>
        <line num="170" count="0" type="stmt"/>
        <line num="171" count="0" type="stmt"/>
        <line num="173" count="22" type="stmt"/>
        <line num="174" count="22" type="cond" truecount="1" falsecount="1"/>
        <line num="175" count="22" type="cond" truecount="1" falsecount="1"/>
        <line num="177" count="0" type="stmt"/>
        <line num="178" count="0" type="stmt"/>
        <line num="183" count="53" type="stmt"/>
        <line num="184" count="20" type="cond" truecount="1" falsecount="1"/>
        <line num="185" count="0" type="stmt"/>
        <line num="186" count="0" type="stmt"/>
        <line num="188" count="20" type="cond" truecount="1" falsecount="1"/>
        <line num="189" count="20" type="stmt"/>
        <line num="190" count="20" type="stmt"/>
        <line num="191" count="20" type="stmt"/>
        <line num="192" count="20" type="stmt"/>
        <line num="193" count="20" type="cond" truecount="1" falsecount="1"/>
        <line num="196" count="53" type="stmt"/>
        <line num="197" count="53" type="stmt"/>
        <line num="198" count="53" type="stmt"/>
        <line num="199" count="53" type="stmt"/>
        <line num="200" count="11" type="stmt"/>
        <line num="201" count="11" type="cond" truecount="1" falsecount="1"/>
        <line num="202" count="11" type="cond" truecount="1" falsecount="1"/>
        <line num="204" count="0" type="stmt"/>
        <line num="207" count="53" type="stmt"/>
        <line num="208" count="20" type="cond" truecount="1" falsecount="1"/>
        <line num="209" count="20" type="stmt"/>
        <line num="211" count="53" type="cond" truecount="1" falsecount="1"/>
        <line num="212" count="53" type="stmt"/>
        <line num="213" count="11" type="stmt"/>
        <line num="214" count="11" type="stmt"/>
        <line num="215" count="11" type="stmt"/>
        <line num="217" count="11" type="stmt"/>
        <line num="218" count="11" type="stmt"/>
        <line num="219" count="11" type="stmt"/>
        <line num="224" count="11" type="stmt"/>
        <line num="225" count="11" type="cond" truecount="5" falsecount="0"/>
        <line num="227" count="1" type="cond" truecount="1" falsecount="1"/>
        <line num="228" count="1" type="stmt"/>
        <line num="229" count="1" type="stmt"/>
        <line num="230" count="1" type="cond" truecount="0" falsecount="2"/>
        <line num="231" count="1" type="stmt"/>
        <line num="233" count="0" type="stmt"/>
        <line num="234" count="0" type="stmt"/>
        <line num="235" count="0" type="cond" truecount="0" falsecount="2"/>
        <line num="237" count="10" type="stmt"/>
        <line num="238" count="10" type="stmt"/>
        <line num="240" count="10" type="stmt"/>
        <line num="241" count="10" type="stmt"/>
        <line num="242" count="10" type="stmt"/>
        <line num="244" count="0" type="stmt"/>
        <line num="249" count="0" type="cond" truecount="0" falsecount="2"/>
        <line num="250" count="0" type="stmt"/>
        <line num="251" count="0" type="stmt"/>
        <line num="252" count="0" type="cond" truecount="0" falsecount="2"/>
        <line num="253" count="0" type="stmt"/>
        <line num="255" count="0" type="stmt"/>
        <line num="256" count="0" type="stmt"/>
        <line num="257" count="0" type="cond" truecount="0" falsecount="2"/>
        <line num="260" count="11" type="stmt"/>
        <line num="261" count="11" type="stmt"/>
        <line num="265" count="53" type="stmt"/>
        <line num="267" count="0" type="cond" truecount="0" falsecount="2"/>
        <line num="268" count="0" type="cond" truecount="0" falsecount="4"/>
        <line num="269" count="0" type="cond" truecount="0" falsecount="4"/>
        <line num="270" count="0" type="stmt"/>
        <line num="273" count="0" type="cond" truecount="0" falsecount="2"/>
        <line num="275" count="15" type="stmt"/>
        <line num="276" count="15" type="stmt"/>
        <line num="277" count="15" type="stmt"/>
        <line num="278" count="15" type="stmt"/>
        <line num="279" count="15" type="stmt"/>
        <line num="282" count="53" type="stmt"/>
        <line num="283" count="23" type="stmt"/>
        <line num="284" count="23" type="stmt"/>
        <line num="287" count="53" type="stmt"/>
        <line num="288" count="22" type="stmt"/>
        <line num="292" count="0" type="cond" truecount="2" falsecount="11"/>
        <line num="300" count="53" type="stmt"/>
        <line num="301" count="12" type="stmt"/>
        <line num="302" count="12" type="stmt"/>
        <line num="303" count="12" type="cond" truecount="1" falsecount="1"/>
        <line num="304" count="0" type="stmt"/>
        <line num="306" count="12" type="stmt"/>
        <line num="307" count="12" type="cond" truecount="1" falsecount="1"/>
        <line num="309" count="0" type="stmt"/>
        <line num="310" count="0" type="stmt"/>
        <line num="311" count="0" type="stmt"/>
        <line num="314" count="53" type="stmt"/>
        <line num="315" count="11" type="stmt"/>
        <line num="317" count="53" type="stmt"/>
        <line num="318" count="4" type="stmt"/>
        <line num="319" count="4" type="stmt"/>
        <line num="321" count="53" type="stmt"/>
        <line num="322" count="2" type="stmt"/>
        <line num="323" count="2" type="stmt"/>
        <line num="324" count="2" type="cond" truecount="1" falsecount="1"/>
        <line num="325" count="0" type="stmt"/>
        <line num="326" count="0" type="stmt"/>
        <line num="328" count="2" type="cond" truecount="2" falsecount="0"/>
        <line num="329" count="1" type="stmt"/>
        <line num="330" count="1" type="stmt"/>
        <line num="332" count="2" type="stmt"/>
        <line num="333" count="1" type="cond" truecount="1" falsecount="1"/>
        <line num="334" count="0" type="stmt"/>
        <line num="335" count="0" type="stmt"/>
        <line num="337" count="1" type="stmt"/>
        <line num="338" count="1" type="stmt"/>
        <line num="339" count="1" type="stmt"/>
        <line num="345" count="1" type="cond" truecount="1" falsecount="1"/>
        <line num="346" count="1" type="stmt"/>
        <line num="347" count="1" type="cond" truecount="1" falsecount="1"/>
        <line num="348" count="1" type="cond" truecount="2" falsecount="7"/>
        <line num="349" count="1" type="stmt"/>
        <line num="362" count="1" type="stmt"/>
        <line num="363" count="1" type="stmt"/>
        <line num="364" count="1" type="stmt"/>
        <line num="365" count="1" type="stmt"/>
        <line num="367" count="1" type="stmt"/>
        <line num="368" count="1" type="stmt"/>
        <line num="369" count="1" type="stmt"/>
        <line num="372" count="1" type="stmt"/>
        <line num="373" count="1" type="cond" truecount="5" falsecount="1"/>
        <line num="374" count="1" type="stmt"/>
        <line num="375" count="1" type="stmt"/>
        <line num="376" count="1" type="cond" truecount="1" falsecount="3"/>
        <line num="377" count="0" type="cond" truecount="0" falsecount="2"/>
        <line num="378" count="0" type="stmt"/>
        <line num="379" count="0" type="stmt"/>
        <line num="380" count="1" type="stmt"/>
        <line num="381" count="1" type="stmt"/>
        <line num="388" count="0" type="stmt"/>
        <line num="394" count="0" type="stmt"/>
        <line num="395" count="0" type="cond" truecount="0" falsecount="3"/>
        <line num="396" count="0" type="stmt"/>
        <line num="397" count="0" type="stmt"/>
        <line num="400" count="0" type="stmt"/>
        <line num="401" count="0" type="stmt"/>
        <line num="402" count="0" type="stmt"/>
        <line num="409" count="53" type="stmt"/>
        <line num="433" count="1" type="cond" truecount="1" falsecount="1"/>
        <line num="456" count="0" type="stmt"/>
        <line num="467" count="2" type="stmt"/>
        <line num="484" count="2" type="stmt"/>
        <line num="503" count="1" type="stmt"/>
        <line num="511" count="1" type="stmt"/>
        <line num="512" count="1" type="stmt"/>
        <line num="517" count="0" type="stmt"/>
        <line num="518" count="1" type="stmt"/>
        <line num="519" count="1" type="stmt"/>
        <line num="520" count="1" type="stmt"/>
        <line num="521" count="1" type="stmt"/>
        <line num="538" count="0" type="stmt"/>
        <line num="546" count="0" type="stmt"/>
        <line num="547" count="0" type="stmt"/>
        <line num="562" count="55" type="cond" truecount="7" falsecount="2"/>
        <line num="565" count="55" type="cond" truecount="5" falsecount="2"/>
        <line num="567" count="55" type="stmt"/>
        <line num="568" count="55" type="stmt"/>
        <line num="573" count="0" type="stmt"/>
        <line num="574" count="0" type="stmt"/>
        <line num="575" count="0" type="stmt"/>
        <line num="576" count="0" type="stmt"/>
        <line num="577" count="0" type="cond" truecount="0" falsecount="2"/>
        <line num="598" count="55" type="cond" truecount="6" falsecount="7"/>
        <line num="601" count="0" type="cond" truecount="0" falsecount="11"/>
        <line num="603" count="0" type="stmt"/>
        <line num="604" count="0" type="stmt"/>
        <line num="609" count="0" type="stmt"/>
        <line num="610" count="0" type="stmt"/>
        <line num="611" count="0" type="stmt"/>
        <line num="612" count="0" type="stmt"/>
        <line num="613" count="0" type="cond" truecount="0" falsecount="2"/>
        <line num="634" count="0" type="stmt"/>
        <line num="642" count="0" type="stmt"/>
        <line num="656" count="0" type="stmt"/>
        <line num="671" count="0" type="stmt"/>
        <line num="687" count="0" type="stmt"/>
        <line num="721" count="1" type="stmt"/>
        <line num="722" count="1" type="stmt"/>
        <line num="723" count="1" type="cond" truecount="1" falsecount="1"/>
        <line num="724" count="0" type="stmt"/>
        <line num="725" count="0" type="stmt"/>
        <line num="726" count="0" type="stmt"/>
        <line num="727" count="0" type="stmt"/>
        <line num="728" count="0" type="stmt"/>
        <line num="735" count="1" type="stmt"/>
        <line num="758" count="1" type="stmt"/>
        <line num="759" count="1" type="stmt"/>
        <line num="768" count="0" type="stmt"/>
        <line num="769" count="0" type="stmt"/>
        <line num="786" count="1" type="stmt"/>
        <line num="787" count="1" type="stmt"/>
        <line num="788" count="1" type="stmt"/>
        <line num="789" count="1" type="stmt"/>
        <line num="790" count="1" type="stmt"/>
        <line num="805" count="2" type="stmt"/>
        <line num="818" count="1" type="stmt"/>
        <line num="830" count="1" type="stmt"/>
        <line num="840" count="2" type="cond" truecount="1" falsecount="2"/>
        <line num="848" count="1" type="stmt"/>
        <line num="862" count="1" type="stmt"/>
        <line num="875" count="0" type="stmt"/>
        <line num="878" count="0" type="stmt"/>
        <line num="885" count="1" type="stmt"/>
        <line num="912" count="1" type="cond" truecount="1" falsecount="2"/>
        <line num="917" count="1" type="stmt"/>
        <line num="933" count="1" type="cond" truecount="1" falsecount="2"/>
        <line num="935" count="1" type="stmt"/>
        <line num="974" count="1" type="cond" truecount="1" falsecount="1"/>
        <line num="975" count="1" type="stmt"/>
        <line num="976" count="1" type="stmt"/>
        <line num="977" count="1" type="stmt"/>
        <line num="978" count="1" type="stmt"/>
        <line num="979" count="1" type="stmt"/>
        <line num="980" count="1" type="stmt"/>
        <line num="981" count="1" type="cond" truecount="3" falsecount="1"/>
        <line num="982" count="1" type="stmt"/>
        <line num="983" count="1" type="cond" truecount="1" falsecount="1"/>
        <line num="984" count="0" type="stmt"/>
        <line num="985" count="0" type="cond" truecount="0" falsecount="2"/>
        <line num="987" count="1" type="stmt"/>
        <line num="988" count="1" type="cond" truecount="1" falsecount="1"/>
        <line num="990" count="0" type="stmt"/>
        <line num="992" count="1" type="stmt"/>
        <line num="993" count="1" type="stmt"/>
        <line num="994" count="1" type="stmt"/>
        <line num="995" count="1" type="stmt"/>
        <line num="1005" count="0" type="stmt"/>
        <line num="1006" count="0" type="stmt"/>
        <line num="1021" count="27" type="stmt"/>
        <line num="1022" count="55" type="cond" truecount="2" falsecount="0"/>
        <line num="1023" count="55" type="stmt"/>
        <line num="1024" count="27" type="cond" truecount="1" falsecount="1"/>
        <line num="1027" count="54" type="stmt"/>
        <line num="1028" count="54" type="stmt"/>
        <line num="1029" count="54" type="stmt"/>
        <line num="1036" count="1" type="cond" truecount="1" falsecount="1"/>
        <line num="1037" count="1" type="stmt"/>
        <line num="1039" count="0" type="stmt"/>
        <line num="1050" count="0" type="stmt"/>
        <line num="1051" count="0" type="stmt"/>
        <line num="1052" count="0" type="stmt"/>
        <line num="1053" count="0" type="stmt"/>
        <line num="1054" count="0" type="cond" truecount="0" falsecount="2"/>
        <line num="1071" count="0" type="stmt"/>
        <line num="1072" count="0" type="cond" truecount="0" falsecount="2"/>
      </file>
      <file name="ProfilePage.jsx" path="C:\Users\lenov\OneDrive\Documents\Hour-Glass\Frontend\src\pages\ProfilePage.jsx">
        <metrics statements="28" coveredstatements="28" conditionals="20" coveredconditionals="14" methods="6" coveredmethods="6"/>
        <line num="8" count="1" type="stmt"/>
        <line num="9" count="15" type="stmt"/>
        <line num="10" count="15" type="stmt"/>
        <line num="11" count="15" type="stmt"/>
        <line num="14" count="15" type="stmt"/>
        <line num="15" count="8" type="stmt"/>
        <line num="16" count="8" type="stmt"/>
        <line num="17" count="8" type="stmt"/>
        <line num="18" count="8" type="stmt"/>
        <line num="23" count="5" type="stmt"/>
        <line num="24" count="5" type="cond" truecount="1" falsecount="1"/>
        <line num="25" count="5" type="cond" truecount="5" falsecount="0"/>
        <line num="27" count="2" type="stmt"/>
        <line num="28" count="2" type="stmt"/>
        <line num="29" count="2" type="stmt"/>
        <line num="30" count="2" type="stmt"/>
        <line num="32" count="3" type="stmt"/>
        <line num="34" count="2" type="stmt"/>
        <line num="36" count="2" type="stmt"/>
        <line num="37" count="2" type="stmt"/>
        <line num="38" count="2" type="stmt"/>
        <line num="40" count="7" type="cond" truecount="1" falsecount="1"/>
        <line num="43" count="8" type="stmt"/>
        <line num="47" count="15" type="cond" truecount="2" falsecount="0"/>
        <line num="52" count="7" type="cond" truecount="2" falsecount="0"/>
        <line num="54" count="3" type="stmt"/>
        <line num="61" count="1" type="stmt"/>
        <line num="98" count="1" type="stmt"/>
      </file>
      <file name="ProjectPage.jsx" path="C:\Users\lenov\OneDrive\Documents\Hour-Glass\Frontend\src\pages\ProjectPage.jsx">
        <metrics statements="551" coveredstatements="368" conditionals="791" coveredconditionals="332" methods="102" coveredmethods="76"/>
        <line num="13" count="1" type="cond" truecount="3" falsecount="1"/>
        <line num="16" count="0" type="stmt"/>
        <line num="17" count="0" type="stmt"/>
        <line num="18" count="0" type="stmt"/>
        <line num="19" count="0" type="cond" truecount="0" falsecount="4"/>
        <line num="20" count="0" type="stmt"/>
        <line num="21" count="0" type="stmt"/>
        <line num="23" count="0" type="stmt"/>
        <line num="24" count="0" type="stmt"/>
        <line num="25" count="0" type="cond" truecount="0" falsecount="5"/>
        <line num="26" count="0" type="cond" truecount="0" falsecount="4"/>
        <line num="27" count="0" type="stmt"/>
        <line num="28" count="0" type="stmt"/>
        <line num="31" count="0" type="cond" truecount="0" falsecount="4"/>
        <line num="34" count="0" type="cond" truecount="0" falsecount="6"/>
        <line num="35" count="0" type="stmt"/>
        <line num="37" count="0" type="stmt"/>
        <line num="38" count="0" type="stmt"/>
        <line num="40" count="0" type="stmt"/>
        <line num="45" count="1" type="stmt"/>
        <line num="46" count="1" type="stmt"/>
        <line num="47" count="1" type="stmt"/>
        <line num="48" count="1" type="cond" truecount="1" falsecount="1"/>
        <line num="49" count="0" type="stmt"/>
        <line num="50" count="0" type="stmt"/>
        <line num="52" count="1" type="stmt"/>
        <line num="53" count="1" type="cond" truecount="1" falsecount="1"/>
        <line num="54" count="1" type="stmt"/>
        <line num="55" count="1" type="stmt"/>
        <line num="57" count="1" type="cond" truecount="1" falsecount="1"/>
        <line num="58" count="1" type="stmt"/>
        <line num="59" count="1" type="stmt"/>
        <line num="61" count="1" type="stmt"/>
        <line num="63" count="0" type="stmt"/>
        <line num="68" count="1" type="stmt"/>
        <line num="70" count="34" type="cond" truecount="1" falsecount="0"/>
        <line num="71" count="23" type="stmt"/>
        <line num="72" count="23" type="cond" truecount="2" falsecount="3"/>
        <line num="73" count="23" type="stmt"/>
        <line num="74" count="23" type="cond" truecount="1" falsecount="1"/>
        <line num="75" count="23" type="stmt"/>
        <line num="76" count="0" type="stmt"/>
        <line num="79" count="34" type="stmt"/>
        <line num="80" count="34" type="stmt"/>
        <line num="81" count="34" type="stmt"/>
        <line num="82" count="10" type="stmt"/>
        <line num="83" count="10" type="stmt"/>
        <line num="84" count="10" type="stmt"/>
        <line num="85" count="10" type="stmt"/>
        <line num="86" count="10" type="stmt"/>
        <line num="87" count="10" type="cond" truecount="1" falsecount="1"/>
        <line num="88" count="10" type="cond" truecount="5" falsecount="0"/>
        <line num="89" count="1" type="stmt"/>
        <line num="90" count="1" type="stmt"/>
        <line num="91" count="1" type="stmt"/>
        <line num="93" count="9" type="stmt"/>
        <line num="96" count="0" type="stmt"/>
        <line num="97" count="0" type="stmt"/>
        <line num="98" count="0" type="stmt"/>
        <line num="101" count="10" type="stmt"/>
        <line num="103" count="34" type="stmt"/>
        <line num="104" count="34" type="cond" truecount="1" falsecount="1"/>
        <line num="105" count="34" type="stmt"/>
        <line num="106" count="34" type="stmt"/>
        <line num="107" count="10" type="stmt"/>
        <line num="108" count="10" type="cond" truecount="1" falsecount="1"/>
        <line num="109" count="10" type="cond" truecount="1" falsecount="1"/>
        <line num="111" count="0" type="stmt"/>
        <line num="114" count="34" type="cond" truecount="1" falsecount="4"/>
        <line num="115" count="34" type="stmt"/>
        <line num="116" count="34" type="stmt"/>
        <line num="117" count="34" type="stmt"/>
        <line num="118" count="34" type="stmt"/>
        <line num="119" count="34" type="stmt"/>
        <line num="120" count="34" type="stmt"/>
        <line num="121" count="34" type="stmt"/>
        <line num="122" count="34" type="stmt"/>
        <line num="123" count="34" type="stmt"/>
        <line num="124" count="34" type="cond" truecount="1" falsecount="1"/>
        <line num="125" count="34" type="stmt"/>
        <line num="126" count="34" type="stmt"/>
        <line num="127" count="34" type="stmt"/>
        <line num="128" count="34" type="cond" truecount="1" falsecount="1"/>
        <line num="129" count="34" type="stmt"/>
        <line num="130" count="34" type="stmt"/>
        <line num="131" count="34" type="stmt"/>
        <line num="132" count="34" type="stmt"/>
        <line num="133" count="34" type="stmt"/>
        <line num="134" count="34" type="stmt"/>
        <line num="135" count="34" type="cond" truecount="2" falsecount="0"/>
        <line num="136" count="34" type="stmt"/>
        <line num="137" count="34" type="stmt"/>
        <line num="138" count="34" type="cond" truecount="2" falsecount="2"/>
        <line num="139" count="34" type="stmt"/>
        <line num="140" count="2" type="stmt"/>
        <line num="141" count="2" type="stmt"/>
        <line num="142" count="2" type="stmt"/>
        <line num="143" count="2" type="stmt"/>
        <line num="144" count="2" type="cond" truecount="1" falsecount="1"/>
        <line num="146" count="34" type="stmt"/>
        <line num="147" count="11" type="cond" truecount="2" falsecount="0"/>
        <line num="148" count="1" type="stmt"/>
        <line num="149" count="1" type="stmt"/>
        <line num="151" count="34" type="stmt"/>
        <line num="152" count="1" type="cond" truecount="1" falsecount="1"/>
        <line num="153" count="1" type="stmt"/>
        <line num="155" count="34" type="stmt"/>
        <line num="156" count="1" type="cond" truecount="3" falsecount="1"/>
        <line num="157" count="1" type="cond" truecount="1" falsecount="1"/>
        <line num="159" count="1" type="cond" truecount="1" falsecount="1"/>
        <line num="160" count="1" type="cond" truecount="3" falsecount="4"/>
        <line num="165" count="1" type="cond" truecount="1" falsecount="1"/>
        <line num="166" count="0" type="stmt"/>
        <line num="167" count="0" type="stmt"/>
        <line num="168" count="0" type="stmt"/>
        <line num="171" count="1" type="stmt"/>
        <line num="172" count="1" type="stmt"/>
        <line num="173" count="1" type="stmt"/>
        <line num="174" count="1" type="cond" truecount="1" falsecount="1"/>
        <line num="175" count="1" type="cond" truecount="1" falsecount="1"/>
        <line num="176" count="1" type="cond" truecount="1" falsecount="1"/>
        <line num="177" count="1" type="stmt"/>
        <line num="178" count="1" type="cond" truecount="1" falsecount="1"/>
        <line num="179" count="1" type="stmt"/>
        <line num="180" count="1" type="cond" truecount="2" falsecount="0"/>
        <line num="181" count="1" type="stmt"/>
        <line num="182" count="1" type="stmt"/>
        <line num="183" count="1" type="stmt"/>
        <line num="184" count="1" type="stmt"/>
        <line num="186" count="1" type="stmt"/>
        <line num="190" count="1" type="stmt"/>
        <line num="192" count="1" type="stmt"/>
        <line num="193" count="1" type="stmt"/>
        <line num="195" count="34" type="stmt"/>
        <line num="196" count="0" type="cond" truecount="0" falsecount="2"/>
        <line num="197" count="0" type="cond" truecount="0" falsecount="2"/>
        <line num="198" count="0" type="cond" truecount="0" falsecount="2"/>
        <line num="199" count="0" type="stmt"/>
        <line num="200" count="0" type="cond" truecount="0" falsecount="2"/>
        <line num="201" count="0" type="stmt"/>
        <line num="202" count="0" type="stmt"/>
        <line num="203" count="0" type="cond" truecount="0" falsecount="6"/>
        <line num="204" count="0" type="cond" truecount="0" falsecount="2"/>
        <line num="205" count="0" type="cond" truecount="0" falsecount="2"/>
        <line num="206" count="0" type="cond" truecount="0" falsecount="2"/>
        <line num="207" count="0" type="cond" truecount="0" falsecount="2"/>
        <line num="208" count="0" type="cond" truecount="0" falsecount="2"/>
        <line num="209" count="0" type="stmt"/>
        <line num="211" count="0" type="cond" truecount="0" falsecount="2"/>
        <line num="213" count="0" type="cond" truecount="0" falsecount="2"/>
        <line num="214" count="0" type="cond" truecount="0" falsecount="7"/>
        <line num="219" count="0" type="cond" truecount="0" falsecount="2"/>
        <line num="220" count="0" type="stmt"/>
        <line num="221" count="0" type="stmt"/>
        <line num="224" count="0" type="cond" truecount="0" falsecount="5"/>
        <line num="225" count="0" type="stmt"/>
        <line num="227" count="0" type="cond" truecount="0" falsecount="3"/>
        <line num="228" count="0" type="stmt"/>
        <line num="229" count="0" type="stmt"/>
        <line num="232" count="0" type="cond" truecount="0" falsecount="4"/>
        <line num="233" count="0" type="cond" truecount="0" falsecount="2"/>
        <line num="234" count="0" type="cond" truecount="0" falsecount="4"/>
        <line num="235" count="0" type="stmt"/>
        <line num="236" count="0" type="cond" truecount="0" falsecount="2"/>
        <line num="237" count="0" type="cond" truecount="0" falsecount="4"/>
        <line num="238" count="0" type="stmt"/>
        <line num="244" count="0" type="cond" truecount="0" falsecount="2"/>
        <line num="245" count="0" type="stmt"/>
        <line num="246" count="0" type="stmt"/>
        <line num="247" count="0" type="stmt"/>
        <line num="248" count="0" type="stmt"/>
        <line num="249" count="0" type="stmt"/>
        <line num="250" count="0" type="stmt"/>
        <line num="252" count="0" type="stmt"/>
        <line num="256" count="0" type="stmt"/>
        <line num="261" count="0" type="stmt"/>
        <line num="263" count="34" type="stmt"/>
        <line num="264" count="2" type="cond" truecount="1" falsecount="1"/>
        <line num="265" count="2" type="cond" truecount="1" falsecount="1"/>
        <line num="267" count="2" type="cond" truecount="3" falsecount="1"/>
        <line num="268" count="2" type="cond" truecount="1" falsecount="2"/>
        <line num="269" count="2" type="cond" truecount="2" falsecount="0"/>
        <line num="270" count="1" type="stmt"/>
        <line num="271" count="1" type="stmt"/>
        <line num="273" count="1" type="stmt"/>
        <line num="274" count="1" type="stmt"/>
        <line num="275" count="1" type="cond" truecount="1" falsecount="1"/>
        <line num="276" count="2" type="cond" truecount="1" falsecount="1"/>
        <line num="277" count="2" type="cond" truecount="4" falsecount="1"/>
        <line num="278" count="0" type="stmt"/>
        <line num="279" count="0" type="stmt"/>
        <line num="280" count="0" type="stmt"/>
        <line num="282" count="1" type="cond" truecount="3" falsecount="1"/>
        <line num="283" count="1" type="stmt"/>
        <line num="290" count="1" type="stmt"/>
        <line num="293" count="1" type="stmt"/>
        <line num="294" count="1" type="cond" truecount="1" falsecount="1"/>
        <line num="295" count="1" type="cond" truecount="1" falsecount="1"/>
        <line num="296" count="1" type="cond" truecount="3" falsecount="1"/>
        <line num="297" count="1" type="cond" truecount="1" falsecount="1"/>
        <line num="298" count="1" type="cond" truecount="1" falsecount="1"/>
        <line num="299" count="1" type="stmt"/>
        <line num="300" count="1" type="cond" truecount="1" falsecount="1"/>
        <line num="301" count="1" type="cond" truecount="2" falsecount="4"/>
        <line num="302" count="0" type="stmt"/>
        <line num="304" count="1" type="cond" truecount="1" falsecount="7"/>
        <line num="305" count="1" type="cond" truecount="1" falsecount="1"/>
        <line num="306" count="1" type="stmt"/>
        <line num="307" count="1" type="cond" truecount="1" falsecount="1"/>
        <line num="308" count="1" type="cond" truecount="2" falsecount="4"/>
        <line num="309" count="0" type="stmt"/>
        <line num="311" count="1" type="cond" truecount="1" falsecount="1"/>
        <line num="313" count="1" type="stmt"/>
        <line num="324" count="1" type="stmt"/>
        <line num="325" count="1" type="stmt"/>
        <line num="326" count="1" type="stmt"/>
        <line num="327" count="1" type="cond" truecount="1" falsecount="1"/>
        <line num="328" count="1" type="stmt"/>
        <line num="329" count="1" type="stmt"/>
        <line num="331" count="1" type="stmt"/>
        <line num="332" count="1" type="stmt"/>
        <line num="334" count="0" type="stmt"/>
        <line num="335" count="0" type="cond" truecount="0" falsecount="3"/>
        <line num="338" count="0" type="stmt"/>
        <line num="339" count="0" type="stmt"/>
        <line num="340" count="0" type="cond" truecount="0" falsecount="2"/>
        <line num="341" count="0" type="cond" truecount="0" falsecount="2"/>
        <line num="342" count="0" type="stmt"/>
        <line num="351" count="0" type="stmt"/>
        <line num="352" count="0" type="stmt"/>
        <line num="353" count="0" type="stmt"/>
        <line num="354" count="0" type="stmt"/>
        <line num="356" count="0" type="stmt"/>
        <line num="357" count="0" type="stmt"/>
        <line num="360" count="0" type="stmt"/>
        <line num="361" count="0" type="stmt"/>
        <line num="362" count="1" type="stmt"/>
        <line num="364" count="34" type="cond" truecount="2" falsecount="0"/>
        <line num="365" count="34" type="cond" truecount="2" falsecount="0"/>
        <line num="366" count="34" type="cond" truecount="5" falsecount="0"/>
        <line num="367" count="2" type="stmt"/>
        <line num="368" count="2" type="cond" truecount="2" falsecount="4"/>
        <line num="369" count="0" type="stmt"/>
        <line num="370" count="0" type="stmt"/>
        <line num="373" count="34" type="stmt"/>
        <line num="374" count="10" type="stmt"/>
        <line num="375" count="10" type="stmt"/>
        <line num="376" count="10" type="cond" truecount="1" falsecount="1"/>
        <line num="377" count="10" type="stmt"/>
        <line num="378" count="10" type="cond" truecount="5" falsecount="1"/>
        <line num="379" count="0" type="stmt"/>
        <line num="380" count="10" type="cond" truecount="2" falsecount="0"/>
        <line num="381" count="9" type="stmt"/>
        <line num="382" count="9" type="stmt"/>
        <line num="383" count="9" type="cond" truecount="1" falsecount="1"/>
        <line num="384" count="9" type="cond" truecount="1" falsecount="1"/>
        <line num="385" count="9" type="stmt"/>
        <line num="386" count="8" type="cond" truecount="1" falsecount="1"/>
        <line num="387" count="9" type="stmt"/>
        <line num="388" count="8" type="cond" truecount="1" falsecount="1"/>
        <line num="389" count="8" type="cond" truecount="2" falsecount="4"/>
        <line num="390" count="0" type="stmt"/>
        <line num="392" count="9" type="cond" truecount="1" falsecount="5"/>
        <line num="393" count="9" type="cond" truecount="2" falsecount="0"/>
        <line num="394" count="8" type="stmt"/>
        <line num="395" count="8" type="cond" truecount="1" falsecount="1"/>
        <line num="396" count="8" type="cond" truecount="1" falsecount="1"/>
        <line num="397" count="8" type="cond" truecount="1" falsecount="3"/>
        <line num="399" count="0" type="stmt"/>
        <line num="401" count="8" type="cond" truecount="1" falsecount="1"/>
        <line num="403" count="8" type="stmt"/>
        <line num="414" count="9" type="stmt"/>
        <line num="415" count="9" type="stmt"/>
        <line num="417" count="0" type="stmt"/>
        <line num="420" count="1" type="stmt"/>
        <line num="423" count="10" type="stmt"/>
        <line num="426" count="34" type="stmt"/>
        <line num="427" count="34" type="cond" truecount="4" falsecount="0"/>
        <line num="428" count="32" type="stmt"/>
        <line num="429" count="32" type="cond" truecount="1" falsecount="1"/>
        <line num="430" count="32" type="cond" truecount="1" falsecount="1"/>
        <line num="431" count="32" type="stmt"/>
        <line num="438" count="0" type="stmt"/>
        <line num="441" count="32" type="stmt"/>
        <line num="442" count="192" type="cond" truecount="1" falsecount="1"/>
        <line num="444" count="32" type="stmt"/>
        <line num="447" count="32" type="cond" truecount="3" falsecount="1"/>
        <line num="448" count="128" type="stmt"/>
        <line num="449" count="32" type="stmt"/>
        <line num="452" count="34" type="cond" truecount="1" falsecount="0"/>
        <line num="453" count="1" type="cond" truecount="1" falsecount="1"/>
        <line num="454" count="1" type="cond" truecount="2" falsecount="1"/>
        <line num="458" count="1" type="cond" truecount="2" falsecount="2"/>
        <line num="459" count="0" type="stmt"/>
        <line num="460" count="0" type="stmt"/>
        <line num="462" count="1" type="stmt"/>
        <line num="465" count="34" type="cond" truecount="1" falsecount="0"/>
        <line num="466" count="2" type="cond" truecount="1" falsecount="1"/>
        <line num="468" count="2" type="cond" truecount="2" falsecount="1"/>
        <line num="469" count="2" type="cond" truecount="2" falsecount="2"/>
        <line num="470" count="0" type="stmt"/>
        <line num="471" count="0" type="stmt"/>
        <line num="474" count="2" type="stmt"/>
        <line num="475" count="2" type="cond" truecount="1" falsecount="1"/>
        <line num="476" count="2" type="cond" truecount="1" falsecount="1"/>
        <line num="477" count="2" type="cond" truecount="1" falsecount="1"/>
        <line num="478" count="2" type="cond" truecount="1" falsecount="1"/>
        <line num="479" count="2" type="cond" truecount="1" falsecount="1"/>
        <line num="481" count="2" type="cond" truecount="1" falsecount="1"/>
        <line num="482" count="2" type="stmt"/>
        <line num="483" count="2" type="stmt"/>
        <line num="484" count="2" type="cond" truecount="1" falsecount="1"/>
        <line num="485" count="2" type="cond" truecount="2" falsecount="0"/>
        <line num="486" count="2" type="cond" truecount="1" falsecount="1"/>
        <line num="488" count="2" type="cond" truecount="2" falsecount="2"/>
        <line num="489" count="2" type="cond" truecount="1" falsecount="1"/>
        <line num="490" count="2" type="cond" truecount="1" falsecount="1"/>
        <line num="491" count="2" type="stmt"/>
        <line num="493" count="34" type="stmt"/>
        <line num="494" count="34" type="cond" truecount="2" falsecount="0"/>
        <line num="495" count="32" type="cond" truecount="1" falsecount="1"/>
        <line num="496" count="32" type="cond" truecount="1" falsecount="1"/>
        <line num="497" count="32" type="cond" truecount="1" falsecount="3"/>
        <line num="499" count="0" type="stmt"/>
        <line num="501" count="0" type="cond" truecount="0" falsecount="6"/>
        <line num="503" count="34" type="stmt"/>
        <line num="504" count="4" type="stmt"/>
        <line num="506" count="34" type="stmt"/>
        <line num="507" count="34" type="cond" truecount="2" falsecount="0"/>
        <line num="508" count="32" type="cond" truecount="3" falsecount="1"/>
        <line num="509" count="32" type="stmt"/>
        <line num="511" count="33" type="cond" truecount="1" falsecount="1"/>
        <line num="512" count="33" type="cond" truecount="2" falsecount="0"/>
        <line num="513" count="32" type="cond" truecount="1" falsecount="4"/>
        <line num="514" count="33" type="cond" truecount="1" falsecount="1"/>
        <line num="516" count="33" type="stmt"/>
        <line num="518" count="0" type="cond" truecount="0" falsecount="2"/>
        <line num="519" count="0" type="stmt"/>
        <line num="520" count="0" type="cond" truecount="0" falsecount="2"/>
        <line num="521" count="0" type="stmt"/>
        <line num="522" count="0" type="stmt"/>
        <line num="524" count="0" type="stmt"/>
        <line num="526" count="34" type="stmt"/>
        <line num="529" count="34" type="stmt"/>
        <line num="530" count="34" type="cond" truecount="6" falsecount="1"/>
        <line num="531" count="34" type="stmt"/>
        <line num="532" count="33" type="cond" truecount="5" falsecount="2"/>
        <line num="533" count="33" type="cond" truecount="5" falsecount="2"/>
        <line num="536" count="33" type="cond" truecount="2" falsecount="1"/>
        <line num="537" count="33" type="cond" truecount="1" falsecount="1"/>
        <line num="540" count="33" type="stmt"/>
        <line num="541" count="33" type="cond" truecount="3" falsecount="1"/>
        <line num="543" count="33" type="stmt"/>
        <line num="544" count="33" type="cond" truecount="1" falsecount="1"/>
        <line num="545" count="33" type="cond" truecount="1" falsecount="1"/>
        <line num="546" count="33" type="stmt"/>
        <line num="548" count="0" type="stmt"/>
        <line num="551" count="33" type="stmt"/>
        <line num="552" count="198" type="cond" truecount="1" falsecount="1"/>
        <line num="554" count="99" type="stmt"/>
        <line num="555" count="99" type="stmt"/>
        <line num="556" count="33" type="stmt"/>
        <line num="557" count="33" type="cond" truecount="2" falsecount="2"/>
        <line num="558" count="33" type="cond" truecount="1" falsecount="1"/>
        <line num="561" count="33" type="stmt"/>
        <line num="569" count="1" type="stmt"/>
        <line num="570" count="1" type="stmt"/>
        <line num="571" count="1" type="cond" truecount="1" falsecount="2"/>
        <line num="572" count="1" type="stmt"/>
        <line num="590" count="1" type="cond" truecount="1" falsecount="1"/>
        <line num="604" count="34" type="stmt"/>
        <line num="605" count="1" type="stmt"/>
        <line num="606" count="1" type="stmt"/>
        <line num="607" count="1" type="cond" truecount="1" falsecount="1"/>
        <line num="608" count="1" type="cond" truecount="2" falsecount="2"/>
        <line num="609" count="0" type="stmt"/>
        <line num="610" count="1" type="stmt"/>
        <line num="611" count="0" type="cond" truecount="0" falsecount="4"/>
        <line num="612" count="0" type="cond" truecount="0" falsecount="4"/>
        <line num="613" count="0" type="cond" truecount="0" falsecount="2"/>
        <line num="614" count="0" type="stmt"/>
        <line num="616" count="1" type="stmt"/>
        <line num="618" count="1" type="stmt"/>
        <line num="619" count="0" type="cond" truecount="0" falsecount="2"/>
        <line num="620" count="0" type="cond" truecount="0" falsecount="2"/>
        <line num="621" count="0" type="cond" truecount="0" falsecount="8"/>
        <line num="622" count="0" type="stmt"/>
        <line num="624" count="1" type="cond" truecount="3" falsecount="1"/>
        <line num="625" count="1" type="stmt"/>
        <line num="626" count="1" type="stmt"/>
        <line num="627" count="1" type="stmt"/>
        <line num="633" count="1" type="stmt"/>
        <line num="634" count="1" type="cond" truecount="1" falsecount="1"/>
        <line num="637" count="1" type="stmt"/>
        <line num="638" count="1" type="stmt"/>
        <line num="639" count="1" type="cond" truecount="1" falsecount="1"/>
        <line num="640" count="1" type="cond" truecount="2" falsecount="4"/>
        <line num="641" count="0" type="stmt"/>
        <line num="643" count="1" type="cond" truecount="1" falsecount="3"/>
        <line num="644" count="1" type="cond" truecount="1" falsecount="1"/>
        <line num="645" count="1" type="cond" truecount="1" falsecount="1"/>
        <line num="646" count="1" type="stmt"/>
        <line num="647" count="1" type="cond" truecount="1" falsecount="1"/>
        <line num="648" count="1" type="cond" truecount="2" falsecount="4"/>
        <line num="649" count="0" type="stmt"/>
        <line num="651" count="1" type="cond" truecount="1" falsecount="1"/>
        <line num="653" count="1" type="stmt"/>
        <line num="666" count="1" type="stmt"/>
        <line num="668" count="1" type="stmt"/>
        <line num="669" count="1" type="stmt"/>
        <line num="670" count="1" type="stmt"/>
        <line num="671" count="1" type="cond" truecount="1" falsecount="1"/>
        <line num="672" count="1" type="stmt"/>
        <line num="674" count="0" type="stmt"/>
        <line num="676" count="1" type="stmt"/>
        <line num="677" count="1" type="stmt"/>
        <line num="680" count="0" type="stmt"/>
        <line num="683" count="0" type="stmt"/>
        <line num="685" count="1" type="stmt"/>
        <line num="687" count="0" type="stmt"/>
        <line num="688" count="0" type="stmt"/>
        <line num="689" count="0" type="cond" truecount="0" falsecount="2"/>
        <line num="690" count="0" type="cond" truecount="0" falsecount="4"/>
        <line num="691" count="0" type="cond" truecount="0" falsecount="2"/>
        <line num="693" count="0" type="stmt"/>
        <line num="694" count="0" type="stmt"/>
        <line num="695" count="0" type="stmt"/>
        <line num="696" count="0" type="stmt"/>
        <line num="697" count="0" type="stmt"/>
        <line num="701" count="34" type="stmt"/>
        <line num="702" count="0" type="stmt"/>
        <line num="703" count="0" type="stmt"/>
        <line num="704" count="0" type="cond" truecount="0" falsecount="2"/>
        <line num="706" count="0" type="cond" truecount="0" falsecount="2"/>
        <line num="708" count="0" type="cond" truecount="0" falsecount="4"/>
        <line num="710" count="0" type="cond" truecount="0" falsecount="2"/>
        <line num="711" count="0" type="cond" truecount="0" falsecount="2"/>
        <line num="712" count="0" type="cond" truecount="0" falsecount="6"/>
        <line num="713" count="0" type="stmt"/>
        <line num="716" count="0" type="stmt"/>
        <line num="717" count="0" type="cond" truecount="0" falsecount="2"/>
        <line num="719" count="0" type="stmt"/>
        <line num="723" count="0" type="cond" truecount="0" falsecount="2"/>
        <line num="725" count="0" type="cond" truecount="0" falsecount="4"/>
        <line num="726" count="0" type="stmt"/>
        <line num="729" count="0" type="stmt"/>
        <line num="730" count="0" type="stmt"/>
        <line num="732" count="0" type="stmt"/>
        <line num="733" count="0" type="stmt"/>
        <line num="734" count="0" type="stmt"/>
        <line num="739" count="34" type="stmt"/>
        <line num="740" count="1" type="cond" truecount="1" falsecount="1"/>
        <line num="741" count="1" type="stmt"/>
        <line num="742" count="1" type="cond" truecount="1" falsecount="1"/>
        <line num="743" count="1" type="cond" truecount="3" falsecount="1"/>
        <line num="744" count="1" type="stmt"/>
        <line num="745" count="1" type="stmt"/>
        <line num="750" count="1" type="stmt"/>
        <line num="751" count="1" type="cond" truecount="1" falsecount="1"/>
        <line num="753" count="1" type="stmt"/>
        <line num="754" count="1" type="stmt"/>
        <line num="755" count="1" type="cond" truecount="1" falsecount="1"/>
        <line num="756" count="1" type="cond" truecount="2" falsecount="4"/>
        <line num="757" count="0" type="stmt"/>
        <line num="760" count="1" type="cond" truecount="1" falsecount="3"/>
        <line num="761" count="1" type="cond" truecount="1" falsecount="1"/>
        <line num="762" count="1" type="cond" truecount="1" falsecount="1"/>
        <line num="763" count="1" type="stmt"/>
        <line num="764" count="0" type="cond" truecount="0" falsecount="2"/>
        <line num="765" count="0" type="cond" truecount="0" falsecount="6"/>
        <line num="766" count="0" type="stmt"/>
        <line num="768" count="1" type="cond" truecount="1" falsecount="1"/>
        <line num="770" count="1" type="stmt"/>
        <line num="783" count="1" type="stmt"/>
        <line num="785" count="1" type="stmt"/>
        <line num="786" count="1" type="stmt"/>
        <line num="787" count="1" type="stmt"/>
        <line num="788" count="1" type="cond" truecount="1" falsecount="1"/>
        <line num="789" count="1" type="stmt"/>
[...]
        <line num="228" count="0" type="stmt"/>
        <line num="232" count="0" type="stmt"/>
        <line num="237" count="34" type="stmt"/>
        <line num="238" count="8" type="stmt"/>
        <line num="239" count="8" type="stmt"/>
        <line num="240" count="8" type="cond" truecount="1" falsecount="1"/>
        <line num="241" count="0" type="stmt"/>
        <line num="242" count="0" type="cond" truecount="0" falsecount="4"/>
        <line num="243" count="0" type="stmt"/>
        <line num="244" count="0" type="stmt"/>
        <line num="246" count="0" type="cond" truecount="0" falsecount="2"/>
        <line num="247" count="0" type="stmt"/>
        <line num="248" count="0" type="stmt"/>
        <line num="249" count="0" type="stmt"/>
        <line num="251" count="0" type="cond" truecount="0" falsecount="4"/>
        <line num="252" count="0" type="stmt"/>
        <line num="256" count="0" type="stmt"/>
        <line num="258" count="8" type="stmt"/>
        <line num="259" count="8" type="cond" truecount="1" falsecount="1"/>
        <line num="260" count="0" type="stmt"/>
        <line num="261" count="0" type="stmt"/>
        <line num="267" count="34" type="stmt"/>
        <line num="268" count="7" type="cond" truecount="3" falsecount="1"/>
        <line num="269" count="7" type="stmt"/>
        <line num="270" count="7" type="stmt"/>
        <line num="271" count="7" type="stmt"/>
        <line num="272" count="7" type="stmt"/>
        <line num="273" count="7" type="cond" truecount="1" falsecount="1"/>
        <line num="274" count="7" type="stmt"/>
        <line num="275" count="7" type="stmt"/>
        <line num="276" count="7" type="cond" truecount="2" falsecount="0"/>
        <line num="278" count="0" type="stmt"/>
        <line num="281" count="0" type="stmt"/>
        <line num="283" count="7" type="stmt"/>
        <line num="288" count="34" type="stmt"/>
        <line num="289" count="15" type="cond" truecount="4" falsecount="0"/>
        <line num="290" count="7" type="stmt"/>
        <line num="295" count="34" type="stmt"/>
        <line num="296" count="21" type="cond" truecount="1" falsecount="1"/>
        <line num="297" count="21" type="stmt"/>
        <line num="298" count="21" type="stmt"/>
        <line num="299" count="21" type="stmt"/>
        <line num="301" count="21" type="stmt"/>
        <line num="302" count="21" type="stmt"/>
        <line num="303" count="21" type="cond" truecount="1" falsecount="1"/>
        <line num="304" count="21" type="stmt"/>
        <line num="305" count="21" type="stmt"/>
        <line num="308" count="21" type="cond" truecount="2" falsecount="0"/>
        <line num="310" count="11" type="stmt"/>
        <line num="311" count="11" type="cond" truecount="1" falsecount="1"/>
        <line num="312" count="11" type="stmt"/>
        <line num="313" count="11" type="cond" truecount="1" falsecount="1"/>
        <line num="316" count="11" type="stmt"/>
        <line num="319" count="10" type="cond" truecount="2" falsecount="0"/>
        <line num="322" count="21" type="cond" truecount="2" falsecount="0"/>
        <line num="324" count="0" type="stmt"/>
        <line num="325" count="0" type="stmt"/>
        <line num="327" count="0" type="cond" truecount="0" falsecount="6"/>
        <line num="328" count="0" type="stmt"/>
        <line num="332" count="0" type="stmt"/>
        <line num="333" count="0" type="stmt"/>
        <line num="334" count="0" type="cond" truecount="0" falsecount="6"/>
        <line num="335" count="0" type="stmt"/>
        <line num="338" count="21" type="stmt"/>
        <line num="343" count="34" type="stmt"/>
        <line num="344" count="0" type="stmt"/>
        <line num="345" count="0" type="stmt"/>
        <line num="356" count="0" type="stmt"/>
        <line num="363" count="0" type="stmt"/>
        <line num="364" count="0" type="stmt"/>
        <line num="365" count="0" type="stmt"/>
        <line num="366" count="0" type="stmt"/>
        <line num="367" count="0" type="cond" truecount="0" falsecount="2"/>
        <line num="368" count="0" type="stmt"/>
        <line num="369" count="0" type="stmt"/>
        <line num="372" count="0" type="stmt"/>
        <line num="374" count="0" type="stmt"/>
        <line num="379" count="34" type="stmt"/>
        <line num="380" count="29" type="cond" truecount="2" falsecount="0"/>
        <line num="381" count="21" type="stmt"/>
        <line num="382" count="21" type="stmt"/>
        <line num="383" count="21" type="stmt"/>
        <line num="387" count="34" type="stmt"/>
        <line num="389" count="9" type="cond" truecount="2" falsecount="0"/>
        <line num="390" count="1" type="stmt"/>
        <line num="391" count="1" type="stmt"/>
        <line num="394" count="9" type="cond" truecount="2" falsecount="0"/>
        <line num="395" count="1" type="stmt"/>
        <line num="397" count="8" type="stmt"/>
        <line num="400" count="9" type="stmt"/>
        <line num="401" count="9" type="stmt"/>
        <line num="402" count="9" type="stmt"/>
        <line num="403" count="9" type="cond" truecount="1" falsecount="1"/>
        <line num="407" count="34" type="stmt"/>
        <line num="408" count="1" type="cond" truecount="1" falsecount="1"/>
        <line num="409" count="1" type="stmt"/>
        <line num="410" count="1" type="stmt"/>
        <line num="412" count="1" type="stmt"/>
        <line num="413" count="1" type="stmt"/>
        <line num="414" count="0" type="stmt"/>
        <line num="417" count="1" type="stmt"/>
        <line num="418" count="1" type="cond" truecount="1" falsecount="1"/>
        <line num="419" count="1" type="cond" truecount="3" falsecount="3"/>
        <line num="420" count="0" type="stmt"/>
        <line num="421" count="0" type="stmt"/>
        <line num="427" count="0" type="cond" truecount="0" falsecount="2"/>
        <line num="428" count="0" type="stmt"/>
        <line num="429" count="0" type="stmt"/>
        <line num="430" count="0" type="cond" truecount="0" falsecount="4"/>
        <line num="431" count="0" type="cond" truecount="0" falsecount="2"/>
        <line num="432" count="0" type="stmt"/>
        <line num="434" count="0" type="stmt"/>
        <line num="437" count="0" type="stmt"/>
        <line num="442" count="1" type="stmt"/>
        <line num="443" count="1" type="stmt"/>
        <line num="444" count="1" type="cond" truecount="3" falsecount="1"/>
        <line num="445" count="1" type="stmt"/>
        <line num="446" count="1" type="cond" truecount="3" falsecount="1"/>
        <line num="447" count="1" type="cond" truecount="2" falsecount="3"/>
        <line num="448" count="1" type="cond" truecount="3" falsecount="1"/>
        <line num="449" count="1" type="stmt"/>
        <line num="450" count="1" type="stmt"/>
        <line num="452" count="1" type="cond" truecount="3" falsecount="3"/>
        <line num="453" count="1" type="stmt"/>
        <line num="454" count="1" type="stmt"/>
        <line num="455" count="1" type="stmt"/>
        <line num="456" count="1" type="cond" truecount="2" falsecount="2"/>
        <line num="457" count="1" type="stmt"/>
        <line num="460" count="1" type="cond" truecount="1" falsecount="1"/>
        <line num="461" count="1" type="stmt"/>
        <line num="462" count="1" type="stmt"/>
        <line num="464" count="1" type="stmt"/>
        <line num="466" count="0" type="stmt"/>
        <line num="469" count="0" type="stmt"/>
        <line num="473" count="34" type="stmt"/>
        <line num="474" count="0" type="cond" truecount="0" falsecount="2"/>
        <line num="475" count="0" type="stmt"/>
        <line num="476" count="0" type="stmt"/>
        <line num="477" count="0" type="stmt"/>
        <line num="478" count="0" type="stmt"/>
        <line num="479" count="0" type="stmt"/>
        <line num="481" count="0" type="cond" truecount="0" falsecount="2"/>
        <line num="483" count="0" type="stmt"/>
        <line num="484" count="0" type="stmt"/>
        <line num="485" count="0" type="stmt"/>
        <line num="488" count="0" type="stmt"/>
        <line num="489" count="0" type="stmt"/>
        <line num="490" count="0" type="cond" truecount="0" falsecount="4"/>
        <line num="491" count="0" type="stmt"/>
        <line num="492" count="0" type="cond" truecount="0" falsecount="4"/>
        <line num="493" count="0" type="stmt"/>
        <line num="494" count="0" type="stmt"/>
        <line num="495" count="0" type="cond" truecount="0" falsecount="2"/>
        <line num="496" count="0" type="stmt"/>
        <line num="497" count="0" type="stmt"/>
        <line num="499" count="0" type="stmt"/>
        <line num="501" count="0" type="stmt"/>
        <line num="504" count="0" type="stmt"/>
        <line num="508" count="34" type="stmt"/>
        <line num="509" count="101" type="stmt"/>
        <line num="510" count="101" type="stmt"/>
        <line num="511" count="101" type="stmt"/>
        <line num="512" count="101" type="stmt"/>
        <line num="513" count="303" type="stmt"/>
        <line num="514" count="101" type="stmt"/>
        <line num="518" count="34" type="stmt"/>
        <line num="519" count="2" type="cond" truecount="1" falsecount="1"/>
        <line num="520" count="2" type="stmt"/>
        <line num="522" count="2" type="stmt"/>
        <line num="523" count="2" type="stmt"/>
        <line num="524" count="2" type="stmt"/>
        <line num="528" count="34" type="stmt"/>
        <line num="529" count="22" type="stmt"/>
        <line num="530" count="22" type="stmt"/>
        <line num="532" count="22" type="cond" truecount="1" falsecount="1"/>
        <line num="534" count="22" type="cond" truecount="1" falsecount="1"/>
        <line num="535" count="14" type="cond" truecount="4" falsecount="1"/>
        <line num="536" count="14" type="stmt"/>
        <line num="537" count="14" type="cond" truecount="3" falsecount="1"/>
        <line num="538" count="14" type="cond" truecount="1" falsecount="1"/>
        <line num="539" count="14" type="cond" truecount="4" falsecount="1"/>
        <line num="540" count="14" type="cond" truecount="1" falsecount="1"/>
        <line num="542" count="0" type="stmt"/>
        <line num="544" count="14" type="stmt"/>
        <line num="545" count="14" type="stmt"/>
        <line num="561" count="22" type="stmt"/>
        <line num="562" count="22" type="stmt"/>
        <line num="566" count="34" type="stmt"/>
        <line num="567" count="22" type="stmt"/>
        <line num="568" count="22" type="stmt"/>
        <line num="569" count="22" type="stmt"/>
        <line num="571" count="22" type="stmt"/>
        <line num="572" count="14" type="stmt"/>
        <line num="573" count="14" type="cond" truecount="1" falsecount="1"/>
        <line num="574" count="14" type="cond" truecount="1" falsecount="1"/>
        <line num="575" count="0" type="stmt"/>
        <line num="576" count="14" type="cond" truecount="1" falsecount="1"/>
        <line num="577" count="0" type="stmt"/>
        <line num="579" count="14" type="stmt"/>
        <line num="584" count="22" type="stmt"/>
        <line num="587" count="34" type="stmt"/>
        <line num="588" count="1" type="stmt"/>
        <line num="594" count="34" type="stmt"/>
        <line num="595" count="15" type="cond" truecount="1" falsecount="1"/>
        <line num="599" count="34" type="stmt"/>
        <line num="600" count="1" type="stmt"/>
        <line num="602" count="1" type="stmt"/>
        <line num="603" count="1" type="cond" truecount="2" falsecount="0"/>
        <line num="604" count="1" type="stmt"/>
        <line num="605" count="1" type="stmt"/>
        <line num="607" count="1" type="stmt"/>
        <line num="608" count="1" type="cond" truecount="1" falsecount="1"/>
        <line num="609" count="0" type="stmt"/>
        <line num="610" count="1" type="cond" truecount="1" falsecount="1"/>
        <line num="611" count="0" type="stmt"/>
        <line num="615" count="1" type="cond" truecount="1" falsecount="1"/>
        <line num="616" count="0" type="stmt"/>
        <line num="617" count="0" type="stmt"/>
        <line num="620" count="1" type="stmt"/>
        <line num="626" count="1" type="stmt"/>
        <line num="627" count="1" type="cond" truecount="1" falsecount="1"/>
        <line num="629" count="1" type="stmt"/>
        <line num="630" count="1" type="stmt"/>
        <line num="632" count="0" type="cond" truecount="0" falsecount="7"/>
        <line num="633" count="0" type="stmt"/>
        <line num="634" count="0" type="stmt"/>
        <line num="637" count="1" type="stmt"/>
        <line num="638" count="1" type="stmt"/>
        <line num="642" count="34" type="stmt"/>
        <line num="643" count="34" type="cond" truecount="2" falsecount="0"/>
        <line num="644" count="25" type="cond" truecount="1" falsecount="2"/>
        <line num="645" count="34" type="cond" truecount="1" falsecount="1"/>
        <line num="647" count="25" type="cond" truecount="1" falsecount="1"/>
        <line num="648" count="0" type="cond" truecount="0" falsecount="5"/>
        <line num="651" count="25" type="stmt"/>
        <line num="655" count="50" type="cond" truecount="2" falsecount="0"/>
        <line num="656" count="34" type="cond" truecount="4" falsecount="0"/>
        <line num="657" count="34" type="cond" truecount="3" falsecount="0"/>
        <line num="658" count="34" type="stmt"/>
        <line num="660" count="34" type="cond" truecount="2" falsecount="0"/>
        <line num="666" count="26" type="cond" truecount="4" falsecount="0"/>
        <line num="670" count="1" type="stmt"/>
        <line num="679" count="25" type="stmt"/>
        <line num="686" count="0" type="stmt"/>
        <line num="784" count="1" type="stmt"/>
        <line num="785" count="1" type="cond" truecount="1" falsecount="1"/>
        <line num="786" count="1" type="cond" truecount="3" falsecount="0"/>
        <line num="787" count="1" type="stmt"/>
        <line num="788" count="1" type="stmt"/>
        <line num="789" count="0" type="stmt"/>
        <line num="812" count="0" type="stmt"/>
        <line num="830" count="0" type="stmt"/>
        <line num="840" count="0" type="stmt"/>
        <line num="841" count="0" type="cond" truecount="0" falsecount="2"/>
        <line num="842" count="0" type="stmt"/>
        <line num="843" count="0" type="stmt"/>
        <line num="845" count="0" type="stmt"/>
        <line num="846" count="0" type="stmt"/>
        <line num="847" count="0" type="stmt"/>
        <line num="848" count="0" type="stmt"/>
        <line num="849" count="0" type="cond" truecount="0" falsecount="2"/>
        <line num="850" count="0" type="stmt"/>
        <line num="851" count="0" type="cond" truecount="0" falsecount="4"/>
        <line num="854" count="0" type="stmt"/>
        <line num="856" count="0" type="stmt"/>
        <line num="857" count="0" type="stmt"/>
        <line num="858" count="0" type="stmt"/>
        <line num="859" count="0" type="stmt"/>
        <line num="860" count="0" type="stmt"/>
        <line num="861" count="0" type="cond" truecount="0" falsecount="2"/>
        <line num="862" count="0" type="stmt"/>
        <line num="865" count="0" type="stmt"/>
        <line num="876" count="2" type="stmt"/>
        <line num="920" count="15" type="stmt"/>
        <line num="921" count="15" type="stmt"/>
        <line num="922" count="15" type="stmt"/>
        <line num="926" count="1" type="stmt"/>
        <line num="927" count="0" type="cond" truecount="0" falsecount="4"/>
        <line num="935" count="15" type="stmt"/>
        <line num="936" count="15" type="stmt"/>
        <line num="937" count="15" type="stmt"/>
        <line num="938" count="15" type="stmt"/>
        <line num="939" count="15" type="cond" truecount="2" falsecount="2"/>
        <line num="940" count="0" type="stmt"/>
        <line num="941" count="15" type="cond" truecount="2" falsecount="2"/>
        <line num="955" count="1" type="stmt"/>
        <line num="956" count="1" type="cond" truecount="1" falsecount="1"/>
        <line num="957" count="1" type="stmt"/>
        <line num="971" count="0" type="stmt"/>
        <line num="972" count="0" type="cond" truecount="0" falsecount="2"/>
        <line num="973" count="0" type="stmt"/>
        <line num="987" count="0" type="stmt"/>
        <line num="988" count="0" type="cond" truecount="0" falsecount="2"/>
        <line num="989" count="0" type="stmt"/>
        <line num="1018" count="1" type="stmt"/>
        <line num="1019" count="1" type="stmt"/>
        <line num="1021" count="1" type="cond" truecount="1" falsecount="1"/>
        <line num="1022" count="0" type="stmt"/>
        <line num="1023" count="1" type="cond" truecount="1" falsecount="1"/>
        <line num="1024" count="0" type="stmt"/>
        <line num="1026" count="1" type="stmt"/>
        <line num="1029" count="1" type="stmt"/>
        <line num="1075" count="0" type="cond" truecount="0" falsecount="2"/>
        <line num="1076" count="0" type="stmt"/>
        <line num="1077" count="0" type="cond" truecount="0" falsecount="4"/>
        <line num="1078" count="0" type="stmt"/>
        <line num="1080" count="0" type="stmt"/>
        <line num="1117" count="0" type="stmt"/>
        <line num="1118" count="0" type="stmt"/>
        <line num="1132" count="0" type="stmt"/>
        <line num="1139" count="0" type="stmt"/>
        <line num="1140" count="0" type="stmt"/>
        <line num="1148" count="0" type="stmt"/>
        <line num="1149" count="0" type="cond" truecount="0" falsecount="2"/>
        <line num="1150" count="0" type="stmt"/>
        <line num="1151" count="0" type="stmt"/>
        <line num="1153" count="0" type="stmt"/>
        <line num="1155" count="0" type="stmt"/>
        <line num="1160" count="0" type="cond" truecount="0" falsecount="2"/>
        <line num="1161" count="0" type="stmt"/>
        <line num="1162" count="0" type="stmt"/>
        <line num="1163" count="0" type="stmt"/>
        <line num="1164" count="0" type="stmt"/>
        <line num="1165" count="0" type="stmt"/>
        <line num="1166" count="0" type="stmt"/>
        <line num="1169" count="0" type="stmt"/>
        <line num="1170" count="0" type="stmt"/>
        <line num="1180" count="0" type="stmt"/>
        <line num="1181" count="0" type="cond" truecount="0" falsecount="2"/>
        <line num="1182" count="0" type="stmt"/>
        <line num="1184" count="0" type="stmt"/>
        <line num="1186" count="0" type="stmt"/>
        <line num="1189" count="0" type="stmt"/>
        <line num="1205" count="1" type="stmt"/>
      </file>
    </package>
    <package name="src.utils">
      <metrics statements="14" coveredstatements="14" conditionals="6" coveredconditionals="6" methods="4" coveredmethods="4"/>
      <file name="time.js" path="C:\Users\lenov\OneDrive\Documents\Hour-Glass\Frontend\src\utils\time.js">
        <metrics statements="14" coveredstatements="14" conditionals="6" coveredconditionals="6" methods="4" coveredmethods="4"/>
        <line num="5" count="121" type="cond" truecount="2" falsecount="0"/>
        <line num="6" count="121" type="stmt"/>
        <line num="7" count="121" type="stmt"/>
        <line num="8" count="121" type="stmt"/>
        <line num="13" count="15" type="cond" truecount="2" falsecount="0"/>
        <line num="14" count="15" type="stmt"/>
        <line num="15" count="15" type="stmt"/>
        <line num="16" count="15" type="stmt"/>
        <line num="17" count="45" type="stmt"/>
        <line num="18" count="15" type="stmt"/>
        <line num="23" count="13" type="cond" truecount="2" falsecount="0"/>
        <line num="24" count="13" type="stmt"/>
        <line num="25" count="13" type="stmt"/>
        <line num="26" count="13" type="stmt"/>
      </file>
    </package>
  </project>
</coverage>
