{"N:\\Sem-5\\IT314-Software Engineering\\Project\\newHG\\Hour-Glass\\Frontend\\src\\components\\GoogleButton.jsx": {"path":"N:\\Sem-5\\IT314-Software Engineering\\Project\\newHG\\Hour-Glass\\Frontend\\src\\components\\GoogleButton.jsx","statementMap":{"0":{"start":{"line":10,"column":21},"end":{"line":111,"column":null}},"1":{"start":{"line":11,"column":28},"end":{"line":11,"column":null}},"2":{"start":{"line":12,"column":8},"end":{"line":12,"column":null}},"3":{"start":{"line":14,"column":23},"end":{"line":98,"column":null}},"4":{"start":{"line":15,"column":4},"end":{"line":15,"column":null}},"5":{"start":{"line":16,"column":4},"end":{"line":16,"column":null}},"6":{"start":{"line":16,"column":17},"end":{"line":16,"column":null}},"7":{"start":{"line":17,"column":4},"end":{"line":17,"column":null}},"8":{"start":{"line":19,"column":16},"end":{"line":19,"column":null}},"9":{"start":{"line":20,"column":18},"end":{"line":20,"column":null}},"10":{"start":{"line":21,"column":19},"end":{"line":21,"column":null}},"11":{"start":{"line":22,"column":17},"end":{"line":22,"column":null}},"12":{"start":{"line":23,"column":16},"end":{"line":23,"column":null}},"13":{"start":{"line":24,"column":21},"end":{"line":24,"column":null}},"14":{"start":{"line":26,"column":18},"end":{"line":26,"column":null}},"15":{"start":{"line":27,"column":4},"end":{"line":31,"column":null}},"16":{"start":{"line":28,"column":6},"end":{"line":28,"column":null}},"17":{"start":{"line":29,"column":6},"end":{"line":29,"column":null}},"18":{"start":{"line":30,"column":6},"end":{"line":30,"column":null}},"19":{"start":{"line":34,"column":26},"end":{"line":82,"column":null}},"20":{"start":{"line":36,"column":28},"end":{"line":36,"column":null}},"21":{"start":{"line":37,"column":6},"end":{"line":39,"column":null}},"22":{"start":{"line":38,"column":8},"end":{"line":38,"column":null}},"23":{"start":{"line":41,"column":6},"end":{"line":81,"column":null}},"24":{"start":{"line":42,"column":22},"end":{"line":42,"column":null}},"25":{"start":{"line":45,"column":8},"end":{"line":45,"column":null}},"26":{"start":{"line":48,"column":8},"end":{"line":53,"column":null}},"27":{"start":{"line":49,"column":10},"end":{"line":49,"column":null}},"28":{"start":{"line":50,"column":10},"end":{"line":50,"column":null}},"29":{"start":{"line":52,"column":10},"end":{"line":52,"column":null}},"30":{"start":{"line":56,"column":23},"end":{"line":56,"column":null}},"31":{"start":{"line":57,"column":8},"end":{"line":75,"column":null}},"32":{"start":{"line":58,"column":22},"end":{"line":62,"column":null}},"33":{"start":{"line":63,"column":23},"end":{"line":63,"column":null}},"34":{"start":{"line":63,"column":53},"end":{"line":63,"column":56}},"35":{"start":{"line":64,"column":10},"end":{"line":72,"column":null}},"36":{"start":{"line":65,"column":12},"end":{"line":65,"column":null}},"37":{"start":{"line":66,"column":12},"end":{"line":71,"column":null}},"38":{"start":{"line":67,"column":14},"end":{"line":67,"column":null}},"39":{"start":{"line":68,"column":14},"end":{"line":68,"column":null}},"40":{"start":{"line":70,"column":14},"end":{"line":70,"column":null}},"41":{"start":{"line":74,"column":10},"end":{"line":74,"column":null}},"42":{"start":{"line":77,"column":8},"end":{"line":77,"column":null}},"43":{"start":{"line":80,"column":8},"end":{"line":80,"column":null}},"44":{"start":{"line":84,"column":4},"end":{"line":84,"column":null}},"45":{"start":{"line":87,"column":24},"end":{"line":97,"column":null}},"46":{"start":{"line":88,"column":6},"end":{"line":96,"column":null}},"47":{"start":{"line":89,"column":8},"end":{"line":93,"column":null}},"48":{"start":{"line":90,"column":10},"end":{"line":90,"column":null}},"49":{"start":{"line":91,"column":10},"end":{"line":91,"column":null}},"50":{"start":{"line":92,"column":10},"end":{"line":92,"column":null}},"51":{"start":{"line":100,"column":2},"end":{"line":109,"column":null}}},"fnMap":{"0":{"name":"(anonymous_0)","decl":{"start":{"line":10,"column":21},"end":{"line":10,"column":27}},"loc":{"start":{"line":10,"column":27},"end":{"line":111,"column":null}},"line":10},"1":{"name":"(anonymous_1)","decl":{"start":{"line":14,"column":23},"end":{"line":14,"column":24}},"loc":{"start":{"line":14,"column":30},"end":{"line":98,"column":null}},"line":14},"2":{"name":"(anonymous_2)","decl":{"start":{"line":34,"column":26},"end":{"line":34,"column":33}},"loc":{"start":{"line":34,"column":43},"end":{"line":82,"column":null}},"line":34},"3":{"name":"(anonymous_3)","decl":{"start":{"line":63,"column":46},"end":{"line":63,"column":53}},"loc":{"start":{"line":63,"column":53},"end":{"line":63,"column":56}},"line":63},"4":{"name":"(anonymous_4)","decl":{"start":{"line":87,"column":36},"end":{"line":87,"column":42}},"loc":{"start":{"line":87,"column":42},"end":{"line":97,"column":7}},"line":87}},"branchMap":{"0":{"loc":{"start":{"line":16,"column":4},"end":{"line":16,"column":null}},"type":"if","locations":[{"start":{"line":16,"column":4},"end":{"line":16,"column":null}},{"start":{},"end":{}}],"line":16},"1":{"loc":{"start":{"line":27,"column":4},"end":{"line":31,"column":null}},"type":"if","locations":[{"start":{"line":27,"column":4},"end":{"line":31,"column":null}},{"start":{},"end":{}}],"line":27},"2":{"loc":{"start":{"line":37,"column":6},"end":{"line":39,"column":null}},"type":"if","locations":[{"start":{"line":37,"column":6},"end":{"line":39,"column":null}},{"start":{},"end":{}}],"line":37},"3":{"loc":{"start":{"line":41,"column":6},"end":{"line":81,"column":null}},"type":"if","locations":[{"start":{"line":41,"column":6},"end":{"line":81,"column":null}},{"start":{},"end":{}}],"line":41},"4":{"loc":{"start":{"line":41,"column":10},"end":{"line":41,"column":87}},"type":"binary-expr","locations":[{"start":{"line":41,"column":10},"end":{"line":41,"column":24}},{"start":{"line":41,"column":24},"end":{"line":41,"column":69}},{"start":{"line":41,"column":69},"end":{"line":41,"column":87}}],"line":41},"5":{"loc":{"start":{"line":64,"column":10},"end":{"line":72,"column":null}},"type":"if","locations":[{"start":{"line":64,"column":10},"end":{"line":72,"column":null}},{"start":{},"end":{}}],"line":64},"6":{"loc":{"start":{"line":64,"column":14},"end":{"line":64,"column":68}},"type":"binary-expr","locations":[{"start":{"line":64,"column":14},"end":{"line":64,"column":22}},{"start":{"line":64,"column":22},"end":{"line":64,"column":39}},{"start":{"line":64,"column":39},"end":{"line":64,"column":52}},{"start":{"line":64,"column":52},"end":{"line":64,"column":68}}],"line":64},"7":{"loc":{"start":{"line":65,"column":23},"end":{"line":65,"column":null}},"type":"binary-expr","locations":[{"start":{"line":65,"column":23},"end":{"line":65,"column":36}},{"start":{"line":65,"column":36},"end":{"line":65,"column":null}}],"line":65},"8":{"loc":{"start":{"line":89,"column":8},"end":{"line":93,"column":null}},"type":"if","locations":[{"start":{"line":89,"column":8},"end":{"line":93,"column":null}},{"start":{},"end":{}}],"line":89},"9":{"loc":{"start":{"line":108,"column":13},"end":{"line":108,"column":63}},"type":"cond-expr","locations":[{"start":{"line":108,"column":23},"end":{"line":108,"column":41}},{"start":{"line":108,"column":41},"end":{"line":108,"column":63}}],"line":108}},"s":{"0":1,"1":19,"2":19,"3":19,"4":7,"5":7,"6":0,"7":7,"8":7,"9":7,"10":7,"11":7,"12":7,"13":7,"14":7,"15":7,"16":1,"17":1,"18":1,"19":6,"20":7,"21":7,"22":2,"23":5,"24":5,"25":5,"26":5,"27":5,"28":5,"29":1,"30":5,"31":5,"32":5,"33":4,"34":0,"35":4,"36":4,"37":4,"38":4,"39":4,"40":1,"41":1,"42":5,"43":5,"44":6,"45":6,"46":1,"47":1,"48":1,"49":1,"50":1,"51":19},"f":{"0":19,"1":7,"2":7,"3":0,"4":1},"b":{"0":[0,7],"1":[1,6],"2":[2,5],"3":[5,0],"4":[5,5,5],"5":[4,0],"6":[4,4,4,1],"7":[4,1],"8":[1,0],"9":[6,13]},"meta":{"lastBranch":10,"lastFunction":5,"lastStatement":52,"seen":{"s:10:21:111:Infinity":0,"f:10:21:10:27":0,"s:11:28:11:Infinity":1,"s:12:8:12:Infinity":2,"s:14:23:98:Infinity":3,"f:14:23:14:24":1,"s:15:4:15:Infinity":4,"b:16:4:16:Infinity:undefined:undefined:undefined:undefined":0,"s:16:4:16:Infinity":5,"s:16:17:16:Infinity":6,"s:17:4:17:Infinity":7,"s:19:16:19:Infinity":8,"s:20:18:20:Infinity":9,"s:21:19:21:Infinity":10,"s:22:17:22:Infinity":11,"s:23:16:23:Infinity":12,"s:24:21:24:Infinity":13,"s:26:18:26:Infinity":14,"b:27:4:31:Infinity:undefined:undefined:undefined:undefined":1,"s:27:4:31:Infinity":15,"s:28:6:28:Infinity":16,"s:29:6:29:Infinity":17,"s:30:6:30:Infinity":18,"s:34:26:82:Infinity":19,"f:34:26:34:33":2,"s:36:28:36:Infinity":20,"b:37:6:39:Infinity:undefined:undefined:undefined:undefined":2,"s:37:6:39:Infinity":21,"s:38:8:38:Infinity":22,"b:41:6:81:Infinity:undefined:undefined:undefined:undefined":3,"s:41:6:81:Infinity":23,"b:41:10:41:24:41:24:41:69:41:69:41:87":4,"s:42:22:42:Infinity":24,"s:45:8:45:Infinity":25,"s:48:8:53:Infinity":26,"s:49:10:49:Infinity":27,"s:50:10:50:Infinity":28,"s:52:10:52:Infinity":29,"s:56:23:56:Infinity":30,"s:57:8:75:Infinity":31,"s:58:22:62:Infinity":32,"s:63:23:63:Infinity":33,"f:63:46:63:53":3,"s:63:53:63:56":34,"b:64:10:72:Infinity:undefined:undefined:undefined:undefined":5,"s:64:10:72:Infinity":35,"b:64:14:64:22:64:22:64:39:64:39:64:52:64:52:64:68":6,"s:65:12:65:Infinity":36,"b:65:23:65:36:65:36:65:Infinity":7,"s:66:12:71:Infinity":37,"s:67:14:67:Infinity":38,"s:68:14:68:Infinity":39,"s:70:14:70:Infinity":40,"s:74:10:74:Infinity":41,"s:77:8:77:Infinity":42,"s:80:8:80:Infinity":43,"s:84:4:84:Infinity":44,"s:87:24:97:Infinity":45,"f:87:36:87:42":4,"s:88:6:96:Infinity":46,"b:89:8:93:Infinity:undefined:undefined:undefined:undefined":8,"s:89:8:93:Infinity":47,"s:90:10:90:Infinity":48,"s:91:10:91:Infinity":49,"s:92:10:92:Infinity":50,"s:100:2:109:Infinity":51,"b:108:23:108:41:108:41:108:63":9}}}
,"N:\\Sem-5\\IT314-Software Engineering\\Project\\newHG\\Hour-Glass\\Frontend\\src\\components\\Hero.jsx": {"path":"N:\\Sem-5\\IT314-Software Engineering\\Project\\newHG\\Hour-Glass\\Frontend\\src\\components\\Hero.jsx","statementMap":{"0":{"start":{"line":4,"column":13},"end":{"line":47,"column":null}},"1":{"start":{"line":5,"column":4},"end":{"line":45,"column":null}}},"fnMap":{"0":{"name":"(anonymous_0)","decl":{"start":{"line":4,"column":13},"end":{"line":4,"column":19}},"loc":{"start":{"line":4,"column":19},"end":{"line":47,"column":null}},"line":4}},"branchMap":{},"s":{"0":1,"1":1},"f":{"0":1},"b":{},"meta":{"lastBranch":0,"lastFunction":1,"lastStatement":2,"seen":{"s:4:13:47:Infinity":0,"f:4:13:4:19":0,"s:5:4:45:Infinity":1}}}
,"N:\\Sem-5\\IT314-Software Engineering\\Project\\newHG\\Hour-Glass\\Frontend\\src\\components\\HowItWorks.jsx": {"path":"N:\\Sem-5\\IT314-Software Engineering\\Project\\newHG\\Hour-Glass\\Frontend\\src\\components\\HowItWorks.jsx","statementMap":{"0":{"start":{"line":4,"column":14},"end":{"line":8,"column":null}},"1":{"start":{"line":11,"column":2},"end":{"line":30,"column":null}},"2":{"start":{"line":20,"column":12},"end":{"line":26,"column":null}}},"fnMap":{"0":{"name":"HowItWorks","decl":{"start":{"line":10,"column":9},"end":{"line":10,"column":22}},"loc":{"start":{"line":10,"column":22},"end":{"line":32,"column":null}},"line":10},"1":{"name":"(anonymous_1)","decl":{"start":{"line":19,"column":21},"end":{"line":19,"column":22}},"loc":{"start":{"line":20,"column":12},"end":{"line":26,"column":null}},"line":20}},"branchMap":{},"s":{"0":1,"1":4,"2":12},"f":{"0":4,"1":12},"b":{},"meta":{"lastBranch":0,"lastFunction":2,"lastStatement":3,"seen":{"s:4:14:8:Infinity":0,"f:10:9:10:22":0,"s:11:2:30:Infinity":1,"f:19:21:19:22":1,"s:20:12:26:Infinity":2}}}
,"N:\\Sem-5\\IT314-Software Engineering\\Project\\newHG\\Hour-Glass\\Frontend\\src\\components\\Logo.jsx": {"path":"N:\\Sem-5\\IT314-Software Engineering\\Project\\newHG\\Hour-Glass\\Frontend\\src\\components\\Logo.jsx","statementMap":{"0":{"start":{"line":4,"column":13},"end":{"line":18,"column":null}},"1":{"start":{"line":5,"column":4},"end":{"line":16,"column":null}}},"fnMap":{"0":{"name":"(anonymous_0)","decl":{"start":{"line":4,"column":13},"end":{"line":4,"column":19}},"loc":{"start":{"line":4,"column":19},"end":{"line":18,"column":null}},"line":4}},"branchMap":{},"s":{"0":1,"1":1},"f":{"0":1},"b":{},"meta":{"lastBranch":0,"lastFunction":1,"lastStatement":2,"seen":{"s:4:13:18:Infinity":0,"f:4:13:4:19":0,"s:5:4:16:Infinity":1}}}
,"N:\\Sem-5\\IT314-Software Engineering\\Project\\newHG\\Hour-Glass\\Frontend\\src\\components\\MainButton.jsx": {"path":"N:\\Sem-5\\IT314-Software Engineering\\Project\\newHG\\Hour-Glass\\Frontend\\src\\components\\MainButton.jsx","statementMap":{"0":{"start":{"line":4,"column":19},"end":{"line":34,"column":null}},"1":{"start":{"line":5,"column":2},"end":{"line":32,"column":null}}},"fnMap":{"0":{"name":"(anonymous_0)","decl":{"start":{"line":4,"column":19},"end":{"line":4,"column":20}},"loc":{"start":{"line":4,"column":30},"end":{"line":34,"column":null}},"line":4}},"branchMap":{"0":{"loc":{"start":{"line":7,"column":12},"end":{"line":7,"column":null}},"type":"binary-expr","locations":[{"start":{"line":7,"column":12},"end":{"line":7,"column":26}},{"start":{"line":7,"column":26},"end":{"line":7,"column":null}}],"line":7}},"s":{"0":1,"1":6},"f":{"0":6},"b":{"0":[6,5]},"meta":{"lastBranch":1,"lastFunction":1,"lastStatement":2,"seen":{"s:4:19:34:Infinity":0,"f:4:19:4:20":0,"s:5:2:32:Infinity":1,"b:7:12:7:26:7:26:7:Infinity":0}}}
,"N:\\Sem-5\\IT314-Software Engineering\\Project\\newHG\\Hour-Glass\\Frontend\\src\\components\\NavLogo.jsx": {"path":"N:\\Sem-5\\IT314-Software Engineering\\Project\\newHG\\Hour-Glass\\Frontend\\src\\components\\NavLogo.jsx","statementMap":{"0":{"start":{"line":4,"column":16},"end":{"line":18,"column":null}},"1":{"start":{"line":5,"column":4},"end":{"line":16,"column":null}}},"fnMap":{"0":{"name":"(anonymous_0)","decl":{"start":{"line":4,"column":16},"end":{"line":4,"column":22}},"loc":{"start":{"line":4,"column":22},"end":{"line":18,"column":null}},"line":4}},"branchMap":{},"s":{"0":1,"1":1},"f":{"0":1},"b":{},"meta":{"lastBranch":0,"lastFunction":1,"lastStatement":2,"seen":{"s:4:16:18:Infinity":0,"f:4:16:4:22":0,"s:5:4:16:Infinity":1}}}
,"N:\\Sem-5\\IT314-Software Engineering\\Project\\newHG\\Hour-Glass\\Frontend\\src\\components\\Navbar.jsx": {"path":"N:\\Sem-5\\IT314-Software Engineering\\Project\\newHG\\Hour-Glass\\Frontend\\src\\components\\Navbar.jsx","statementMap":{"0":{"start":{"line":8,"column":26},"end":{"line":8,"column":null}},"1":{"start":{"line":10,"column":2},"end":{"line":55,"column":null}},"2":{"start":{"line":34,"column":33},"end":{"line":34,"column":53}}},"fnMap":{"0":{"name":"Navbar","decl":{"start":{"line":7,"column":9},"end":{"line":7,"column":18}},"loc":{"start":{"line":7,"column":18},"end":{"line":57,"column":null}},"line":7},"1":{"name":"(anonymous_1)","decl":{"start":{"line":34,"column":27},"end":{"line":34,"column":33}},"loc":{"start":{"line":34,"column":33},"end":{"line":34,"column":53}},"line":34}},"branchMap":{"0":{"loc":{"start":{"line":35,"column":13},"end":{"line":35,"column":null}},"type":"cond-expr","locations":[{"start":{"line":35,"column":22},"end":{"line":35,"column":52}},{"start":{"line":35,"column":52},"end":{"line":35,"column":null}}],"line":35},"1":{"loc":{"start":{"line":41,"column":7},"end":{"line":53,"column":null}},"type":"binary-expr","locations":[{"start":{"line":41,"column":7},"end":{"line":41,"column":null}},{"start":{"line":42,"column":8},"end":{"line":53,"column":null}}],"line":41}},"s":{"0":7,"1":7,"2":3},"f":{"0":7,"1":3},"b":{"0":[2,5],"1":[7,2]},"meta":{"lastBranch":2,"lastFunction":2,"lastStatement":3,"seen":{"f:7:9:7:18":0,"s:8:26:8:Infinity":0,"s:10:2:55:Infinity":1,"f:34:27:34:33":1,"s:34:33:34:53":2,"b:35:22:35:52:35:52:35:Infinity":0,"b:41:7:41:Infinity:42:8:53:Infinity":1}}}
,"N:\\Sem-5\\IT314-Software Engineering\\Project\\newHG\\Hour-Glass\\Frontend\\src\\config\\api.js": {"path":"N:\\Sem-5\\IT314-Software Engineering\\Project\\newHG\\Hour-Glass\\Frontend\\src\\config\\api.js","statementMap":{"0":{"start":{"line":3,"column":21},"end":{"line":6,"column":null}}},"fnMap":{},"branchMap":{"0":{"loc":{"start":{"line":3,"column":21},"end":{"line":6,"column":null}},"type":"binary-expr","locations":[{"start":{"line":3,"column":21},"end":{"line":3,"column":null}},{"start":{"line":4,"column":3},"end":{"line":6,"column":null}}],"line":3},"1":{"loc":{"start":{"line":4,"column":3},"end":{"line":6,"column":null}},"type":"cond-expr","locations":[{"start":{"line":5,"column":6},"end":{"line":5,"column":null}},{"start":{"line":6,"column":6},"end":{"line":6,"column":null}}],"line":4}},"s":{"0":2},"f":{},"b":{"0":[2,2],"1":[0,2]},"meta":{"lastBranch":2,"lastFunction":0,"lastStatement":1,"seen":{"s:3:21:6:Infinity":0,"b:3:21:3:Infinity:4:3:6:Infinity":0,"b:5:6:5:Infinity:6:6:6:Infinity":1}}}
,"N:\\Sem-5\\IT314-Software Engineering\\Project\\newHG\\Hour-Glass\\Frontend\\src\\config\\fetcher.js": {"path":"N:\\Sem-5\\IT314-Software Engineering\\Project\\newHG\\Hour-Glass\\Frontend\\src\\config\\fetcher.js","statementMap":{"0":{"start":{"line":3,"column":2},"end":{"line":10,"column":3}},"1":{"start":{"line":4,"column":18},"end":{"line":4,"column":148}},"2":{"start":{"line":5,"column":20},"end":{"line":5,"column":32}},"3":{"start":{"line":6,"column":4},"end":{"line":6,"column":60}},"4":{"start":{"line":6,"column":15},"end":{"line":6,"column":60}},"5":{"start":{"line":7,"column":4},"end":{"line":7,"column":19}},"6":{"start":{"line":9,"column":4},"end":{"line":9,"column":24}}},"fnMap":{"0":{"name":"buildHeaders","decl":{"start":{"line":2,"column":16},"end":{"line":2,"column":28}},"loc":{"start":{"line":2,"column":41},"end":{"line":11,"column":1}},"line":2}},"branchMap":{"0":{"loc":{"start":{"line":2,"column":29},"end":{"line":2,"column":39}},"type":"default-arg","locations":[{"start":{"line":2,"column":37},"end":{"line":2,"column":39}}],"line":2},"1":{"loc":{"start":{"line":4,"column":18},"end":{"line":4,"column":148}},"type":"binary-expr","locations":[{"start":{"line":4,"column":19},"end":{"line":4,"column":42}},{"start":{"line":4,"column":46},"end":{"line":4,"column":75}},{"start":{"line":4,"column":81},"end":{"line":4,"column":106}},{"start":{"line":4,"column":110},"end":{"line":4,"column":141}},{"start":{"line":4,"column":146},"end":{"line":4,"column":148}}],"line":4},"2":{"loc":{"start":{"line":6,"column":4},"end":{"line":6,"column":60}},"type":"if","locations":[{"start":{"line":6,"column":4},"end":{"line":6,"column":60}},{"start":{},"end":{}}],"line":6}},"s":{"0":51,"1":51,"2":51,"3":51,"4":39,"5":51,"6":0},"f":{"0":51},"b":{"0":[51],"1":[51,51,12,12,12],"2":[39,12]},"meta":{"lastBranch":3,"lastFunction":1,"lastStatement":7,"seen":{"f:2:16:2:28":0,"b:2:37:2:39":0,"s:3:2:10:3":0,"s:4:18:4:148":1,"b:4:19:4:42:4:46:4:75:4:81:4:106:4:110:4:141:4:146:4:148":1,"s:5:20:5:32":2,"b:6:4:6:60:undefined:undefined:undefined:undefined":2,"s:6:4:6:60":3,"s:6:15:6:60":4,"s:7:4:7:19":5,"s:9:4:9:24":6}}}
,"N:\\Sem-5\\IT314-Software Engineering\\Project\\newHG\\Hour-Glass\\Frontend\\src\\pages\\ArchivePage.jsx": {"path":"N:\\Sem-5\\IT314-Software Engineering\\Project\\newHG\\Hour-Glass\\Frontend\\src\\pages\\ArchivePage.jsx","statementMap":{"0":{"start":{"line":10,"column":20},"end":{"line":282,"column":null}},"1":{"start":{"line":12,"column":8},"end":{"line":12,"column":null}},"2":{"start":{"line":13,"column":30},"end":{"line":13,"column":null}},"3":{"start":{"line":14,"column":36},"end":{"line":14,"column":null}},"4":{"start":{"line":15,"column":8},"end":{"line":15,"column":null}},"5":{"start":{"line":16,"column":36},"end":{"line":16,"column":null}},"6":{"start":{"line":19,"column":2},"end":{"line":40,"column":null}},"7":{"start":{"line":20,"column":18},"end":{"line":20,"column":null}},"8":{"start":{"line":21,"column":4},"end":{"line":38,"column":null}},"9":{"start":{"line":22,"column":6},"end":{"line":37,"column":null}},"10":{"start":{"line":23,"column":20},"end":{"line":23,"column":null}},"11":{"start":{"line":24,"column":21},"end":{"line":24,"column":null}},"12":{"start":{"line":25,"column":8},"end":{"line":25,"column":null}},"13":{"start":{"line":25,"column":22},"end":{"line":25,"column":null}},"14":{"start":{"line":26,"column":8},"end":{"line":32,"column":null}},"15":{"start":{"line":27,"column":10},"end":{"line":27,"column":45}},"16":{"start":{"line":27,"column":45},"end":{"line":27,"column":null}},"17":{"start":{"line":28,"column":10},"end":{"line":28,"column":43}},"18":{"start":{"line":28,"column":43},"end":{"line":28,"column":null}},"19":{"start":{"line":29,"column":10},"end":{"line":29,"column":null}},"20":{"start":{"line":31,"column":10},"end":{"line":31,"column":null}},"21":{"start":{"line":34,"column":8},"end":{"line":34,"column":43}},"22":{"start":{"line":34,"column":43},"end":{"line":34,"column":null}},"23":{"start":{"line":35,"column":8},"end":{"line":35,"column":41}},"24":{"start":{"line":35,"column":41},"end":{"line":35,"column":null}},"25":{"start":{"line":36,"column":8},"end":{"line":36,"column":null}},"26":{"start":{"line":39,"column":4},"end":{"line":39,"column":null}},"27":{"start":{"line":39,"column":19},"end":{"line":39,"column":36}},"28":{"start":{"line":43,"column":2},"end":{"line":64,"column":null}},"29":{"start":{"line":44,"column":26},"end":{"line":62,"column":null}},"30":{"start":{"line":45,"column":6},"end":{"line":61,"column":null}},"31":{"start":{"line":46,"column":20},"end":{"line":46,"column":null}},"32":{"start":{"line":47,"column":8},"end":{"line":47,"column":null}},"33":{"start":{"line":47,"column":21},"end":{"line":47,"column":null}},"34":{"start":{"line":48,"column":20},"end":{"line":48,"column":null}},"35":{"start":{"line":49,"column":8},"end":{"line":57,"column":null}},"36":{"start":{"line":49,"column":55},"end":{"line":57,"column":10}},"37":{"start":{"line":59,"column":8},"end":{"line":59,"column":null}},"38":{"start":{"line":60,"column":8},"end":{"line":60,"column":null}},"39":{"start":{"line":60,"column":26},"end":{"line":60,"column":65}},"40":{"start":{"line":60,"column":65},"end":{"line":60,"column":106}},"41":{"start":{"line":60,"column":120},"end":{"line":60,"column":137}},"42":{"start":{"line":63,"column":4},"end":{"line":63,"column":null}},"43":{"start":{"line":67,"column":27},"end":{"line":83,"column":null}},"44":{"start":{"line":68,"column":16},"end":{"line":68,"column":null}},"45":{"start":{"line":69,"column":4},"end":{"line":69,"column":null}},"46":{"start":{"line":69,"column":12},"end":{"line":69,"column":null}},"47":{"start":{"line":70,"column":20},"end":{"line":78,"column":null}},"48":{"start":{"line":71,"column":6},"end":{"line":71,"column":null}},"49":{"start":{"line":71,"column":25},"end":{"line":71,"column":null}},"50":{"start":{"line":72,"column":6},"end":{"line":77,"column":null}},"51":{"start":{"line":72,"column":58},"end":{"line":72,"column":null}},"52":{"start":{"line":72,"column":75},"end":{"line":77,"column":null}},"53":{"start":{"line":74,"column":8},"end":{"line":74,"column":null}},"54":{"start":{"line":74,"column":19},"end":{"line":74,"column":null}},"55":{"start":{"line":75,"column":8},"end":{"line":75,"column":null}},"56":{"start":{"line":75,"column":24},"end":{"line":75,"column":null}},"57":{"start":{"line":76,"column":8},"end":{"line":76,"column":null}},"58":{"start":{"line":76,"column":21},"end":{"line":76,"column":null}},"59":{"start":{"line":79,"column":4},"end":{"line":79,"column":null}},"60":{"start":{"line":80,"column":4},"end":{"line":80,"column":null}},"61":{"start":{"line":81,"column":4},"end":{"line":81,"column":null}},"62":{"start":{"line":81,"column":34},"end":{"line":81,"column":null}},"63":{"start":{"line":82,"column":4},"end":{"line":82,"column":null}},"64":{"start":{"line":85,"column":21},"end":{"line":93,"column":null}},"65":{"start":{"line":86,"column":4},"end":{"line":88,"column":null}},"66":{"start":{"line":87,"column":6},"end":{"line":87,"column":null}},"67":{"start":{"line":89,"column":20},"end":{"line":89,"column":null}},"68":{"start":{"line":90,"column":19},"end":{"line":90,"column":null}},"69":{"start":{"line":91,"column":19},"end":{"line":91,"column":null}},"70":{"start":{"line":91,"column":39},"end":{"line":91,"column":57}},"71":{"start":{"line":92,"column":4},"end":{"line":92,"column":null}},"72":{"start":{"line":96,"column":23},"end":{"line":98,"column":null}},"73":{"start":{"line":97,"column":22},"end":{"line":97,"column":42}},"74":{"start":{"line":98,"column":19},"end":{"line":98,"column":43}},"75":{"start":{"line":101,"column":8},"end":{"line":112,"column":null}},"76":{"start":{"line":102,"column":10},"end":{"line":102,"column":null}},"77":{"start":{"line":103,"column":4},"end":{"line":103,"column":null}},"78":{"start":{"line":103,"column":12},"end":{"line":103,"column":null}},"79":{"start":{"line":104,"column":4},"end":{"line":111,"column":null}},"80":{"start":{"line":105,"column":19},"end":{"line":105,"column":null}},"81":{"start":{"line":106,"column":19},"end":{"line":106,"column":null}},"82":{"start":{"line":107,"column":6},"end":{"line":107,"column":null}},"83":{"start":{"line":107,"column":48},"end":{"line":107,"column":null}},"84":{"start":{"line":108,"column":21},"end":{"line":108,"column":null}},"85":{"start":{"line":108,"column":74},"end":{"line":108,"column":89}},"86":{"start":{"line":109,"column":6},"end":{"line":109,"column":null}},"87":{"start":{"line":109,"column":27},"end":{"line":109,"column":40}},"88":{"start":{"line":109,"column":43},"end":{"line":109,"column":null}},"89":{"start":{"line":110,"column":6},"end":{"line":110,"column":null}},"90":{"start":{"line":114,"column":2},"end":{"line":280,"column":null}},"91":{"start":{"line":122,"column":27},"end":{"line":122,"column":null}},"92":{"start":{"line":148,"column":29},"end":{"line":148,"column":null}},"93":{"start":{"line":159,"column":29},"end":{"line":159,"column":null}},"94":{"start":{"line":177,"column":16},"end":{"line":274,"column":null}},"95":{"start":{"line":188,"column":39},"end":{"line":188,"column":null}},"96":{"start":{"line":201,"column":26},"end":{"line":201,"column":null}},"97":{"start":{"line":202,"column":26},"end":{"line":202,"column":null}},"98":{"start":{"line":203,"column":26},"end":{"line":226,"column":null}},"99":{"start":{"line":204,"column":39},"end":{"line":204,"column":null}},"100":{"start":{"line":205,"column":28},"end":{"line":208,"column":null}},"101":{"start":{"line":206,"column":30},"end":{"line":206,"column":null}},"102":{"start":{"line":207,"column":30},"end":{"line":207,"column":null}},"103":{"start":{"line":209,"column":38},"end":{"line":214,"column":null}},"104":{"start":{"line":215,"column":28},"end":{"line":222,"column":null}},"105":{"start":{"line":216,"column":30},"end":{"line":216,"column":null}},"106":{"start":{"line":217,"column":30},"end":{"line":217,"column":null}},"107":{"start":{"line":219,"column":41},"end":{"line":219,"column":null}},"108":{"start":{"line":219,"column":68},"end":{"line":219,"column":70}},"109":{"start":{"line":220,"column":30},"end":{"line":220,"column":null}},"110":{"start":{"line":221,"column":30},"end":{"line":221,"column":null}},"111":{"start":{"line":224,"column":28},"end":{"line":224,"column":null}},"112":{"start":{"line":225,"column":28},"end":{"line":225,"column":null}},"113":{"start":{"line":245,"column":24},"end":{"line":267,"column":null}},"114":{"start":{"line":246,"column":36},"end":{"line":246,"column":null}},"115":{"start":{"line":247,"column":26},"end":{"line":266,"column":null}},"116":{"start":{"line":248,"column":28},"end":{"line":248,"column":null}},"117":{"start":{"line":250,"column":41},"end":{"line":250,"column":null}},"118":{"start":{"line":251,"column":28},"end":{"line":261,"column":null}},"119":{"start":{"line":252,"column":42},"end":{"line":252,"column":null}},"120":{"start":{"line":253,"column":30},"end":{"line":260,"column":null}},"121":{"start":{"line":253,"column":77},"end":{"line":260,"column":32}},"122":{"start":{"line":263,"column":41},"end":{"line":263,"column":null}},"123":{"start":{"line":263,"column":68},"end":{"line":263,"column":70}},"124":{"start":{"line":264,"column":28},"end":{"line":264,"column":null}},"125":{"start":{"line":265,"column":28},"end":{"line":265,"column":null}},"126":{"start":{"line":267,"column":40},"end":{"line":267,"column":81}},"127":{"start":{"line":267,"column":81},"end":{"line":267,"column":109}}},"fnMap":{"0":{"name":"(anonymous_0)","decl":{"start":{"line":10,"column":20},"end":{"line":10,"column":26}},"loc":{"start":{"line":10,"column":26},"end":{"line":282,"column":null}},"line":10},"1":{"name":"(anonymous_1)","decl":{"start":{"line":19,"column":12},"end":{"line":19,"column":18}},"loc":{"start":{"line":19,"column":18},"end":{"line":40,"column":5}},"line":19},"2":{"name":"(anonymous_2)","decl":{"start":{"line":21,"column":5},"end":{"line":21,"column":17}},"loc":{"start":{"line":21,"column":17},"end":{"line":38,"column":7}},"line":21},"3":{"name":"(anonymous_3)","decl":{"start":{"line":39,"column":11},"end":{"line":39,"column":17}},"loc":{"start":{"line":39,"column":17},"end":{"line":39,"column":null}},"line":39},"4":{"name":"(anonymous_4)","decl":{"start":{"line":43,"column":12},"end":{"line":43,"column":18}},"loc":{"start":{"line":43,"column":18},"end":{"line":64,"column":5}},"line":43},"5":{"name":"(anonymous_5)","decl":{"start":{"line":44,"column":26},"end":{"line":44,"column":38}},"loc":{"start":{"line":44,"column":38},"end":{"line":62,"column":null}},"line":44},"6":{"name":"(anonymous_6)","decl":{"start":{"line":49,"column":49},"end":{"line":49,"column":55}},"loc":{"start":{"line":49,"column":55},"end":{"line":57,"column":10}},"line":49},"7":{"name":"(anonymous_7)","decl":{"start":{"line":67,"column":27},"end":{"line":67,"column":28}},"loc":{"start":{"line":67,"column":34},"end":{"line":83,"column":null}},"line":67},"8":{"name":"(anonymous_8)","decl":{"start":{"line":70,"column":20},"end":{"line":70,"column":21}},"loc":{"start":{"line":70,"column":27},"end":{"line":78,"column":null}},"line":70},"9":{"name":"(anonymous_9)","decl":{"start":{"line":85,"column":21},"end":{"line":85,"column":22}},"loc":{"start":{"line":85,"column":34},"end":{"line":93,"column":null}},"line":85},"10":{"name":"(anonymous_10)","decl":{"start":{"line":91,"column":32},"end":{"line":91,"column":33}},"loc":{"start":{"line":91,"column":39},"end":{"line":91,"column":57}},"line":91},"11":{"name":"(anonymous_11)","decl":{"start":{"line":97,"column":9},"end":{"line":97,"column":10}},"loc":{"start":{"line":97,"column":22},"end":{"line":97,"column":42}},"line":97},"12":{"name":"(anonymous_12)","decl":{"start":{"line":98,"column":12},"end":{"line":98,"column":13}},"loc":{"start":{"line":98,"column":19},"end":{"line":98,"column":43}},"line":98},"13":{"name":"(anonymous_13)","decl":{"start":{"line":101,"column":28},"end":{"line":101,"column":34}},"loc":{"start":{"line":101,"column":34},"end":{"line":112,"column":5}},"line":101},"14":{"name":"(anonymous_14)","decl":{"start":{"line":104,"column":31},"end":{"line":104,"column":32}},"loc":{"start":{"line":104,"column":38},"end":{"line":111,"column":5}},"line":104},"15":{"name":"(anonymous_15)","decl":{"start":{"line":108,"column":69},"end":{"line":108,"column":74}},"loc":{"start":{"line":108,"column":74},"end":{"line":108,"column":89}},"line":108},"16":{"name":"(anonymous_16)","decl":{"start":{"line":109,"column":22},"end":{"line":109,"column":27}},"loc":{"start":{"line":109,"column":27},"end":{"line":109,"column":40}},"line":109},"17":{"name":"(anonymous_17)","decl":{"start":{"line":122,"column":21},"end":{"line":122,"column":27}},"loc":{"start":{"line":122,"column":27},"end":{"line":122,"column":null}},"line":122},"18":{"name":"(anonymous_18)","decl":{"start":{"line":148,"column":22},"end":{"line":148,"column":23}},"loc":{"start":{"line":148,"column":29},"end":{"line":148,"column":null}},"line":148},"19":{"name":"(anonymous_19)","decl":{"start":{"line":159,"column":23},"end":{"line":159,"column":29}},"loc":{"start":{"line":159,"column":29},"end":{"line":159,"column":null}},"line":159},"20":{"name":"(anonymous_20)","decl":{"start":{"line":176,"column":36},"end":{"line":176,"column":37}},"loc":{"start":{"line":177,"column":16},"end":{"line":274,"column":null}},"line":177},"21":{"name":"(anonymous_21)","decl":{"start":{"line":188,"column":33},"end":{"line":188,"column":39}},"loc":{"start":{"line":188,"column":39},"end":{"line":188,"column":null}},"line":188},"22":{"name":"(anonymous_22)","decl":{"start":{"line":200,"column":33},"end":{"line":200,"column":40}},"loc":{"start":{"line":200,"column":46},"end":{"line":227,"column":null}},"line":200},"23":{"name":"(anonymous_23)","decl":{"start":{"line":219,"column":62},"end":{"line":219,"column":68}},"loc":{"start":{"line":219,"column":68},"end":{"line":219,"column":70}},"line":219},"24":{"name":"(anonymous_24)","decl":{"start":{"line":244,"column":31},"end":{"line":244,"column":43}},"loc":{"start":{"line":244,"column":43},"end":{"line":268,"column":null}},"line":244},"25":{"name":"(anonymous_25)","decl":{"start":{"line":253,"column":71},"end":{"line":253,"column":77}},"loc":{"start":{"line":253,"column":77},"end":{"line":260,"column":32}},"line":253},"26":{"name":"(anonymous_26)","decl":{"start":{"line":263,"column":62},"end":{"line":263,"column":68}},"loc":{"start":{"line":263,"column":68},"end":{"line":263,"column":70}},"line":263}},"branchMap":{"0":{"loc":{"start":{"line":25,"column":8},"end":{"line":25,"column":null}},"type":"if","locations":[{"start":{"line":25,"column":8},"end":{"line":25,"column":null}},{"start":{},"end":{}}],"line":25},"1":{"loc":{"start":{"line":26,"column":8},"end":{"line":32,"column":null}},"type":"if","locations":[{"start":{"line":26,"column":8},"end":{"line":32,"column":null}},{"start":{"line":30,"column":15},"end":{"line":32,"column":null}}],"line":26},"2":{"loc":{"start":{"line":26,"column":12},"end":{"line":26,"column":54}},"type":"binary-expr","locations":[{"start":{"line":26,"column":12},"end":{"line":26,"column":21}},{"start":{"line":26,"column":21},"end":{"line":26,"column":38}},{"start":{"line":26,"column":38},"end":{"line":26,"column":54}}],"line":26},"3":{"loc":{"start":{"line":47,"column":8},"end":{"line":47,"column":null}},"type":"if","locations":[{"start":{"line":47,"column":8},"end":{"line":47,"column":null}},{"start":{},"end":{}}],"line":47},"4":{"loc":{"start":{"line":49,"column":20},"end":{"line":57,"column":16}},"type":"cond-expr","locations":[{"start":{"line":49,"column":41},"end":{"line":57,"column":14}},{"start":{"line":57,"column":14},"end":{"line":57,"column":16}}],"line":49},"5":{"loc":{"start":{"line":51,"column":16},"end":{"line":51,"column":null}},"type":"binary-expr","locations":[{"start":{"line":51,"column":16},"end":{"line":51,"column":33}},{"start":{"line":51,"column":33},"end":{"line":51,"column":null}}],"line":51},"6":{"loc":{"start":{"line":52,"column":23},"end":{"line":52,"column":null}},"type":"binary-expr","locations":[{"start":{"line":52,"column":23},"end":{"line":52,"column":40}},{"start":{"line":52,"column":40},"end":{"line":52,"column":null}}],"line":52},"7":{"loc":{"start":{"line":55,"column":23},"end":{"line":55,"column":null}},"type":"binary-expr","locations":[{"start":{"line":55,"column":23},"end":{"line":55,"column":39}},{"start":{"line":55,"column":39},"end":{"line":55,"column":58}},{"start":{"line":55,"column":58},"end":{"line":55,"column":null}}],"line":55},"8":{"loc":{"start":{"line":56,"column":18},"end":{"line":56,"column":null}},"type":"binary-expr","locations":[{"start":{"line":56,"column":18},"end":{"line":56,"column":34}},{"start":{"line":56,"column":34},"end":{"line":56,"column":58}},{"start":{"line":56,"column":58},"end":{"line":56,"column":79}},{"start":{"line":56,"column":79},"end":{"line":56,"column":90}},{"start":{"line":56,"column":90},"end":{"line":56,"column":null}}],"line":56},"9":{"loc":{"start":{"line":60,"column":77},"end":{"line":60,"column":103}},"type":"cond-expr","locations":[{"start":{"line":60,"column":83},"end":{"line":60,"column":101}},{"start":{"line":60,"column":101},"end":{"line":60,"column":103}}],"line":60},"10":{"loc":{"start":{"line":69,"column":4},"end":{"line":69,"column":null}},"type":"if","locations":[{"start":{"line":69,"column":4},"end":{"line":69,"column":null}},{"start":{},"end":{}}],"line":69},"11":{"loc":{"start":{"line":71,"column":6},"end":{"line":71,"column":null}},"type":"if","locations":[{"start":{"line":71,"column":6},"end":{"line":71,"column":null}},{"start":{},"end":{}}],"line":71},"12":{"loc":{"start":{"line":71,"column":10},"end":{"line":71,"column":25}},"type":"binary-expr","locations":[{"start":{"line":71,"column":10},"end":{"line":71,"column":16}},{"start":{"line":71,"column":16},"end":{"line":71,"column":25}}],"line":71},"13":{"loc":{"start":{"line":72,"column":6},"end":{"line":77,"column":null}},"type":"if","locations":[{"start":{"line":72,"column":6},"end":{"line":77,"column":null}},{"start":{"line":72,"column":75},"end":{"line":77,"column":null}}],"line":72},"14":{"loc":{"start":{"line":72,"column":10},"end":{"line":72,"column":58}},"type":"binary-expr","locations":[{"start":{"line":72,"column":10},"end":{"line":72,"column":35}},{"start":{"line":72,"column":35},"end":{"line":72,"column":58}}],"line":72},"15":{"loc":{"start":{"line":72,"column":75},"end":{"line":77,"column":null}},"type":"if","locations":[{"start":{"line":72,"column":75},"end":{"line":77,"column":null}},{"start":{},"end":{}}],"line":72},"16":{"loc":{"start":{"line":74,"column":8},"end":{"line":74,"column":null}},"type":"if","locations":[{"start":{"line":74,"column":8},"end":{"line":74,"column":null}},{"start":{},"end":{}}],"line":74},"17":{"loc":{"start":{"line":75,"column":8},"end":{"line":75,"column":null}},"type":"if","locations":[{"start":{"line":75,"column":8},"end":{"line":75,"column":null}},{"start":{},"end":{}}],"line":75},"18":{"loc":{"start":{"line":76,"column":8},"end":{"line":76,"column":null}},"type":"if","locations":[{"start":{"line":76,"column":8},"end":{"line":76,"column":null}},{"start":{},"end":{}}],"line":76},"19":{"loc":{"start":{"line":81,"column":4},"end":{"line":81,"column":null}},"type":"if","locations":[{"start":{"line":81,"column":4},"end":{"line":81,"column":null}},{"start":{},"end":{}}],"line":81},"20":{"loc":{"start":{"line":81,"column":8},"end":{"line":81,"column":34}},"type":"binary-expr","locations":[{"start":{"line":81,"column":8},"end":{"line":81,"column":17}},{"start":{"line":81,"column":17},"end":{"line":81,"column":34}}],"line":81},"21":{"loc":{"start":{"line":86,"column":4},"end":{"line":88,"column":null}},"type":"if","locations":[{"start":{"line":86,"column":4},"end":{"line":88,"column":null}},{"start":{},"end":{}}],"line":86},"22":{"loc":{"start":{"line":86,"column":8},"end":{"line":86,"column":34}},"type":"binary-expr","locations":[{"start":{"line":86,"column":8},"end":{"line":86,"column":24}},{"start":{"line":86,"column":24},"end":{"line":86,"column":34}}],"line":86},"23":{"loc":{"start":{"line":98,"column":19},"end":{"line":98,"column":43}},"type":"binary-expr","locations":[{"start":{"line":98,"column":19},"end":{"line":98,"column":33}},{"start":{"line":98,"column":33},"end":{"line":98,"column":43}}],"line":98},"24":{"loc":{"start":{"line":102,"column":15},"end":{"line":102,"column":34}},"type":"binary-expr","locations":[{"start":{"line":102,"column":15},"end":{"line":102,"column":30}},{"start":{"line":102,"column":30},"end":{"line":102,"column":34}}],"line":102},"25":{"loc":{"start":{"line":103,"column":4},"end":{"line":103,"column":null}},"type":"if","locations":[{"start":{"line":103,"column":4},"end":{"line":103,"column":null}},{"start":{},"end":{}}],"line":103},"26":{"loc":{"start":{"line":105,"column":26},"end":{"line":105,"column":38}},"type":"binary-expr","locations":[{"start":{"line":105,"column":26},"end":{"line":105,"column":36}},{"start":{"line":105,"column":36},"end":{"line":105,"column":38}}],"line":105},"27":{"loc":{"start":{"line":106,"column":26},"end":{"line":106,"column":45}},"type":"binary-expr","locations":[{"start":{"line":106,"column":26},"end":{"line":106,"column":43}},{"start":{"line":106,"column":43},"end":{"line":106,"column":45}}],"line":106},"28":{"loc":{"start":{"line":107,"column":6},"end":{"line":107,"column":null}},"type":"if","locations":[{"start":{"line":107,"column":6},"end":{"line":107,"column":null}},{"start":{},"end":{}}],"line":107},"29":{"loc":{"start":{"line":107,"column":10},"end":{"line":107,"column":48}},"type":"binary-expr","locations":[{"start":{"line":107,"column":10},"end":{"line":107,"column":30}},{"start":{"line":107,"column":30},"end":{"line":107,"column":48}}],"line":107},"30":{"loc":{"start":{"line":109,"column":6},"end":{"line":109,"column":null}},"type":"if","locations":[{"start":{"line":109,"column":6},"end":{"line":109,"column":null}},{"start":{},"end":{}}],"line":109},"31":{"loc":{"start":{"line":156,"column":11},"end":{"line":164,"column":null}},"type":"binary-expr","locations":[{"start":{"line":156,"column":11},"end":{"line":156,"column":null}},{"start":{"line":157,"column":12},"end":{"line":164,"column":null}}],"line":156},"32":{"loc":{"start":{"line":170,"column":11},"end":{"line":276,"column":null}},"type":"cond-expr","locations":[{"start":{"line":171,"column":13},"end":{"line":171,"column":null}},{"start":{"line":172,"column":14},"end":{"line":276,"column":null}}],"line":170},"33":{"loc":{"start":{"line":172,"column":14},"end":{"line":276,"column":null}},"type":"cond-expr","locations":[{"start":{"line":173,"column":12},"end":{"line":173,"column":null}},{"start":{"line":175,"column":12},"end":{"line":276,"column":null}}],"line":172},"34":{"loc":{"start":{"line":188,"column":61},"end":{"line":188,"column":88}},"type":"binary-expr","locations":[{"start":{"line":188,"column":61},"end":{"line":188,"column":76}},{"start":{"line":188,"column":76},"end":{"line":188,"column":88}}],"line":188},"35":{"loc":{"start":{"line":197,"column":21},"end":{"line":240,"column":null}},"type":"cond-expr","locations":[{"start":{"line":198,"column":22},"end":{"line":231,"column":null}},{"start":{"line":233,"column":22},"end":{"line":240,"column":null}}],"line":197},"36":{"loc":{"start":{"line":205,"column":28},"end":{"line":208,"column":null}},"type":"if","locations":[{"start":{"line":205,"column":28},"end":{"line":208,"column":null}},{"start":{},"end":{}}],"line":205},"37":{"loc":{"start":{"line":215,"column":28},"end":{"line":222,"column":null}},"type":"if","locations":[{"start":{"line":215,"column":28},"end":{"line":222,"column":null}},{"start":{"line":218,"column":35},"end":{"line":222,"column":null}}],"line":215},"38":{"loc":{"start":{"line":247,"column":26},"end":{"line":266,"column":null}},"type":"if","locations":[{"start":{"line":247,"column":26},"end":{"line":266,"column":null}},{"start":{"line":262,"column":33},"end":{"line":266,"column":null}}],"line":247},"39":{"loc":{"start":{"line":251,"column":28},"end":{"line":261,"column":null}},"type":"if","locations":[{"start":{"line":251,"column":28},"end":{"line":261,"column":null}},{"start":{},"end":{}}],"line":251},"40":{"loc":{"start":{"line":253,"column":42},"end":{"line":260,"column":38}},"type":"cond-expr","locations":[{"start":{"line":253,"column":63},"end":{"line":260,"column":36}},{"start":{"line":260,"column":36},"end":{"line":260,"column":38}}],"line":253},"41":{"loc":{"start":{"line":255,"column":38},"end":{"line":255,"column":null}},"type":"binary-expr","locations":[{"start":{"line":255,"column":38},"end":{"line":255,"column":55}},{"start":{"line":255,"column":55},"end":{"line":255,"column":null}}],"line":255},"42":{"loc":{"start":{"line":256,"column":45},"end":{"line":256,"column":null}},"type":"binary-expr","locations":[{"start":{"line":256,"column":45},"end":{"line":256,"column":62}},{"start":{"line":256,"column":62},"end":{"line":256,"column":null}}],"line":256},"43":{"loc":{"start":{"line":259,"column":45},"end":{"line":259,"column":null}},"type":"binary-expr","locations":[{"start":{"line":259,"column":45},"end":{"line":259,"column":61}},{"start":{"line":259,"column":61},"end":{"line":259,"column":80}},{"start":{"line":259,"column":80},"end":{"line":259,"column":null}}],"line":259}},"s":{"0":1,"1":15,"2":15,"3":15,"4":15,"5":15,"6":15,"7":6,"8":6,"9":6,"10":6,"11":6,"12":6,"13":0,"14":6,"15":1,"16":1,"17":1,"18":1,"19":1,"20":5,"21":0,"22":0,"23":0,"24":0,"25":0,"26":6,"27":6,"28":15,"29":6,"30":6,"31":6,"32":6,"33":0,"34":6,"35":6,"36":24,"37":0,"38":0,"39":0,"40":0,"41":0,"42":6,"43":15,"44":16,"45":16,"46":0,"47":16,"48":32,"49":2,"50":30,"51":30,"52":0,"53":0,"54":0,"55":0,"56":0,"57":0,"58":0,"59":16,"60":16,"61":16,"62":0,"63":16,"64":15,"65":17,"66":2,"67":15,"68":15,"69":15,"70":31,"71":15,"72":15,"73":36,"74":36,"75":15,"76":15,"77":15,"78":14,"79":1,"80":2,"81":2,"82":2,"83":1,"84":1,"85":2,"86":1,"87":2,"88":0,"89":1,"90":15,"91":0,"92":2,"93":0,"94":17,"95":0,"96":1,"97":1,"98":1,"99":1,"100":1,"101":0,"102":0,"103":1,"104":1,"105":1,"106":1,"107":0,"108":0,"109":0,"110":0,"111":0,"112":0,"113":1,"114":1,"115":1,"116":1,"117":1,"118":1,"119":1,"120":1,"121":4,"122":0,"123":0,"124":0,"125":0,"126":0,"127":0},"f":{"0":15,"1":6,"2":6,"3":6,"4":6,"5":6,"6":24,"7":16,"8":32,"9":17,"10":31,"11":36,"12":36,"13":15,"14":2,"15":2,"16":2,"17":0,"18":2,"19":0,"20":17,"21":0,"22":1,"23":0,"24":1,"25":4,"26":0},"b":{"0":[0,6],"1":[1,5],"2":[6,6,5],"3":[0,6],"4":[6,0],"5":[24,0],"6":[24,0],"7":[24,24,0],"8":[24,24,0,0,0],"9":[0,0],"10":[0,16],"11":[2,30],"12":[32,2],"13":[30,0],"14":[30,0],"15":[0,0],"16":[0,0],"17":[0,0],"18":[0,0],"19":[0,16],"20":[16,0],"21":[2,15],"22":[17,15],"23":[36,18],"24":[15,14],"25":[14,1],"26":[2,0],"27":[2,0],"28":[1,1],"29":[2,1],"30":[0,1],"31":[15,1],"32":[6,9],"33":[0,9],"34":[0,0],"35":[7,10],"36":[0,1],"37":[1,0],"38":[1,0],"39":[1,0],"40":[1,0],"41":[4,0],"42":[4,0],"43":[4,4,0]},"meta":{"lastBranch":44,"lastFunction":27,"lastStatement":128,"seen":{"s:10:20:282:Infinity":0,"f:10:20:10:26":0,"s:12:8:12:Infinity":1,"s:13:30:13:Infinity":2,"s:14:36:14:Infinity":3,"s:15:8:15:Infinity":4,"s:16:36:16:Infinity":5,"s:19:2:40:Infinity":6,"f:19:12:19:18":1,"s:20:18:20:Infinity":7,"s:21:4:38:Infinity":8,"f:21:5:21:17":2,"s:22:6:37:Infinity":9,"s:23:20:23:Infinity":10,"s:24:21:24:Infinity":11,"b:25:8:25:Infinity:undefined:undefined:undefined:undefined":0,"s:25:8:25:Infinity":12,"s:25:22:25:Infinity":13,"b:26:8:32:Infinity:30:15:32:Infinity":1,"s:26:8:32:Infinity":14,"b:26:12:26:21:26:21:26:38:26:38:26:54":2,"s:27:10:27:45":15,"s:27:45:27:Infinity":16,"s:28:10:28:43":17,"s:28:43:28:Infinity":18,"s:29:10:29:Infinity":19,"s:31:10:31:Infinity":20,"s:34:8:34:43":21,"s:34:43:34:Infinity":22,"s:35:8:35:41":23,"s:35:41:35:Infinity":24,"s:36:8:36:Infinity":25,"s:39:4:39:Infinity":26,"f:39:11:39:17":3,"s:39:19:39:36":27,"s:43:2:64:Infinity":28,"f:43:12:43:18":4,"s:44:26:62:Infinity":29,"f:44:26:44:38":5,"s:45:6:61:Infinity":30,"s:46:20:46:Infinity":31,"b:47:8:47:Infinity:undefined:undefined:undefined:undefined":3,"s:47:8:47:Infinity":32,"s:47:21:47:Infinity":33,"s:48:20:48:Infinity":34,"s:49:8:57:Infinity":35,"b:49:41:57:14:57:14:57:16":4,"f:49:49:49:55":6,"s:49:55:57:10":36,"b:51:16:51:33:51:33:51:Infinity":5,"b:52:23:52:40:52:40:52:Infinity":6,"b:55:23:55:39:55:39:55:58:55:58:55:Infinity":7,"b:56:18:56:34:56:34:56:58:56:58:56:79:56:79:56:90:56:90:56:Infinity":8,"s:59:8:59:Infinity":37,"s:60:8:60:Infinity":38,"s:60:26:60:65":39,"s:60:65:60:106":40,"b:60:83:60:101:60:101:60:103":9,"s:60:120:60:137":41,"s:63:4:63:Infinity":42,"s:67:27:83:Infinity":43,"f:67:27:67:28":7,"s:68:16:68:Infinity":44,"b:69:4:69:Infinity:undefined:undefined:undefined:undefined":10,"s:69:4:69:Infinity":45,"s:69:12:69:Infinity":46,"s:70:20:78:Infinity":47,"f:70:20:70:21":8,"b:71:6:71:Infinity:undefined:undefined:undefined:undefined":11,"s:71:6:71:Infinity":48,"b:71:10:71:16:71:16:71:25":12,"s:71:25:71:Infinity":49,"b:72:6:77:Infinity:72:75:77:Infinity":13,"s:72:6:77:Infinity":50,"b:72:10:72:35:72:35:72:58":14,"s:72:58:72:Infinity":51,"b:72:75:77:Infinity:undefined:undefined:undefined:undefined":15,"s:72:75:77:Infinity":52,"b:74:8:74:Infinity:undefined:undefined:undefined:undefined":16,"s:74:8:74:Infinity":53,"s:74:19:74:Infinity":54,"b:75:8:75:Infinity:undefined:undefined:undefined:undefined":17,"s:75:8:75:Infinity":55,"s:75:24:75:Infinity":56,"b:76:8:76:Infinity:undefined:undefined:undefined:undefined":18,"s:76:8:76:Infinity":57,"s:76:21:76:Infinity":58,"s:79:4:79:Infinity":59,"s:80:4:80:Infinity":60,"b:81:4:81:Infinity:undefined:undefined:undefined:undefined":19,"s:81:4:81:Infinity":61,"b:81:8:81:17:81:17:81:34":20,"s:81:34:81:Infinity":62,"s:82:4:82:Infinity":63,"s:85:21:93:Infinity":64,"f:85:21:85:22":9,"b:86:4:88:Infinity:undefined:undefined:undefined:undefined":21,"s:86:4:88:Infinity":65,"b:86:8:86:24:86:24:86:34":22,"s:87:6:87:Infinity":66,"s:89:20:89:Infinity":67,"s:90:19:90:Infinity":68,"s:91:19:91:Infinity":69,"f:91:32:91:33":10,"s:91:39:91:57":70,"s:92:4:92:Infinity":71,"s:96:23:98:Infinity":72,"f:97:9:97:10":11,"s:97:22:97:42":73,"f:98:12:98:13":12,"s:98:19:98:43":74,"b:98:19:98:33:98:33:98:43":23,"s:101:8:112:Infinity":75,"f:101:28:101:34":13,"s:102:10:102:Infinity":76,"b:102:15:102:30:102:30:102:34":24,"b:103:4:103:Infinity:undefined:undefined:undefined:undefined":25,"s:103:4:103:Infinity":77,"s:103:12:103:Infinity":78,"s:104:4:111:Infinity":79,"f:104:31:104:32":14,"s:105:19:105:Infinity":80,"b:105:26:105:36:105:36:105:38":26,"s:106:19:106:Infinity":81,"b:106:26:106:43:106:43:106:45":27,"b:107:6:107:Infinity:undefined:undefined:undefined:undefined":28,"s:107:6:107:Infinity":82,"b:107:10:107:30:107:30:107:48":29,"s:107:48:107:Infinity":83,"s:108:21:108:Infinity":84,"f:108:69:108:74":15,"s:108:74:108:89":85,"b:109:6:109:Infinity:undefined:undefined:undefined:undefined":30,"s:109:6:109:Infinity":86,"f:109:22:109:27":16,"s:109:27:109:40":87,"s:109:43:109:Infinity":88,"s:110:6:110:Infinity":89,"s:114:2:280:Infinity":90,"f:122:21:122:27":17,"s:122:27:122:Infinity":91,"f:148:22:148:23":18,"s:148:29:148:Infinity":92,"b:156:11:156:Infinity:157:12:164:Infinity":31,"f:159:23:159:29":19,"s:159:29:159:Infinity":93,"b:171:13:171:Infinity:172:14:276:Infinity":32,"b:173:12:173:Infinity:175:12:276:Infinity":33,"f:176:36:176:37":20,"s:177:16:274:Infinity":94,"f:188:33:188:39":21,"s:188:39:188:Infinity":95,"b:188:61:188:76:188:76:188:88":34,"b:198:22:231:Infinity:233:22:240:Infinity":35,"f:200:33:200:40":22,"s:201:26:201:Infinity":96,"s:202:26:202:Infinity":97,"s:203:26:226:Infinity":98,"s:204:39:204:Infinity":99,"b:205:28:208:Infinity:undefined:undefined:undefined:undefined":36,"s:205:28:208:Infinity":100,"s:206:30:206:Infinity":101,"s:207:30:207:Infinity":102,"s:209:38:214:Infinity":103,"b:215:28:222:Infinity:218:35:222:Infinity":37,"s:215:28:222:Infinity":104,"s:216:30:216:Infinity":105,"s:217:30:217:Infinity":106,"s:219:41:219:Infinity":107,"f:219:62:219:68":23,"s:219:68:219:70":108,"s:220:30:220:Infinity":109,"s:221:30:221:Infinity":110,"s:224:28:224:Infinity":111,"s:225:28:225:Infinity":112,"f:244:31:244:43":24,"s:245:24:267:Infinity":113,"s:246:36:246:Infinity":114,"b:247:26:266:Infinity:262:33:266:Infinity":38,"s:247:26:266:Infinity":115,"s:248:28:248:Infinity":116,"s:250:41:250:Infinity":117,"b:251:28:261:Infinity:undefined:undefined:undefined:undefined":39,"s:251:28:261:Infinity":118,"s:252:42:252:Infinity":119,"s:253:30:260:Infinity":120,"b:253:63:260:36:260:36:260:38":40,"f:253:71:253:77":25,"s:253:77:260:32":121,"b:255:38:255:55:255:55:255:Infinity":41,"b:256:45:256:62:256:62:256:Infinity":42,"b:259:45:259:61:259:61:259:80:259:80:259:Infinity":43,"s:263:41:263:Infinity":122,"f:263:62:263:68":26,"s:263:68:263:70":123,"s:264:28:264:Infinity":124,"s:265:28:265:Infinity":125,"s:267:40:267:81":126,"s:267:81:267:109":127}}}
,"N:\\Sem-5\\IT314-Software Engineering\\Project\\newHG\\Hour-Glass\\Frontend\\src\\pages\\BinPage.jsx": {"path":"N:\\Sem-5\\IT314-Software Engineering\\Project\\newHG\\Hour-Glass\\Frontend\\src\\pages\\BinPage.jsx","statementMap":{"0":{"start":{"line":13,"column":16},"end":{"line":245,"column":null}},"1":{"start":{"line":14,"column":8},"end":{"line":14,"column":null}},"2":{"start":{"line":15,"column":30},"end":{"line":15,"column":null}},"3":{"start":{"line":16,"column":36},"end":{"line":16,"column":null}},"4":{"start":{"line":17,"column":8},"end":{"line":17,"column":null}},"5":{"start":{"line":20,"column":2},"end":{"line":39,"column":null}},"6":{"start":{"line":21,"column":18},"end":{"line":21,"column":null}},"7":{"start":{"line":22,"column":4},"end":{"line":37,"column":null}},"8":{"start":{"line":23,"column":6},"end":{"line":36,"column":null}},"9":{"start":{"line":24,"column":20},"end":{"line":24,"column":null}},"10":{"start":{"line":25,"column":21},"end":{"line":25,"column":null}},"11":{"start":{"line":26,"column":8},"end":{"line":26,"column":null}},"12":{"start":{"line":26,"column":22},"end":{"line":26,"column":null}},"13":{"start":{"line":27,"column":8},"end":{"line":31,"column":null}},"14":{"start":{"line":28,"column":10},"end":{"line":28,"column":45}},"15":{"start":{"line":28,"column":45},"end":{"line":28,"column":null}},"16":{"start":{"line":29,"column":10},"end":{"line":29,"column":43}},"17":{"start":{"line":29,"column":43},"end":{"line":29,"column":null}},"18":{"start":{"line":30,"column":10},"end":{"line":30,"column":null}},"19":{"start":{"line":33,"column":8},"end":{"line":33,"column":43}},"20":{"start":{"line":33,"column":43},"end":{"line":33,"column":null}},"21":{"start":{"line":34,"column":8},"end":{"line":34,"column":41}},"22":{"start":{"line":34,"column":41},"end":{"line":34,"column":null}},"23":{"start":{"line":35,"column":8},"end":{"line":35,"column":null}},"24":{"start":{"line":38,"column":4},"end":{"line":38,"column":null}},"25":{"start":{"line":38,"column":19},"end":{"line":38,"column":36}},"26":{"start":{"line":41,"column":2},"end":{"line":43,"column":null}},"27":{"start":{"line":42,"column":4},"end":{"line":42,"column":null}},"28":{"start":{"line":47,"column":4},"end":{"line":68,"column":null}},"29":{"start":{"line":48,"column":18},"end":{"line":48,"column":null}},"30":{"start":{"line":49,"column":6},"end":{"line":49,"column":null}},"31":{"start":{"line":49,"column":19},"end":{"line":49,"column":null}},"32":{"start":{"line":50,"column":18},"end":{"line":50,"column":null}},"33":{"start":{"line":51,"column":6},"end":{"line":58,"column":null}},"34":{"start":{"line":51,"column":53},"end":{"line":58,"column":8}},"35":{"start":{"line":60,"column":6},"end":{"line":60,"column":null}},"36":{"start":{"line":61,"column":6},"end":{"line":67,"column":null}},"37":{"start":{"line":62,"column":20},"end":{"line":62,"column":null}},"38":{"start":{"line":63,"column":8},"end":{"line":63,"column":null}},"39":{"start":{"line":65,"column":8},"end":{"line":65,"column":null}},"40":{"start":{"line":66,"column":8},"end":{"line":66,"column":null}},"41":{"start":{"line":72,"column":22},"end":{"line":76,"column":null}},"42":{"start":{"line":73,"column":5},"end":{"line":75,"column":null}},"43":{"start":{"line":78,"column":2},"end":{"line":82,"column":null}},"44":{"start":{"line":79,"column":4},"end":{"line":81,"column":null}},"45":{"start":{"line":85,"column":20},"end":{"line":101,"column":null}},"46":{"start":{"line":86,"column":16},"end":{"line":86,"column":null}},"47":{"start":{"line":87,"column":4},"end":{"line":87,"column":null}},"48":{"start":{"line":87,"column":12},"end":{"line":87,"column":null}},"49":{"start":{"line":88,"column":4},"end":{"line":97,"column":null}},"50":{"start":{"line":89,"column":6},"end":{"line":96,"column":null}},"51":{"start":{"line":90,"column":18},"end":{"line":90,"column":null}},"52":{"start":{"line":91,"column":8},"end":{"line":95,"column":null}},"53":{"start":{"line":92,"column":10},"end":{"line":92,"column":null}},"54":{"start":{"line":92,"column":21},"end":{"line":92,"column":null}},"55":{"start":{"line":93,"column":10},"end":{"line":93,"column":null}},"56":{"start":{"line":93,"column":26},"end":{"line":93,"column":null}},"57":{"start":{"line":94,"column":10},"end":{"line":94,"column":null}},"58":{"start":{"line":94,"column":23},"end":{"line":94,"column":null}},"59":{"start":{"line":95,"column":15},"end":{"line":95,"column":null}},"60":{"start":{"line":98,"column":4},"end":{"line":98,"column":null}},"61":{"start":{"line":98,"column":23},"end":{"line":98,"column":null}},"62":{"start":{"line":99,"column":4},"end":{"line":99,"column":null}},"63":{"start":{"line":99,"column":17},"end":{"line":99,"column":null}},"64":{"start":{"line":100,"column":4},"end":{"line":100,"column":null}},"65":{"start":{"line":104,"column":8},"end":{"line":115,"column":null}},"66":{"start":{"line":105,"column":10},"end":{"line":105,"column":null}},"67":{"start":{"line":106,"column":4},"end":{"line":106,"column":null}},"68":{"start":{"line":106,"column":12},"end":{"line":106,"column":null}},"69":{"start":{"line":107,"column":4},"end":{"line":114,"column":null}},"70":{"start":{"line":108,"column":19},"end":{"line":108,"column":null}},"71":{"start":{"line":109,"column":19},"end":{"line":109,"column":null}},"72":{"start":{"line":110,"column":6},"end":{"line":110,"column":null}},"73":{"start":{"line":110,"column":48},"end":{"line":110,"column":null}},"74":{"start":{"line":111,"column":21},"end":{"line":111,"column":null}},"75":{"start":{"line":111,"column":43},"end":{"line":111,"column":66}},"76":{"start":{"line":112,"column":6},"end":{"line":112,"column":null}},"77":{"start":{"line":112,"column":27},"end":{"line":112,"column":40}},"78":{"start":{"line":112,"column":43},"end":{"line":112,"column":null}},"79":{"start":{"line":113,"column":6},"end":{"line":113,"column":null}},"80":{"start":{"line":117,"column":2},"end":{"line":243,"column":null}},"81":{"start":{"line":125,"column":27},"end":{"line":125,"column":null}},"82":{"start":{"line":151,"column":29},"end":{"line":151,"column":null}},"83":{"start":{"line":162,"column":29},"end":{"line":162,"column":null}},"84":{"start":{"line":180,"column":16},"end":{"line":237,"column":null}},"85":{"start":{"line":191,"column":39},"end":{"line":191,"column":null}},"86":{"start":{"line":204,"column":24},"end":{"line":212,"column":null}},"87":{"start":{"line":205,"column":36},"end":{"line":205,"column":null}},"88":{"start":{"line":206,"column":26},"end":{"line":211,"column":null}},"89":{"start":{"line":207,"column":28},"end":{"line":207,"column":null}},"90":{"start":{"line":209,"column":41},"end":{"line":209,"column":null}},"91":{"start":{"line":209,"column":68},"end":{"line":209,"column":70}},"92":{"start":{"line":210,"column":28},"end":{"line":210,"column":null}},"93":{"start":{"line":212,"column":40},"end":{"line":212,"column":60}},"94":{"start":{"line":212,"column":60},"end":{"line":212,"column":84}},"95":{"start":{"line":221,"column":24},"end":{"line":221,"column":null}},"96":{"start":{"line":221,"column":108},"end":{"line":221,"column":null}},"97":{"start":{"line":222,"column":24},"end":{"line":230,"column":null}},"98":{"start":{"line":223,"column":36},"end":{"line":223,"column":null}},"99":{"start":{"line":224,"column":26},"end":{"line":229,"column":null}},"100":{"start":{"line":225,"column":28},"end":{"line":225,"column":null}},"101":{"start":{"line":227,"column":41},"end":{"line":227,"column":null}},"102":{"start":{"line":227,"column":68},"end":{"line":227,"column":70}},"103":{"start":{"line":228,"column":28},"end":{"line":228,"column":null}},"104":{"start":{"line":230,"column":40},"end":{"line":230,"column":60}},"105":{"start":{"line":230,"column":60},"end":{"line":230,"column":93}}},"fnMap":{"0":{"name":"(anonymous_0)","decl":{"start":{"line":13,"column":16},"end":{"line":13,"column":22}},"loc":{"start":{"line":13,"column":22},"end":{"line":245,"column":null}},"line":13},"1":{"name":"(anonymous_1)","decl":{"start":{"line":20,"column":12},"end":{"line":20,"column":18}},"loc":{"start":{"line":20,"column":18},"end":{"line":39,"column":5}},"line":20},"2":{"name":"(anonymous_2)","decl":{"start":{"line":22,"column":5},"end":{"line":22,"column":17}},"loc":{"start":{"line":22,"column":17},"end":{"line":37,"column":7}},"line":22},"3":{"name":"(anonymous_3)","decl":{"start":{"line":38,"column":11},"end":{"line":38,"column":17}},"loc":{"start":{"line":38,"column":17},"end":{"line":38,"column":null}},"line":38},"4":{"name":"(anonymous_4)","decl":{"start":{"line":41,"column":12},"end":{"line":41,"column":18}},"loc":{"start":{"line":41,"column":18},"end":{"line":43,"column":5}},"line":41},"5":{"name":"fetchProjects","decl":{"start":{"line":46,"column":17},"end":{"line":46,"column":33}},"loc":{"start":{"line":46,"column":33},"end":{"line":69,"column":null}},"line":46},"6":{"name":"(anonymous_6)","decl":{"start":{"line":51,"column":47},"end":{"line":51,"column":53}},"loc":{"start":{"line":51,"column":53},"end":{"line":58,"column":8}},"line":51},"7":{"name":"(anonymous_7)","decl":{"start":{"line":72,"column":38},"end":{"line":72,"column":39}},"loc":{"start":{"line":73,"column":5},"end":{"line":75,"column":null}},"line":73},"8":{"name":"(anonymous_8)","decl":{"start":{"line":78,"column":12},"end":{"line":78,"column":18}},"loc":{"start":{"line":78,"column":18},"end":{"line":82,"column":5}},"line":78},"9":{"name":"(anonymous_9)","decl":{"start":{"line":85,"column":20},"end":{"line":85,"column":21}},"loc":{"start":{"line":85,"column":27},"end":{"line":101,"column":null}},"line":85},"10":{"name":"(anonymous_10)","decl":{"start":{"line":104,"column":27},"end":{"line":104,"column":33}},"loc":{"start":{"line":104,"column":33},"end":{"line":115,"column":5}},"line":104},"11":{"name":"(anonymous_11)","decl":{"start":{"line":107,"column":30},"end":{"line":107,"column":31}},"loc":{"start":{"line":107,"column":37},"end":{"line":114,"column":5}},"line":107},"12":{"name":"(anonymous_12)","decl":{"start":{"line":111,"column":38},"end":{"line":111,"column":43}},"loc":{"start":{"line":111,"column":43},"end":{"line":111,"column":66}},"line":111},"13":{"name":"(anonymous_13)","decl":{"start":{"line":112,"column":22},"end":{"line":112,"column":27}},"loc":{"start":{"line":112,"column":27},"end":{"line":112,"column":40}},"line":112},"14":{"name":"(anonymous_14)","decl":{"start":{"line":125,"column":21},"end":{"line":125,"column":27}},"loc":{"start":{"line":125,"column":27},"end":{"line":125,"column":null}},"line":125},"15":{"name":"(anonymous_15)","decl":{"start":{"line":151,"column":22},"end":{"line":151,"column":23}},"loc":{"start":{"line":151,"column":29},"end":{"line":151,"column":null}},"line":151},"16":{"name":"(anonymous_16)","decl":{"start":{"line":162,"column":23},"end":{"line":162,"column":29}},"loc":{"start":{"line":162,"column":29},"end":{"line":162,"column":null}},"line":162},"17":{"name":"(anonymous_17)","decl":{"start":{"line":179,"column":35},"end":{"line":179,"column":36}},"loc":{"start":{"line":180,"column":16},"end":{"line":237,"column":null}},"line":180},"18":{"name":"(anonymous_18)","decl":{"start":{"line":191,"column":33},"end":{"line":191,"column":39}},"loc":{"start":{"line":191,"column":39},"end":{"line":191,"column":null}},"line":191},"19":{"name":"(anonymous_19)","decl":{"start":{"line":203,"column":31},"end":{"line":203,"column":43}},"loc":{"start":{"line":203,"column":43},"end":{"line":213,"column":null}},"line":203},"20":{"name":"(anonymous_20)","decl":{"start":{"line":209,"column":62},"end":{"line":209,"column":68}},"loc":{"start":{"line":209,"column":68},"end":{"line":209,"column":70}},"line":209},"21":{"name":"(anonymous_21)","decl":{"start":{"line":220,"column":31},"end":{"line":220,"column":43}},"loc":{"start":{"line":220,"column":43},"end":{"line":231,"column":null}},"line":220},"22":{"name":"(anonymous_22)","decl":{"start":{"line":227,"column":62},"end":{"line":227,"column":68}},"loc":{"start":{"line":227,"column":68},"end":{"line":227,"column":70}},"line":227}},"branchMap":{"0":{"loc":{"start":{"line":26,"column":8},"end":{"line":26,"column":null}},"type":"if","locations":[{"start":{"line":26,"column":8},"end":{"line":26,"column":null}},{"start":{},"end":{}}],"line":26},"1":{"loc":{"start":{"line":27,"column":8},"end":{"line":31,"column":null}},"type":"if","locations":[{"start":{"line":27,"column":8},"end":{"line":31,"column":null}},{"start":{},"end":{}}],"line":27},"2":{"loc":{"start":{"line":27,"column":12},"end":{"line":27,"column":54}},"type":"binary-expr","locations":[{"start":{"line":27,"column":12},"end":{"line":27,"column":21}},{"start":{"line":27,"column":21},"end":{"line":27,"column":38}},{"start":{"line":27,"column":38},"end":{"line":27,"column":54}}],"line":27},"3":{"loc":{"start":{"line":49,"column":6},"end":{"line":49,"column":null}},"type":"if","locations":[{"start":{"line":49,"column":6},"end":{"line":49,"column":null}},{"start":{},"end":{}}],"line":49},"4":{"loc":{"start":{"line":51,"column":18},"end":{"line":58,"column":14}},"type":"cond-expr","locations":[{"start":{"line":51,"column":39},"end":{"line":58,"column":12}},{"start":{"line":58,"column":12},"end":{"line":58,"column":14}}],"line":51},"5":{"loc":{"start":{"line":53,"column":14},"end":{"line":53,"column":null}},"type":"binary-expr","locations":[{"start":{"line":53,"column":14},"end":{"line":53,"column":31}},{"start":{"line":53,"column":31},"end":{"line":53,"column":null}}],"line":53},"6":{"loc":{"start":{"line":54,"column":21},"end":{"line":54,"column":null}},"type":"binary-expr","locations":[{"start":{"line":54,"column":21},"end":{"line":54,"column":38}},{"start":{"line":54,"column":38},"end":{"line":54,"column":null}}],"line":54},"7":{"loc":{"start":{"line":63,"column":20},"end":{"line":63,"column":46}},"type":"cond-expr","locations":[{"start":{"line":63,"column":26},"end":{"line":63,"column":44}},{"start":{"line":63,"column":44},"end":{"line":63,"column":46}}],"line":63},"8":{"loc":{"start":{"line":73,"column":5},"end":{"line":75,"column":null}},"type":"binary-expr","locations":[{"start":{"line":73,"column":5},"end":{"line":73,"column":10}},{"start":{"line":73,"column":10},"end":{"line":73,"column":null}},{"start":{"line":74,"column":5},"end":{"line":74,"column":10}},{"start":{"line":74,"column":10},"end":{"line":74,"column":null}},{"start":{"line":75,"column":5},"end":{"line":75,"column":10}},{"start":{"line":75,"column":10},"end":{"line":75,"column":19}},{"start":{"line":75,"column":19},"end":{"line":75,"column":null}}],"line":73},"9":{"loc":{"start":{"line":79,"column":4},"end":{"line":81,"column":null}},"type":"if","locations":[{"start":{"line":79,"column":4},"end":{"line":81,"column":null}},{"start":{},"end":{}}],"line":79},"10":{"loc":{"start":{"line":79,"column":8},"end":{"line":79,"column":86}},"type":"binary-expr","locations":[{"start":{"line":79,"column":8},"end":{"line":79,"column":34}},{"start":{"line":79,"column":34},"end":{"line":79,"column":86}}],"line":79},"11":{"loc":{"start":{"line":87,"column":4},"end":{"line":87,"column":null}},"type":"if","locations":[{"start":{"line":87,"column":4},"end":{"line":87,"column":null}},{"start":{},"end":{}}],"line":87},"12":{"loc":{"start":{"line":89,"column":6},"end":{"line":96,"column":null}},"type":"if","locations":[{"start":{"line":89,"column":6},"end":{"line":96,"column":null}},{"start":{},"end":{}}],"line":89},"13":{"loc":{"start":{"line":89,"column":10},"end":{"line":89,"column":36}},"type":"binary-expr","locations":[{"start":{"line":89,"column":10},"end":{"line":89,"column":19}},{"start":{"line":89,"column":19},"end":{"line":89,"column":36}}],"line":89},"14":{"loc":{"start":{"line":91,"column":8},"end":{"line":95,"column":null}},"type":"if","locations":[{"start":{"line":91,"column":8},"end":{"line":95,"column":null}},{"start":{"line":95,"column":15},"end":{"line":95,"column":null}}],"line":91},"15":{"loc":{"start":{"line":92,"column":10},"end":{"line":92,"column":null}},"type":"if","locations":[{"start":{"line":92,"column":10},"end":{"line":92,"column":null}},{"start":{},"end":{}}],"line":92},"16":{"loc":{"start":{"line":93,"column":10},"end":{"line":93,"column":null}},"type":"if","locations":[{"start":{"line":93,"column":10},"end":{"line":93,"column":null}},{"start":{},"end":{}}],"line":93},"17":{"loc":{"start":{"line":94,"column":10},"end":{"line":94,"column":null}},"type":"if","locations":[{"start":{"line":94,"column":10},"end":{"line":94,"column":null}},{"start":{},"end":{}}],"line":94},"18":{"loc":{"start":{"line":98,"column":4},"end":{"line":98,"column":null}},"type":"if","locations":[{"start":{"line":98,"column":4},"end":{"line":98,"column":null}},{"start":{},"end":{}}],"line":98},"19":{"loc":{"start":{"line":99,"column":4},"end":{"line":99,"column":null}},"type":"if","locations":[{"start":{"line":99,"column":4},"end":{"line":99,"column":null}},{"start":{},"end":{}}],"line":99},"20":{"loc":{"start":{"line":105,"column":15},"end":{"line":105,"column":34}},"type":"binary-expr","locations":[{"start":{"line":105,"column":15},"end":{"line":105,"column":30}},{"start":{"line":105,"column":30},"end":{"line":105,"column":34}}],"line":105},"21":{"loc":{"start":{"line":106,"column":4},"end":{"line":106,"column":null}},"type":"if","locations":[{"start":{"line":106,"column":4},"end":{"line":106,"column":null}},{"start":{},"end":{}}],"line":106},"22":{"loc":{"start":{"line":108,"column":26},"end":{"line":108,"column":38}},"type":"binary-expr","locations":[{"start":{"line":108,"column":26},"end":{"line":108,"column":36}},{"start":{"line":108,"column":36},"end":{"line":108,"column":38}}],"line":108},"23":{"loc":{"start":{"line":109,"column":26},"end":{"line":109,"column":45}},"type":"binary-expr","locations":[{"start":{"line":109,"column":26},"end":{"line":109,"column":43}},{"start":{"line":109,"column":43},"end":{"line":109,"column":45}}],"line":109},"24":{"loc":{"start":{"line":110,"column":6},"end":{"line":110,"column":null}},"type":"if","locations":[{"start":{"line":110,"column":6},"end":{"line":110,"column":null}},{"start":{},"end":{}}],"line":110},"25":{"loc":{"start":{"line":110,"column":10},"end":{"line":110,"column":48}},"type":"binary-expr","locations":[{"start":{"line":110,"column":10},"end":{"line":110,"column":30}},{"start":{"line":110,"column":30},"end":{"line":110,"column":48}}],"line":110},"26":{"loc":{"start":{"line":112,"column":6},"end":{"line":112,"column":null}},"type":"if","locations":[{"start":{"line":112,"column":6},"end":{"line":112,"column":null}},{"start":{},"end":{}}],"line":112},"27":{"loc":{"start":{"line":159,"column":11},"end":{"line":167,"column":null}},"type":"binary-expr","locations":[{"start":{"line":159,"column":11},"end":{"line":159,"column":null}},{"start":{"line":160,"column":12},"end":{"line":167,"column":null}}],"line":159},"28":{"loc":{"start":{"line":173,"column":11},"end":{"line":239,"column":null}},"type":"cond-expr","locations":[{"start":{"line":174,"column":12},"end":{"line":174,"column":null}},{"start":{"line":175,"column":14},"end":{"line":239,"column":null}}],"line":173},"29":{"loc":{"start":{"line":175,"column":14},"end":{"line":239,"column":null}},"type":"cond-expr","locations":[{"start":{"line":176,"column":12},"end":{"line":176,"column":null}},{"start":{"line":178,"column":12},"end":{"line":239,"column":null}}],"line":175},"30":{"loc":{"start":{"line":206,"column":26},"end":{"line":211,"column":null}},"type":"if","locations":[{"start":{"line":206,"column":26},"end":{"line":211,"column":null}},{"start":{"line":208,"column":33},"end":{"line":211,"column":null}}],"line":206},"31":{"loc":{"start":{"line":221,"column":24},"end":{"line":221,"column":null}},"type":"if","locations":[{"start":{"line":221,"column":24},"end":{"line":221,"column":null}},{"start":{},"end":{}}],"line":221},"32":{"loc":{"start":{"line":224,"column":26},"end":{"line":229,"column":null}},"type":"if","locations":[{"start":{"line":224,"column":26},"end":{"line":229,"column":null}},{"start":{"line":226,"column":33},"end":{"line":229,"column":null}}],"line":224}},"s":{"0":1,"1":21,"2":21,"3":21,"4":21,"5":21,"6":8,"7":8,"8":8,"9":8,"10":8,"11":8,"12":0,"13":8,"14":2,"15":2,"16":2,"17":2,"18":2,"19":0,"20":0,"21":0,"22":0,"23":0,"24":8,"25":8,"26":21,"27":8,"28":10,"29":10,"30":9,"31":9,"32":9,"33":9,"34":36,"35":1,"36":1,"37":1,"38":1,"39":0,"40":0,"41":21,"42":49,"43":21,"44":8,"45":21,"46":4,"47":4,"48":0,"49":4,"50":4,"51":4,"52":4,"53":4,"54":4,"55":4,"56":4,"57":4,"58":4,"59":0,"60":4,"61":0,"62":4,"63":0,"64":4,"65":21,"66":21,"67":21,"68":19,"69":2,"70":6,"71":6,"72":6,"73":2,"74":4,"75":12,"76":4,"77":12,"78":0,"79":4,"80":21,"81":0,"82":3,"83":0,"84":33,"85":0,"86":2,"87":2,"88":2,"89":1,"90":1,"91":0,"92":1,"93":0,"94":0,"95":2,"96":1,"97":1,"98":1,"99":1,"100":1,"101":0,"102":0,"103":0,"104":0,"105":0},"f":{"0":21,"1":8,"2":8,"3":8,"4":8,"5":10,"6":36,"7":49,"8":8,"9":4,"10":21,"11":6,"12":12,"13":12,"14":0,"15":3,"16":0,"17":33,"18":0,"19":2,"20":0,"21":2,"22":0},"b":{"0":[0,8],"1":[2,6],"2":[8,8,7],"3":[0,9],"4":[9,0],"5":[36,0],"6":[36,0],"7":[1,0],"8":[49,49,13,13,12,12,12],"9":[8,0],"10":[8,8],"11":[0,4],"12":[4,0],"13":[4,4],"14":[4,0],"15":[4,0],"16":[4,0],"17":[4,0],"18":[0,4],"19":[0,4],"20":[21,19],"21":[19,2],"22":[6,0],"23":[6,0],"24":[2,4],"25":[6,5],"26":[0,4],"27":[21,2],"28":[8,13],"29":[0,13],"30":[1,1],"31":[1,1],"32":[1,0]},"meta":{"lastBranch":33,"lastFunction":23,"lastStatement":106,"seen":{"s:13:16:245:Infinity":0,"f:13:16:13:22":0,"s:14:8:14:Infinity":1,"s:15:30:15:Infinity":2,"s:16:36:16:Infinity":3,"s:17:8:17:Infinity":4,"s:20:2:39:Infinity":5,"f:20:12:20:18":1,"s:21:18:21:Infinity":6,"s:22:4:37:Infinity":7,"f:22:5:22:17":2,"s:23:6:36:Infinity":8,"s:24:20:24:Infinity":9,"s:25:21:25:Infinity":10,"b:26:8:26:Infinity:undefined:undefined:undefined:undefined":0,"s:26:8:26:Infinity":11,"s:26:22:26:Infinity":12,"b:27:8:31:Infinity:undefined:undefined:undefined:undefined":1,"s:27:8:31:Infinity":13,"b:27:12:27:21:27:21:27:38:27:38:27:54":2,"s:28:10:28:45":14,"s:28:45:28:Infinity":15,"s:29:10:29:43":16,"s:29:43:29:Infinity":17,"s:30:10:30:Infinity":18,"s:33:8:33:43":19,"s:33:43:33:Infinity":20,"s:34:8:34:41":21,"s:34:41:34:Infinity":22,"s:35:8:35:Infinity":23,"s:38:4:38:Infinity":24,"f:38:11:38:17":3,"s:38:19:38:36":25,"s:41:2:43:Infinity":26,"f:41:12:41:18":4,"s:42:4:42:Infinity":27,"f:46:17:46:33":5,"s:47:4:68:Infinity":28,"s:48:18:48:Infinity":29,"b:49:6:49:Infinity:undefined:undefined:undefined:undefined":3,"s:49:6:49:Infinity":30,"s:49:19:49:Infinity":31,"s:50:18:50:Infinity":32,"s:51:6:58:Infinity":33,"b:51:39:58:12:58:12:58:14":4,"f:51:47:51:53":6,"s:51:53:58:8":34,"b:53:14:53:31:53:31:53:Infinity":5,"b:54:21:54:38:54:38:54:Infinity":6,"s:60:6:60:Infinity":35,"s:61:6:67:Infinity":36,"s:62:20:62:Infinity":37,"s:63:8:63:Infinity":38,"b:63:26:63:44:63:44:63:46":7,"s:65:8:65:Infinity":39,"s:66:8:66:Infinity":40,"s:72:22:76:Infinity":41,"f:72:38:72:39":7,"s:73:5:75:Infinity":42,"b:73:5:73:10:73:10:73:Infinity:74:5:74:10:74:10:74:Infinity:75:5:75:10:75:10:75:19:75:19:75:Infinity":8,"s:78:2:82:Infinity":43,"f:78:12:78:18":8,"b:79:4:81:Infinity:undefined:undefined:undefined:undefined":9,"s:79:4:81:Infinity":44,"b:79:8:79:34:79:34:79:86":10,"s:85:20:101:Infinity":45,"f:85:20:85:21":9,"s:86:16:86:Infinity":46,"b:87:4:87:Infinity:undefined:undefined:undefined:undefined":11,"s:87:4:87:Infinity":47,"s:87:12:87:Infinity":48,"s:88:4:97:Infinity":49,"b:89:6:96:Infinity:undefined:undefined:undefined:undefined":12,"s:89:6:96:Infinity":50,"b:89:10:89:19:89:19:89:36":13,"s:90:18:90:Infinity":51,"b:91:8:95:Infinity:95:15:95:Infinity":14,"s:91:8:95:Infinity":52,"b:92:10:92:Infinity:undefined:undefined:undefined:undefined":15,"s:92:10:92:Infinity":53,"s:92:21:92:Infinity":54,"b:93:10:93:Infinity:undefined:undefined:undefined:undefined":16,"s:93:10:93:Infinity":55,"s:93:26:93:Infinity":56,"b:94:10:94:Infinity:undefined:undefined:undefined:undefined":17,"s:94:10:94:Infinity":57,"s:94:23:94:Infinity":58,"s:95:15:95:Infinity":59,"b:98:4:98:Infinity:undefined:undefined:undefined:undefined":18,"s:98:4:98:Infinity":60,"s:98:23:98:Infinity":61,"b:99:4:99:Infinity:undefined:undefined:undefined:undefined":19,"s:99:4:99:Infinity":62,"s:99:17:99:Infinity":63,"s:100:4:100:Infinity":64,"s:104:8:115:Infinity":65,"f:104:27:104:33":10,"s:105:10:105:Infinity":66,"b:105:15:105:30:105:30:105:34":20,"b:106:4:106:Infinity:undefined:undefined:undefined:undefined":21,"s:106:4:106:Infinity":67,"s:106:12:106:Infinity":68,"s:107:4:114:Infinity":69,"f:107:30:107:31":11,"s:108:19:108:Infinity":70,"b:108:26:108:36:108:36:108:38":22,"s:109:19:109:Infinity":71,"b:109:26:109:43:109:43:109:45":23,"b:110:6:110:Infinity:undefined:undefined:undefined:undefined":24,"s:110:6:110:Infinity":72,"b:110:10:110:30:110:30:110:48":25,"s:110:48:110:Infinity":73,"s:111:21:111:Infinity":74,"f:111:38:111:43":12,"s:111:43:111:66":75,"b:112:6:112:Infinity:undefined:undefined:undefined:undefined":26,"s:112:6:112:Infinity":76,"f:112:22:112:27":13,"s:112:27:112:40":77,"s:112:43:112:Infinity":78,"s:113:6:113:Infinity":79,"s:117:2:243:Infinity":80,"f:125:21:125:27":14,"s:125:27:125:Infinity":81,"f:151:22:151:23":15,"s:151:29:151:Infinity":82,"b:159:11:159:Infinity:160:12:167:Infinity":27,"f:162:23:162:29":16,"s:162:29:162:Infinity":83,"b:174:12:174:Infinity:175:14:239:Infinity":28,"b:176:12:176:Infinity:178:12:239:Infinity":29,"f:179:35:179:36":17,"s:180:16:237:Infinity":84,"f:191:33:191:39":18,"s:191:39:191:Infinity":85,"f:203:31:203:43":19,"s:204:24:212:Infinity":86,"s:205:36:205:Infinity":87,"b:206:26:211:Infinity:208:33:211:Infinity":30,"s:206:26:211:Infinity":88,"s:207:28:207:Infinity":89,"s:209:41:209:Infinity":90,"f:209:62:209:68":20,"s:209:68:209:70":91,"s:210:28:210:Infinity":92,"s:212:40:212:60":93,"s:212:60:212:84":94,"f:220:31:220:43":21,"b:221:24:221:Infinity:undefined:undefined:undefined:undefined":31,"s:221:24:221:Infinity":95,"s:221:108:221:Infinity":96,"s:222:24:230:Infinity":97,"s:223:36:223:Infinity":98,"b:224:26:229:Infinity:226:33:229:Infinity":32,"s:224:26:229:Infinity":99,"s:225:28:225:Infinity":100,"s:227:41:227:Infinity":101,"f:227:62:227:68":22,"s:227:68:227:70":102,"s:228:28:228:Infinity":103,"s:230:40:230:60":104,"s:230:60:230:93":105}}}
,"N:\\Sem-5\\IT314-Software Engineering\\Project\\newHG\\Hour-Glass\\Frontend\\src\\pages\\EmployeeDashboard.jsx": {"path":"N:\\Sem-5\\IT314-Software Engineering\\Project\\newHG\\Hour-Glass\\Frontend\\src\\pages\\EmployeeDashboard.jsx","statementMap":{"0":{"start":{"line":7,"column":26},"end":{"line":234,"column":null}},"1":{"start":{"line":8,"column":8},"end":{"line":8,"column":null}},"2":{"start":{"line":9,"column":8},"end":{"line":9,"column":null}},"3":{"start":{"line":9,"column":27},"end":{"line":9,"column":65}},"4":{"start":{"line":10,"column":20},"end":{"line":10,"column":null}},"5":{"start":{"line":11,"column":24},"end":{"line":11,"column":null}},"6":{"start":{"line":13,"column":28},"end":{"line":13,"column":null}},"7":{"start":{"line":14,"column":24},"end":{"line":14,"column":null}},"8":{"start":{"line":15,"column":28},"end":{"line":15,"column":null}},"9":{"start":{"line":16,"column":36},"end":{"line":16,"column":null}},"10":{"start":{"line":18,"column":2},"end":{"line":86,"column":null}},"11":{"start":{"line":19,"column":4},"end":{"line":19,"column":null}},"12":{"start":{"line":19,"column":20},"end":{"line":19,"column":null}},"13":{"start":{"line":20,"column":17},"end":{"line":20,"column":null}},"14":{"start":{"line":22,"column":33},"end":{"line":30,"column":null}},"15":{"start":{"line":23,"column":6},"end":{"line":29,"column":null}},"16":{"start":{"line":24,"column":20},"end":{"line":24,"column":null}},"17":{"start":{"line":25,"column":8},"end":{"line":25,"column":null}},"18":{"start":{"line":27,"column":8},"end":{"line":27,"column":null}},"19":{"start":{"line":28,"column":8},"end":{"line":28,"column":null}},"20":{"start":{"line":32,"column":46},"end":{"line":38,"column":null}},"21":{"start":{"line":33,"column":6},"end":{"line":33,"column":null}},"22":{"start":{"line":33,"column":55},"end":{"line":33,"column":null}},"23":{"start":{"line":34,"column":21},"end":{"line":34,"column":null}},"24":{"start":{"line":35,"column":6},"end":{"line":35,"column":null}},"25":{"start":{"line":35,"column":19},"end":{"line":35,"column":null}},"26":{"start":{"line":36,"column":20},"end":{"line":36,"column":null}},"27":{"start":{"l
[...]
,"s:368:20:368:Infinity":240,"s:369:8:369:Infinity":241,"s:372:6:372:Infinity":242,"s:372:12:372:34":243,"s:372:48:372:95":244,"s:374:6:374:Infinity":245,"s:379:2:384:Infinity":246,"f:379:12:379:18":24,"b:380:4:380:Infinity:undefined:undefined:undefined:undefined":91,"s:380:4:380:Infinity":247,"s:380:15:380:Infinity":248,"s:381:4:381:Infinity":249,"s:382:17:382:Infinity":250,"s:383:4:383:Infinity":251,"f:383:11:383:17":25,"s:383:19:383:40":252,"s:387:2:405:Infinity":253,"f:387:12:387:18":26,"b:389:4:392:Infinity:undefined:undefined:undefined:undefined":92,"s:389:4:392:Infinity":254,"s:390:6:390:Infinity":255,"s:391:6:391:Infinity":256,"f:393:13:393:20":27,"b:394:6:398:Infinity:396:13:398:Infinity":93,"s:394:6:398:Infinity":257,"s:395:8:395:Infinity":258,"s:397:8:397:Infinity":259,"s:400:4:400:Infinity":260,"s:401:4:401:Infinity":261,"s:402:4:404:Infinity":262,"f:402:11:402:17":28,"b:403:6:403:Infinity:undefined:undefined:undefined:undefined":94,"s:403:6:403:Infinity":263,"s:403:31:403:Infinity":264,"s:407:29:471:Infinity":265,"f:407:29:407:41":29,"b:408:4:408:Infinity:undefined:undefined:undefined:undefined":95,"s:408:4:408:Infinity":266,"s:408:22:408:Infinity":267,"s:409:16:409:Infinity":268,"s:410:4:410:Infinity":269,"s:412:4:414:Infinity":270,"s:413:6:413:Infinity":271,"s:414:18:414:70":272,"s:417:28:417:Infinity":273,"s:418:26:418:Infinity":274,"b:418:26:418:42:418:42:418:Infinity":96,"b:419:4:439:Infinity:undefined:undefined:undefined:undefined":97,"s:419:4:439:Infinity":275,"b:419:8:419:36:419:36:419:55:419:55:419:71:419:71:419:82":98,"s:420:6:438:Infinity":276,"s:421:20:426:Infinity":277,"b:427:8:435:Infinity:undefined:undefined:undefined:undefined":99,"s:427:8:435:Infinity":278,"s:428:33:428:Infinity":279,"s:429:10:429:Infinity":280,"s:430:16:430:Infinity":281,"b:430:31:430:55:430:55:430:59":100,"f:430:64:430:69":30,"s:430:69:430:142":282,"b:430:69:430:105:430:105:430:142":101,"b:431:10:433:Infinity:undefined:undefined:undefined:undefined":102,"s:431:10:433:Infinity":283,"s:432:12:432:Infinity":284,"s:434:10:434:Infinity":285,"s:437:8:437:Infinity":286,"s:442:4:442:Infinity":287,"s:443:4:470:Infinity":288,"s:444:18:444:Infinity":289,"b:444:58:444:83:444:83:444:Infinity":103,"b:444:18:444:32:444:32:444:58":104,"s:445:6:445:Infinity":290,"b:446:6:467:Infinity:465:13:467:Infinity":105,"s:446:6:467:Infinity":291,"b:446:10:446:16:446:16:446:48":106,"s:447:23:447:Infinity":292,"b:447:23:447:50:447:50:447:96:447:96:447:125:447:125:447:172:447:172:447:Infinity":107,"b:448:8:451:Infinity:undefined:undefined:undefined:undefined":108,"s:448:8:451:Infinity":293,"b:448:12:448:21:448:21:448:60":109,"s:449:10:449:Infinity":294,"s:450:10:450:Infinity":295,"s:452:20:452:Infinity":296,"b:452:45:452:67:452:67:452:Infinity":110,"b:452:20:452:31:452:31:452:45":111,"b:452:74:452:87:452:87:452:89":112,"s:453:8:453:Infinity":297,"s:454:25:454:Infinity":298,"s:455:8:455:Infinity":299,"b:456:8:458:Infinity:undefined:undefined:undefined:undefined":113,"s:456:8:458:Infinity":300,"b:456:12:456:25:456:25:456:48":114,"s:457:10:457:Infinity":301,"b:460:8:463:Infinity:undefined:undefined:undefined:undefined":115,"s:460:8:463:Infinity":302,"s:461:20:461:Infinity":303,"s:462:10:462:Infinity":304,"s:464:8:464:Infinity":305,"s:466:8:466:Infinity":306,"s:469:6:469:Infinity":307,"s:473:28:506:Infinity":308,"f:473:28:473:34":31,"b:474:4:474:Infinity:undefined:undefined:undefined:undefined":116,"s:474:4:474:Infinity":309,"s:474:23:474:Infinity":310,"s:475:16:475:Infinity":311,"s:476:18:476:Infinity":312,"s:477:20:477:Infinity":313,"s:478:4:478:Infinity":314,"s:479:4:479:Infinity":315,"s:481:4:481:Infinity":316,"f:481:12:481:20":32,"s:481:20:481:65":317,"b:481:27:481:61:481:61:481:65":117,"s:483:4:485:Infinity":318,"s:484:6:484:Infinity":319,"s:485:18:485:73":320,"s:488:4:488:Infinity":321,"s:489:4:505:Infinity":322,"s:490:18:490:Infinity":323,"b:490:58:490:83:490:83:490:Infinity":118,"b:490:18:490:32:490:32:490:58":119,"s:491:6:491:Infinity":324,"b:492:6:502:Infinity:500:13:502:Infinity":120,"s:492:6:502:Infinity":325,"b:492:10:492:16:492:16:492:47":121,"s:493:8:493:Infinity":326,"s:494:8:494:Infinity":327,"b:495:8:498:Infinity:undefined:undefined:undefined:undefined":122,"s:495:8:498:Infinity":328,"s:496:10:496:Infinity":329,"s:497:10:497:Infinity":330,"s:499:8:499:Infinity":331,"s:501:8:501:Infinity":332,"s:504:6:504:Infinity":333,"s:508:19:515:Infinity":334,"f:508:19:508:25":33,"s:509:18:509:Infinity":335,"s:510:14:510:Infinity":336,"s:511:14:511:Infinity":337,"s:512:14:512:Infinity":338,"s:513:16:513:Infinity":339,"f:513:16:513:21":34,"s:513:21:513:Infinity":340,"s:514:4:514:Infinity":341,"s:518:25:525:Infinity":342,"f:518:25:518:26":35,"b:519:4:519:Infinity:undefined:undefined:undefined:undefined":123,"s:519:4:519:Infinity":343,"s:519:18:519:Infinity":344,"s:520:14:520:Infinity":345,"s:522:21:522:Infinity":346,"s:523:21:523:Infinity":347,"s:524:4:524:Infinity":348,"s:528:25:563:Infinity":349,"f:528:39:528:45":36,"s:529:19:529:Infinity":350,"s:530:27:530:Infinity":351,"s:532:4:532:Infinity":352,"s:532:10:532:119":353,"b:532:94:532:115:532:115:532:116":124,"s:534:4:560:Infinity":354,"b:534:25:534:40:534:40:534:45":125,"s:535:19:535:Infinity":355,"b:535:86:535:107:535:107:535:Infinity":126,"b:535:19:535:28:535:28:535:50:535:50:535:86":127,"s:536:6:559:Infinity":356,"s:537:24:537:Infinity":357,"b:537:45:537:59:537:59:537:Infinity":128,"b:537:24:537:31:537:31:537:45":129,"b:538:8:538:Infinity:undefined:undefined:undefined:undefined":130,"s:538:8:538:Infinity":358,"s:538:30:538:Infinity":359,"s:539:26:539:Infinity":360,"b:539:89:539:109:539:109:539:Infinity":131,"b:539:26:539:33:539:33:539:54:539:54:539:89":132,"b:540:8:543:Infinity:undefined:undefined:undefined:undefined":133,"s:540:8:543:Infinity":361,"s:542:10:542:Infinity":362,"s:544:8:558:Infinity":363,"s:545:10:557:Infinity":364,"s:561:4:561:Infinity":365,"f:561:90:561:91":37,"s:561:100:561:125":366,"s:561:125:561:136":367,"s:562:4:562:Infinity":368,"s:566:24:585:Infinity":369,"f:566:38:566:44":38,"s:567:19:567:Infinity":370,"s:568:22:568:Infinity":371,"s:569:20:569:Infinity":372,"s:571:4:582:Infinity":373,"s:572:6:581:Infinity":374,"s:573:25:573:Infinity":375,"b:573:25:573:56:573:56:573:Infinity":134,"b:574:8:580:Infinity:576:8:580:Infinity":135,"s:574:8:580:Infinity":376,"s:575:10:575:Infinity":377,"b:576:8:580:Infinity:578:15:580:Infinity":136,"s:576:8:580:Infinity":378,"s:577:10:577:Infinity":379,"s:579:10:579:Infinity":380,"s:584:4:584:Infinity":381,"s:587:20:592:Infinity":382,"f:587:20:587:21":39,"s:588:4:591:Infinity":383,"f:588:20:588:29":40,"s:588:29:591:6":384,"s:594:33:596:Infinity":385,"f:594:33:594:34":41,"s:595:4:595:Infinity":386,"f:595:26:595:27":42,"s:595:38:595:76":387,"b:595:45:595:72:595:72:595:76":137,"s:599:34:640:Infinity":388,"f:599:34:599:41":43,"s:600:4:639:Infinity":389,"s:602:25:602:Infinity":390,"s:603:27:603:Infinity":391,"b:603:27:603:41:603:41:603:Infinity":138,"s:604:32:604:Infinity":392,"s:605:30:605:Infinity":393,"s:607:25:607:Infinity":394,"b:608:6:612:Infinity:610:6:612:Infinity":139,"s:608:6:612:Infinity":395,"s:609:8:609:Infinity":396,"b:610:6:612:Infinity:undefined:undefined:undefined:undefined":140,"s:610:6:612:Infinity":397,"s:611:8:611:Infinity":398,"b:615:6:618:Infinity:undefined:undefined:undefined:undefined":141,"s:615:6:618:Infinity":399,"s:616:8:616:Infinity":400,"s:617:8:617:Infinity":401,"s:620:18:625:Infinity":402,"s:626:19:626:Infinity":403,"f:626:42:626:49":44,"s:626:49:626:52":404,"b:627:6:635:Infinity:631:13:635:Infinity":142,"s:627:6:635:Infinity":405,"s:629:8:629:Infinity":406,"s:630:8:630:Infinity":407,"s:632:20:632:Infinity":408,"b:632:56:632:82:632:82:632:Infinity":143,"b:632:20:632:29:632:29:632:41:632:41:632:56":144,"b:632:56:632:68:632:68:632:82":145,"s:633:8:633:Infinity":409,"s:634:8:634:Infinity":410,"s:637:6:637:Infinity":411,"s:638:6:638:Infinity":412,"s:642:8:652:Infinity":413,"f:642:27:642:33":45,"b:643:4:643:Infinity:undefined:undefined:undefined:undefined":146,"s:643:4:643:Infinity":414,"s:643:15:643:Infinity":415,"s:644:14:644:Infinity":416,"b:644:14:644:31:644:31:644:50:644:50:644:Infinity":147,"b:645:4:645:Infinity:undefined:undefined:undefined:undefined":148,"s:645:4:645:Infinity":417,"s:645:12:645:Infinity":418,"b:647:4:649:Infinity:undefined:undefined:undefined:undefined":149,"s:647:4:649:Infinity":419,"s:648:6:648:Infinity":420,"b:648:13:648:27:648:27:648:38:648:38:648:Infinity":150,"b:648:46:648:62:648:62:648:Infinity":151,"s:651:4:651:Infinity":421,"s:655:26:655:Infinity":422,"b:655:40:655:153:655:153:655:Infinity":152,"f:655:119:655:120":46,"s:655:126:655:149":423,"s:656:21:656:Infinity":424,"b:656:21:656:51:656:51:656:Infinity":153,"b:656:83:656:102:656:102:656:104":154,"s:657:24:657:Infinity":425,"b:657:24:657:40:657:40:657:74:657:74:657:Infinity":155,"s:658:23:658:Infinity":426,"b:660:2:663:Infinity:undefined:undefined:undefined:undefined":156,"s:660:2:663:Infinity":427,"s:660:15:663:Infinity":428,"b:666:2:676:Infinity:undefined:undefined:undefined:undefined":157,"s:666:2:676:Infinity":429,"b:666:6:666:18:666:18:666:25":158,"s:666:25:676:Infinity":430,"b:668:69:668:91:668:91:668:108":159,"f:670:17:670:23":47,"s:670:23:670:Infinity":431,"s:679:2:1200:Infinity":432,"f:686:21:686:27":48,"s:686:27:686:Infinity":433,"b:693:13:693:27:693:27:693:40:693:40:693:Infinity":160,"b:708:49:708:72:708:72:708:85":161,"b:715:26:715:Infinity:715:26:718:Infinity":162,"b:714:23:714:38:714:38:714:50":163,"b:717:26:717:Infinity:718:26:718:Infinity":164,"b:716:27:716:42:716:42:716:54":165,"b:720:23:720:38:720:38:720:Infinity":166,"b:726:49:726:68:726:68:726:81":167,"b:730:64:730:106:730:106:730:110":168,"b:741:28:741:46:741:46:741:Infinity":169,"b:742:40:742:56:742:56:742:Infinity":170,"b:749:28:749:45:749:45:749:Infinity":171,"b:750:40:750:55:750:55:750:Infinity":172,"b:756:18:756:Infinity:758:18:758:Infinity":173,"b:761:15:761:Infinity:762:16:766:Infinity":174,"b:764:22:764:Infinity:765:22:765:Infinity":175,"b:774:71:774:108:774:108:774:124":176,"b:778:103:778:166:778:166:778:170":177,"b:778:66:778:87:778:87:778:103":178,"f:783:29:783:35":49,"s:784:22:789:Infinity":434,"s:785:41:785:Infinity":435,"b:785:60:785:79:785:79:785:81":179,"s:786:45:786:Infinity":436,"b:786:45:786:62:786:62:786:89:786:89:786:Infinity":180,"s:787:38:787:Infinity":437,"s:788:24:788:Infinity":438,"s:789:36:789:82":439,"b:800:65:800:85:800:85:800:98:800:98:800:111:800:111:800:128":181,"b:807:13:807:Infinity:808:14:817:Infinity":182,"f:811:31:811:Infinity":50,"s:812:20:814:Infinity":440,"b:825:20:825:Infinity:826:22:826:Infinity":183,"b:824:19:824:37:824:37:824:Infinity":184,"f:830:29:830:35":51,"s:830:35:830:Infinity":441,"f:839:29:839:41":52,"s:840:22:866:Infinity":442,"b:841:24:844:Infinity:undefined:undefined:undefined:undefined":185,"s:841:24:844:Infinity":443,"s:842:26:842:Infinity":444,"s:843:26:843:Infinity":445,"s:845:36:845:Infinity":446,"s:846:38:846:Infinity":447,"s:847:24:855:Infinity":448,"s:848:38:848:Infinity":449,"b:849:26:852:Infinity:undefined:undefined:undefined:undefined":186,"s:849:26:852:Infinity":450,"s:850:43:850:Infinity":451,"b:851:28:851:Infinity:undefined:undefined:undefined:undefined":187,"s:851:28:851:Infinity":452,"b:851:32:851:42:851:42:851:63":188,"s:851:63:851:Infinity":453,"s:854:26:854:Infinity":454,"s:856:24:856:Infinity":455,"s:857:24:857:Infinity":456,"s:858:24:858:Infinity":457,"s:859:24:859:Infinity":458,"s:860:24:860:Infinity":459,"b:861:24:863:Infinity:undefined:undefined:undefined:undefined":189,"s:861:24:863:Infinity":460,"s:862:26:862:Infinity":461,"s:865:24:865:Infinity":462,"b:873:44:873:83:873:83:873:Infinity":190,"f:876:29:876:35":53,"s:876:35:876:Infinity":463,"b:879:37:879:57:879:57:879:Infinity":191,"b:884:15:884:Infinity:885:16:1052:Infinity":192,"b:887:20:887:Infinity:888:22:1050:Infinity":193,"b:886:21:886:39:886:39:886:Infinity":194,"b:889:20:889:Infinity:891:22:1050:Infinity":195,"b:893:25:893:Infinity:894:26:914:Infinity":196,"b:918:24:1046:Infinity:1048:24:1048:Infinity":197,"b:917:23:917:38:917:38:917:Infinity":198,"f:919:62:919:63":54,"s:920:47:920:Infinity":464,"s:921:50:921:Infinity":465,"s:922:28:1043:Infinity":466,"f:926:45:926:51":55,"s:926:51:926:Infinity":467,"f:927:47:927:48":56,"b:927:56:927:116:undefined:undefined:undefined:undefined":199,"s:927:56:927:116":468,"b:927:60:927:81:927:81:927:96":200,"s:927:96:927:116":469,"b:933:88:933:94:933:94:933:98":201,"f:934:40:934:46":57,"s:935:59:935:Infinity":470,"s:936:59:936:Infinity":471,"s:937:57:937:Infinity":472,"s:938:55:938:Infinity":473,"b:939:40:940:Infinity:939:67:940:Infinity":202,"s:939:40:940:Infinity":474,"s:939:56:939:Infinity":475,"b:939:67:940:Infinity:undefined:undefined:undefined:undefined":203,"s:939:67:940:Infinity":476,"s:940:78:940:Infinity":477,"s:941:40:941:Infinity":478,"b:941:124:941:137:941:137:941:197":204,"b:941:167:941:184:941:184:941:197":205,"b:945:89:945:95:945:95:945:98":206,"f:954:47:954:48":58,"s:955:40:955:Infinity":479,"b:956:40:956:Infinity:undefined:undefined:undefined:undefined":207,"s:956:40:956:Infinity":480,"s:956:56:956:Infinity":481,"s:957:40:957:Infinity":482,"b:962:44:962:Infinity:963:44:963:Infinity":208,"b:965:57:965:78:965:78:965:Infinity":209,"f:970:47:970:48":59,"s:971:40:971:Infinity":483,"b:972:40:972:Infinity:undefined:undefined:undefined:undefined":210,"s:972:40:972:Infinity":484,"s:972:56:972:Infinity":485,"s:973:40:973:Infinity":486,"b:978:44:978:Infinity:979:44:979:Infinity":211,"b:981:57:981:82:981:82:981:Infinity":212,"f:986:47:986:48":60,"s:987:40:987:Infinity":487,"b:988:40:988:Infinity:undefined:undefined:undefined:undefined":213,"s:988:40:988:Infinity":488,"s:988:56:988:Infinity":489,"s:989:40:989:Infinity":490,"b:994:44:994:Infinity:995:44:995:Infinity":214,"b:997:57:997:79:997:79:997:Infinity":215,"b:1004:33:1004:Infinity:1005:34:1041:Infinity":216,"f:1017:53:1017:54":61,"s:1018:61:1018:Infinity":491,"s:1019:59:1019:Infinity":492,"b:1021:42:1027:Infinity:1023:42:1027:Infinity":217,"s:1021:42:1027:Infinity":493,"s:1022:44:1022:Infinity":494,"b:1023:42:1027:Infinity:1025:49:1027:Infinity":218,"s:1023:42:1027:Infinity":495,"s:1024:44:1024:Infinity":496,"s:1026:44:1026:Infinity":497,"s:1029:42:1036:Infinity":498,"b:1031:107:1031:134:1031:134:1031:138":219,"b:1033:116:1033:158:1033:158:1033:162":220,"b:1034:114:1034:154:1034:154:1034:158":221,"b:1035:123:1035:165:1035:165:1035:169":222,"b:1060:16:1060:Infinity:1061:18:1104:Infinity":223,"b:1062:16:1102:Infinity:1104:16:1104:Infinity":224,"b:1061:18:1061:39:1061:39:1061:Infinity":225,"f:1074:45:1074:46":62,"s:1075:47:1075:Infinity":499,"b:1075:47:1075:71:1075:71:1075:Infinity":226,"s:1076:41:1076:Infinity":500,"b:1077:24:1078:Infinity:1077:72:1078:Infinity":227,"s:1077:24:1078:Infinity":501,"s:1077:59:1077:Infinity":502,"b:1077:72:1078:Infinity:undefined:undefined:undefined:undefined":228,"s:1077:72:1078:Infinity":503,"s:1078:68:1078:Infinity":504,"s:1080:24:1097:Infinity":505,"b:1082:71:1082:92:1082:92:1082:96":229,"b:1089:58:1089:101:1089:101:1089:Infinity":230,"b:1092:31:1092:50:1092:50:1092:Infinity":231,"b:1095:49:1095:94:1095:94:1095:Infinity":232,"b:1112:7:1112:Infinity:1113:8:1198:Infinity":233,"f:1116:23:1116:29":63,"s:1117:16:1117:Infinity":506,"s:1118:16:1118:Infinity":507,"f:1132:24:1132:25":64,"s:1132:31:1132:Infinity":508,"f:1138:25:1138:31":65,"s:1139:18:1139:Infinity":509,"s:1140:18:1140:Infinity":510,"f:1147:25:1147:37":66,"s:1148:31:1148:Infinity":511,"b:1149:18:1152:Infinity:undefined:undefined:undefined:undefined":234,"s:1149:18:1152:Infinity":512,"s:1150:20:1150:Infinity":513,"s:1151:20:1151:Infinity":514,"s:1153:36:1153:Infinity":515,"s:1155:18:1158:Infinity":516,"b:1160:18:1160:Infinity:undefined:undefined:undefined:undefined":235,"s:1160:18:1160:Infinity":517,"s:1160:53:1160:Infinity":518,"s:1161:31:1161:Infinity":519,"f:1161:31:1161:37":67,"s:1161:37:1161:Infinity":520,"s:1162:18:1162:Infinity":521,"s:1163:18:1163:Infinity":522,"s:1164:18:1164:Infinity":523,"s:1165:18:1165:Infinity":524,"s:1166:18:1166:Infinity":525,"s:1169:18:1190:Infinity":526,"s:1170:32:1179:Infinity":527,"b:1175:60:1175:82:1175:82:1175:Infinity":236,"b:1175:35:1175:46:1175:46:1175:60":237,"b:1175:89:1175:102:1175:102:1175:104":238,"b:1176:51:1176:70:1176:70:1176:Infinity":239,"b:1176:32:1176:40:1176:40:1176:51":240,"b:1176:77:1176:87:1176:87:1176:89":241,"s:1180:33:1180:Infinity":528,"b:1181:20:1187:Infinity:1183:27:1187:Infinity":242,"s:1181:20:1187:Infinity":529,"s:1182:22:1182:Infinity":530,"s:1184:22:1184:Infinity":531,"s:1186:22:1186:Infinity":532,"s:1189:20:1189:Infinity":533,"s:1205:0:1209:Infinity":534}}}
,"N:\\Sem-5\\IT314-Software Engineering\\Project\\newHG\\Hour-Glass\\Frontend\\src\\utils\\time.js": {"path":"N:\\Sem-5\\IT314-Software Engineering\\Project\\newHG\\Hour-Glass\\Frontend\\src\\utils\\time.js","statementMap":{"0":{"start":{"line":5,"column":12},"end":{"line":5,"column":53}},"1":{"start":{"line":6,"column":12},"end":{"line":6,"column":32}},"2":{"start":{"line":7,"column":12},"end":{"line":7,"column":39}},"3":{"start":{"line":8,"column":2},"end":{"line":8,"column":23}},"4":{"start":{"line":13,"column":12},"end":{"line":13,"column":53}},"5":{"start":{"line":14,"column":12},"end":{"line":14,"column":32}},"6":{"start":{"line":15,"column":12},"end":{"line":15,"column":39}},"7":{"start":{"line":16,"column":12},"end":{"line":16,"column":18}},"8":{"start":{"line":17,"column":14},"end":{"line":17,"column":47}},"9":{"start":{"line":17,"column":21},"end":{"line":17,"column":47}},"10":{"start":{"line":18,"column":2},"end":{"line":18,"column":41}},"11":{"start":{"line":23,"column":23},"end":{"line":23,"column":73}},"12":{"start":{"line":24,"column":12},"end":{"line":24,"column":41}},"13":{"start":{"line":25,"column":12},"end":{"line":25,"column":29}},"14":{"start":{"line":26,"column":2},"end":{"line":26,"column":23}}},"fnMap":{"0":{"name":"formatSecondsHm","decl":{"start":{"line":4,"column":16},"end":{"line":4,"column":31}},"loc":{"start":{"line":4,"column":37},"end":{"line":9,"column":1}},"line":4},"1":{"name":"formatSecondsHms","decl":{"start":{"line":12,"column":16},"end":{"line":12,"column":32}},"loc":{"start":{"line":12,"column":38},"end":{"line":19,"column":1}},"line":12},"2":{"name":"(anonymous_2)","decl":{"start":{"line":17,"column":14},"end":{"line":17,"column":15}},"loc":{"start":{"line":17,"column":21},"end":{"line":17,"column":47}},"line":17},"3":{"name":"formatHoursHm","decl":{"start":{"line":22,"column":16},"end":{"line":22,"column":29}},"loc":{"start":{"line":22,"column":37},"end":{"line":27,"column":1}},"line":22}},"branchMap":{"0":{"loc":{"start":{"line":5,"column":35},"end":{"line":5,"column":51}},"type":"binary-expr","locations":[{"start":{"line":5,"column":35},"end":{"line":5,"column":46}},{"start":{"line":5,"column":50},"end":{"line":5,"column":51}}],"line":5},"1":{"loc":{"start":{"line":13,"column":35},"end":{"line":13,"column":51}},"type":"binary-expr","locations":[{"start":{"line":13,"column":35},"end":{"line":13,"column":46}},{"start":{"line":13,"column":50},"end":{"line":13,"column":51}}],"line":13},"2":{"loc":{"start":{"line":23,"column":47},"end":{"line":23,"column":65}},"type":"binary-expr","locations":[{"start":{"line":23,"column":47},"end":{"line":23,"column":60}},{"start":{"line":23,"column":64},"end":{"line":23,"column":65}}],"line":23}},"s":{"0":106,"1":106,"2":106,"3":106,"4":0,"5":0,"6":0,"7":0,"8":0,"9":0,"10":0,"11":0,"12":0,"13":0,"14":0},"f":{"0":106,"1":0,"2":0,"3":0},"b":{"0":[106,3],"1":[0,0],"2":[0,0]},"meta":{"lastBranch":3,"lastFunction":4,"lastStatement":15,"seen":{"f:4:16:4:31":0,"s:5:12:5:53":0,"b:5:35:5:46:5:50:5:51":0,"s:6:12:6:32":1,"s:7:12:7:39":2,"s:8:2:8:23":3,"f:12:16:12:32":1,"s:13:12:13:53":4,"b:13:35:13:46:13:50:13:51":1,"s:14:12:14:32":5,"s:15:12:15:39":6,"s:16:12:16:18":7,"s:17:14:17:47":8,"f:17:14:17:15":2,"s:17:21:17:47":9,"s:18:2:18:41":10,"f:22:16:22:29":3,"s:23:23:23:73":11,"b:23:47:23:60:23:64:23:65":2,"s:24:12:24:41":12,"s:25:12:25:29":13,"s:26:2:26:23":14}}}
}
