<?xml version="1.0" encoding="UTF-8"?>
<coverage generated="1763334605675" clover="3.2.0">
  <project timestamp="1763334605675" name="All files">
    <metrics statements="15" coveredstatements="15" conditionals="9" coveredconditionals="9" methods="2" coveredmethods="2" elements="26" coveredelements="26" complexity="0" loc="15" ncloc="15" packages="1" files="1" classes="1"/>
    <file name="classificationService.js" path="/Users/rishabhjalu/Desktop/SE project/Hour-Glass/server/services/classificationService.js">
      <metrics statements="15" coveredstatements="15" conditionals="9" coveredconditionals="9" methods="2" coveredmethods="2"/>
      <line num="11" count="5" type="stmt"/>
      <line num="12" count="5" type="stmt"/>
      <line num="85" count="1" type="stmt"/>
      <line num="86" count="38" type="stmt"/>
      <line num="88" count="38" type="cond" truecount="2" falsecount="0"/>
      <line num="91" count="36" type="cond" truecount="3" falsecount="0"/>
      <line num="92" count="36" type="stmt"/>
      <line num="95" count="36" type="stmt"/>
      <line num="97" count="35" type="cond" truecount="2" falsecount="0"/>
      <line num="99" count="33" type="cond" truecount="2" falsecount="0"/>
      <line num="101" count="3" type="stmt"/>
      <line num="104" count="30" type="stmt"/>
      <line num="108" count="2" type="stmt"/>
      <line num="110" count="1" type="stmt"/>
      <line num="112" count="1" type="stmt"/>
    </file>
  </project>
</coverage>
