{"/Users/rishabhjalu/Desktop/SE project/Hour-Glass/server/services/classificationService.js": {"path":"/Users/rishabhjalu/Desktop/SE project/Hour-Glass/server/services/classificationService.js","statementMap":{"0":{"start":{"line":11,"column":2},"end":{"line":11,"column":84}},"1":{"start":{"line":12,"column":2},"end":{"line":12,"column":24}},"2":{"start":{"line":85,"column":32},"end":{"line":114,"column":1}},"3":{"start":{"line":86,"column":2},"end":{"line":113,"column":3}},"4":{"start":{"line":88,"column":4},"end":{"line":88,"column":38}},"5":{"start":{"line":88,"column":19},"end":{"line":88,"column":38}},"6":{"start":{"line":91,"column":31},"end":{"line":91,"column":81}},"7":{"start":{"line":92,"column":27},"end":{"line":92,"column":63}},"8":{"start":{"line":95,"column":17},"end":{"line":95,"column":78}},"9":{"start":{"line":97,"column":4},"end":{"line":105,"column":5}},"10":{"start":{"line":99,"column":6},"end":{"line":102,"column":7}},"11":{"start":{"line":101,"column":8},"end":{"line":101,"column":67}},"12":{"start":{"line":104,"column":6},"end":{"line":104,"column":33}},"13":{"start":{"line":108,"column":4},"end":{"line":108,"column":63}},"14":{"start":{"line":110,"column":4},"end":{"line":110,"column":89}},"15":{"start":{"line":112,"column":4},"end":{"line":112,"column":26}}},"fnMap":{"0":{"name":"getAIClassification","decl":{"start":{"line":8,"column":15},"end":{"line":8,"column":34}},"loc":{"start":{"line":8,"column":61},"end":{"line":78,"column":1}},"line":8},"1":{"name":"(anonymous_1)","decl":{"start":{"line":85,"column":32},"end":{"line":85,"column":33}},"loc":{"start":{"line":85,"column":52},"end":{"line":114,"column":1}},"line":85}},"branchMap":{"0":{"loc":{"start":{"line":88,"column":4},"end":{"line":88,"column":38}},"type":"if","locations":[{"start":{"line":88,"column":4},"end":{"line":88,"column":38}},{"start":{},"end":{}}],"line":88},"1":{"loc":{"start":{"line":91,"column":31},"end":{"line":91,"column":81}},"type":"binary-expr","locations":[{"start":{"line":91,"column":31},"end":{"line":91,"column":47}},{"start":{"line":91,"column":51},"end":{"line":91,"column":68}},{"start":{"line":91,"column":72},"end":{"line":91,"column":81}}],"line":91},"2":{"loc":{"start":{"line":97,"column":4},"end":{"line":105,"column":5}},"type":"if","locations":[{"start":{"line":97,"column":4},"end":{"line":105,"column":5}},{"start":{},"end":{}}],"line":97},"3":{"loc":{"start":{"line":99,"column":6},"end":{"line":102,"column":7}},"type":"if","locations":[{"start":{"line":99,"column":6},"end":{"line":102,"column":7}},{"start":{},"end":{}}],"line":99}},"s":{"0":5,"1":5,"2":1,"3":38,"4":38,"5":2,"6":36,"7":36,"8":36,"9":35,"10":33,"11":3,"12":30,"13":2,"14":1,"15":1},"f":{"0":5,"1":38},"b":{"0":[2,36],"1":[36,2,1],"2":[33,2],"3":[3,30]},"inputSourceMap":null,"_coverageSchema":"1a1c01bbd47fc00a2c39e90264f33305004495a9","hash":"1d7c31105cd495582491a3b0337806c5bf64f724"}
}
